2020-02-20 02:11:47.652 [TransportPool housekeeper] [] WARN  com.zaxxer.hikari.pool.HikariPool - TransportPool - Thread starvation or clock leap detected (housekeeper delta=3h29s246ms124탎700ns).
2020-02-20 09:22:57.295 [TransportPool housekeeper] [] WARN  com.zaxxer.hikari.pool.HikariPool - TransportPool - Thread starvation or clock leap detected (housekeeper delta=7h11m32s49ms664탎800ns).
2020-02-20 11:15:30.981 [TransportPool housekeeper] [] WARN  com.zaxxer.hikari.pool.HikariPool - TransportPool - Thread starvation or clock leap detected (housekeeper delta=6m339ms982탎600ns).
2020-02-20 12:28:09.020 [http-nio-8181-exec-3] [] INFO  c.t.filter.TransportSecurityFilter - TransportSecurityFilter : Transport transaction initiated with Transaction Id 47f96fc0-1ea9-4384-9e6f-aad88518ed87 request method POST
2020-02-20 12:28:09.104 [http-nio-8181-exec-3] [47f96fc0-1ea9-4384-9e6f-aad88518ed87] INFO  c.t.filter.TransportSecurityFilter - Transport Security filter : path /trspt/api/v1/saveQuote resource path http://localhost:8182/trspt/api/v1/saveQuote
2020-02-20 12:29:26.476 [http-nio-8181-exec-5] [] INFO  c.t.filter.TransportSecurityFilter - TransportSecurityFilter : Transport transaction initiated with Transaction Id 900b1306-cce7-487c-ab77-fc6c38c964a6 request method POST
2020-02-20 12:29:26.500 [http-nio-8181-exec-5] [900b1306-cce7-487c-ab77-fc6c38c964a6] INFO  c.t.filter.TransportSecurityFilter - Transport Security filter : path /trspt/api/v1/saveQuote resource path http://localhost:8182/trspt/api/v1/saveQuote
2020-02-20 12:30:13.193 [http-nio-8181-exec-8] [] INFO  c.t.filter.TransportSecurityFilter - TransportSecurityFilter : Transport transaction initiated with Transaction Id 1421b945-5dc5-49db-9922-c2b64d73a8c4 request method POST
2020-02-20 12:30:13.193 [http-nio-8181-exec-8] [1421b945-5dc5-49db-9922-c2b64d73a8c4] INFO  c.t.filter.TransportSecurityFilter - Transport Security filter : path /trspt/api/v1/saveQuote resource path http://localhost:8182/trspt/api/v1/saveQuote
2020-02-20 12:35:41.711 [main] [] INFO  c.t.TransportSecurityApplication - Starting TransportSecurityApplication on DESKTOP-E99KESB with PID 15724 (C:\Users\CST\Desktop\transport\TransportNew\TransportSecurityApp\bin\main started by CST in C:\Users\CST\Desktop\transport\TransportNew\TransportSecurityApp)
2020-02-20 12:35:41.719 [main] [] DEBUG c.t.TransportSecurityApplication - Running with Spring Boot v1.5.20.RELEASE, Spring v4.3.23.RELEASE
2020-02-20 12:35:41.719 [main] [] INFO  c.t.TransportSecurityApplication - The following profiles are active: TEST
2020-02-20 12:35:42.485 [main] [] INFO  o.s.b.c.e.AnnotationConfigEmbeddedWebApplicationContext - Refreshing org.springframework.boot.context.embedded.AnnotationConfigEmbeddedWebApplicationContext@149e0f5d: startup date [Thu Feb 20 12:35:42 IST 2020]; root of context hierarchy
2020-02-20 12:35:42.611 [background-preinit] [] INFO  o.h.validator.internal.util.Version - HV000001: Hibernate Validator 5.3.6.Final
2020-02-20 12:35:46.423 [main] [] INFO  o.s.c.s.PostProcessorRegistrationDelegate$BeanPostProcessorChecker - Bean 'org.springframework.ws.config.annotation.DelegatingWsConfiguration' of type [org.springframework.ws.config.annotation.DelegatingWsConfiguration$$EnhancerBySpringCGLIB$$6b4b43a1] is not eligible for getting processed by all BeanPostProcessors (for example: not eligible for auto-proxying)
2020-02-20 12:35:46.539 [main] [] INFO  o.s.w.s.a.s.AnnotationActionEndpointMapping - Supporting [WS-Addressing August 2004, WS-Addressing 1.0]
2020-02-20 12:35:46.623 [main] [] INFO  o.s.c.s.PostProcessorRegistrationDelegate$BeanPostProcessorChecker - Bean 'org.springframework.transaction.annotation.ProxyTransactionManagementConfiguration' of type [org.springframework.transaction.annotation.ProxyTransactionManagementConfiguration$$EnhancerBySpringCGLIB$$c6b37ea2] is not eligible for getting processed by all BeanPostProcessors (for example: not eligible for auto-proxying)
2020-02-20 12:35:47.742 [main] [] INFO  o.s.b.c.e.t.TomcatEmbeddedServletContainer - Tomcat initialized with port(s): 8181 (http)
2020-02-20 12:35:47.776 [main] [] INFO  o.a.coyote.http11.Http11NioProtocol - Initializing ProtocolHandler ["http-nio-8181"]
2020-02-20 12:35:47.836 [main] [] INFO  o.a.catalina.core.StandardService - Starting service [Tomcat]
2020-02-20 12:35:47.836 [main] [] INFO  o.a.catalina.core.StandardEngine - Starting Servlet Engine: Apache Tomcat/8.5.39
2020-02-20 12:35:48.136 [localhost-startStop-1] [] INFO  o.a.c.c.C.[Tomcat].[localhost].[/] - Initializing Spring embedded WebApplicationContext
2020-02-20 12:35:48.141 [localhost-startStop-1] [] INFO  o.s.web.context.ContextLoader - Root WebApplicationContext: initialization completed in 5656 ms
2020-02-20 12:35:49.433 [localhost-startStop-1] [] INFO  o.s.b.w.s.ServletRegistrationBean - Mapping servlet: 'dispatcherServlet' to [/]
2020-02-20 12:35:49.436 [localhost-startStop-1] [] INFO  o.s.b.w.s.ServletRegistrationBean - Mapping servlet: 'messageDispatcherServlet' to [/services/*]
2020-02-20 12:35:49.440 [localhost-startStop-1] [] INFO  o.s.b.w.s.FilterRegistrationBean - Mapping filter: 'characterEncodingFilter' to: [/*]
2020-02-20 12:35:49.440 [localhost-startStop-1] [] INFO  o.s.b.w.s.FilterRegistrationBean - Mapping filter: 'hiddenHttpMethodFilter' to: [/*]
2020-02-20 12:35:49.444 [localhost-startStop-1] [] INFO  o.s.b.w.s.FilterRegistrationBean - Mapping filter: 'httpPutFormContentFilter' to: [/*]
2020-02-20 12:35:49.444 [localhost-startStop-1] [] INFO  o.s.b.w.s.FilterRegistrationBean - Mapping filter: 'requestContextFilter' to: [/*]
2020-02-20 12:35:49.444 [localhost-startStop-1] [] INFO  o.s.b.w.s.FilterRegistrationBean - Mapping filter: 'transportSecurityFilter' to: [/*]
2020-02-20 12:35:49.501 [localhost-startStop-1] [] INFO  c.t.filter.TransportSecurityFilter - TransportSecurityFilter : Initialized.........
2020-02-20 12:35:49.660 [main] [] INFO  com.zaxxer.hikari.HikariDataSource - TransportPool - Started.
2020-02-20 12:35:54.031 [main] [] INFO  o.s.o.j.LocalContainerEntityManagerFactoryBean - Building JPA container EntityManagerFactory for persistence unit 'default'
2020-02-20 12:35:54.037 [main] [] INFO  o.h.jpa.internal.util.LogHelper - HHH000204: Processing PersistenceUnitInfo [
	name: default
	...]
2020-02-20 12:35:54.132 [main] [] INFO  org.hibernate.Version - HHH000412: Hibernate Core {5.0.12.Final}
2020-02-20 12:35:54.132 [main] [] INFO  org.hibernate.cfg.Environment - HHH000206: hibernate.properties not found
2020-02-20 12:35:54.147 [main] [] INFO  org.hibernate.cfg.Environment - HHH000021: Bytecode provider name : javassist
2020-02-20 12:35:54.216 [main] [] INFO  o.h.annotations.common.Version - HCANN000001: Hibernate Commons Annotations {5.0.1.Final}
2020-02-20 12:35:54.771 [main] [] INFO  org.hibernate.dialect.Dialect - HHH000400: Using dialect: org.hibernate.dialect.MySQL5Dialect
2020-02-20 12:35:55.555 [main] [] INFO  o.s.o.j.LocalContainerEntityManagerFactoryBean - Initialized JPA EntityManagerFactory for persistence unit 'default'
2020-02-20 12:35:56.195 [main] [] INFO  o.h.h.i.QueryTranslatorFactoryInitiator - HHH000397: Using ASTQueryTranslatorFactory
2020-02-20 12:35:58.307 [main] [] INFO  o.s.w.s.m.m.a.RequestMappingHandlerAdapter - Looking for @ControllerAdvice: org.springframework.boot.context.embedded.AnnotationConfigEmbeddedWebApplicationContext@149e0f5d: startup date [Thu Feb 20 12:35:42 IST 2020]; root of context hierarchy
2020-02-20 12:35:58.468 [main] [] INFO  o.s.w.s.m.m.a.RequestMappingHandlerMapping - Mapped "{[/trspt/api/v1/uploadDocs],methods=[POST],produces=[application/json]}" onto private com.transport.response.TransportResponse com.transport.controller.KYCDocsController.uploadDocs(com.transport.bean.KYCDetails,javax.servlet.http.HttpServletRequest) throws com.transport.exception.MailExistsException,com.transport.exception.UserNameExistsException,com.transport.exception.TransportException
2020-02-20 12:35:58.472 [main] [] INFO  o.s.w.s.m.m.a.RequestMappingHandlerMapping - Mapped "{[/trspt/api/v1/setPassword],methods=[POST],produces=[application/json]}" onto private com.transport.response.TransportResponse com.transport.controller.TransportSecurityController.setPassword(com.transport.bean.SetPassword) throws com.transport.exception.PasswordMismatchException
2020-02-20 12:35:58.476 [main] [] INFO  o.s.w.s.m.m.a.RequestMappingHandlerMapping - Mapped "{[/trspt/api/v1/forgotPassword],methods=[POST],produces=[application/json]}" onto private com.transport.response.TransportResponse com.transport.controller.TransportSecurityController.forgotPassword(com.transport.bean.ForgotPassword,javax.servlet.http.HttpServletRequest) throws com.transport.exception.InvalidMaildId
2020-02-20 12:35:58.476 [main] [] INFO  o.s.w.s.m.m.a.RequestMappingHandlerMapping - Mapped "{[/trspt/api/v1/validateCustomerOTP],methods=[POST],produces=[application/json]}" onto private com.transport.response.LoginResult com.transport.controller.TransportSecurityController.validateOTP(com.transport.bean.UserOTPReq) throws com.transport.exception.MailExistsException,com.transport.exception.UserNameExistsException,com.transport.exception.TransportException,com.transport.exception.InvalidMaildId,com.transport.exception.ResendOTPFailed,com.transport.exception.SendOTPFailed,com.transport.exception.OTPExpiredException,com.transport.exception.InvalidOTP,com.transport.exception.TransportDAOException
2020-02-20 12:35:58.476 [main] [] INFO  o.s.w.s.m.m.a.RequestMappingHandlerMapping - Mapped "{[/trspt/api/v1/driver/login],methods=[POST],produces=[application/json]}" onto private com.transport.response.DriverLoginResponse com.transport.controller.TransportSecurityController.driverLogin(com.transport.bean.DriverLoginReq) throws com.transport.exception.UserNameExistsException,com.transport.exception.TransportException,com.transport.exception.InvalidMaildId,com.transport.exception.LoginFailedException,com.transport.exception.TransportDAOException,com.transport.exception.InvalidAccount,com.transport.exception.SendOTPFailed
2020-02-20 12:35:58.476 [main] [] INFO  o.s.w.s.m.m.a.RequestMappingHandlerMapping - Mapped "{[/trspt/api/v1/driver/register],methods=[POST],produces=[application/json]}" onto private com.transport.response.TransportResponse com.transport.controller.TransportSecurityController.registerDriver(com.transport.model.UserRegistration) throws com.transport.exception.MailExistsException,com.transport.exception.UserNameExistsException,com.transport.exception.TransportException
2020-02-20 12:35:58.476 [main] [] INFO  o.s.w.s.m.m.a.RequestMappingHandlerMapping - Mapped "{[/trspt/api/v1/resendOTP],methods=[POST],produces=[application/json]}" onto private com.transport.response.TransportResponse com.transport.controller.TransportSecurityController.resendOTP(com.transport.bean.UserOTPReq) throws com.transport.exception.MailExistsException,com.transport.exception.UserNameExistsException,com.transport.exception.TransportException,com.transport.exception.InvalidMaildId,com.transport.exception.ResendOTPFailed,com.transport.exception.SendOTPFailed
2020-02-20 12:35:58.476 [main] [] INFO  o.s.w.s.m.m.a.RequestMappingHandlerMapping - Mapped "{[/trspt/api/v1/customer/login],methods=[POST],produces=[application/json]}" onto private com.transport.response.TransportResponse com.transport.controller.TransportSecurityController.loginCustomer(com.transport.bean.LoginRequest) throws com.transport.exception.UserNameExistsException,com.transport.exception.TransportException,com.transport.exception.InvalidMaildId,com.transport.exception.LoginFailedException,com.transport.exception.TransportDAOException,com.transport.exception.InvalidAccount,com.transport.exception.SendOTPFailed
2020-02-20 12:35:58.480 [main] [] INFO  o.s.w.s.m.m.a.RequestMappingHandlerMapping - Mapped "{[/trspt/api/v1/validateDriverOTP],methods=[POST],produces=[application/json]}" onto private com.transport.response.OTPResponse com.transport.controller.TransportSecurityController.validateDriverOTP(com.transport.bean.DriverOTPReq) throws com.transport.exception.MailExistsException,com.transport.exception.UserNameExistsException,com.transport.exception.TransportException,com.transport.exception.InvalidMaildId,com.transport.exception.TransportDAOException,com.transport.exception.LoginFailedException,com.transport.exception.OTPExpiredException,com.transport.exception.InvalidOTP
2020-02-20 12:35:58.480 [main] [] INFO  o.s.w.s.m.m.a.RequestMappingHandlerMapping - Mapped "{[/error]}" onto public org.springframework.http.ResponseEntity<java.util.Map<java.lang.String, java.lang.Object>> org.springframework.boot.autoconfigure.web.BasicErrorController.error(javax.servlet.http.HttpServletRequest)
2020-02-20 12:35:58.480 [main] [] INFO  o.s.w.s.m.m.a.RequestMappingHandlerMapping - Mapped "{[/error],produces=[text/html]}" onto public org.springframework.web.servlet.ModelAndView org.springframework.boot.autoconfigure.web.BasicErrorController.errorHtml(javax.servlet.http.HttpServletRequest,javax.servlet.http.HttpServletResponse)
2020-02-20 12:35:58.528 [main] [] INFO  o.s.w.s.h.SimpleUrlHandlerMapping - Mapped URL path [/webjars/**] onto handler of type [class org.springframework.web.servlet.resource.ResourceHttpRequestHandler]
2020-02-20 12:35:58.528 [main] [] INFO  o.s.w.s.h.SimpleUrlHandlerMapping - Mapped URL path [/**] onto handler of type [class org.springframework.web.servlet.resource.ResourceHttpRequestHandler]
2020-02-20 12:35:58.564 [main] [] INFO  o.s.w.s.m.m.a.ExceptionHandlerExceptionResolver - Detected @ExceptionHandler methods in transportControllAdvice
2020-02-20 12:35:58.564 [main] [] INFO  o.s.w.s.m.m.a.ExceptionHandlerExceptionResolver - Detected @ExceptionHandler methods in repositoryRestExceptionHandler
2020-02-20 12:35:58.728 [main] [] INFO  o.s.w.s.h.SimpleUrlHandlerMapping - Mapped URL path [/**/favicon.ico] onto handler of type [class org.springframework.web.servlet.resource.ResourceHttpRequestHandler]
2020-02-20 12:35:59.076 [main] [] INFO  o.s.d.r.w.RepositoryRestHandlerAdapter - Looking for @ControllerAdvice: org.springframework.boot.context.embedded.AnnotationConfigEmbeddedWebApplicationContext@149e0f5d: startup date [Thu Feb 20 12:35:42 IST 2020]; root of context hierarchy
2020-02-20 12:35:59.100 [main] [] INFO  o.s.d.r.w.RepositoryRestHandlerMapping - Mapped "{[/{repository}],methods=[OPTIONS],produces=[application/hal+json || application/json]}" onto public org.springframework.http.ResponseEntity<?> org.springframework.data.rest.webmvc.RepositoryEntityController.optionsForCollectionResource(org.springframework.data.rest.webmvc.RootResourceInformation)
2020-02-20 12:35:59.100 [main] [] INFO  o.s.d.r.w.RepositoryRestHandlerMapping - Mapped "{[/{repository}/{id}],methods=[HEAD],produces=[application/hal+json || application/json]}" onto public org.springframework.http.ResponseEntity<?> org.springframework.data.rest.webmvc.RepositoryEntityController.headForItemResource(org.springframework.data.rest.webmvc.RootResourceInformation,java.io.Serializable,org.springframework.data.rest.webmvc.PersistentEntityResourceAssembler) throws org.springframework.web.HttpRequestMethodNotSupportedException
2020-02-20 12:35:59.100 [main] [] INFO  o.s.d.r.w.RepositoryRestHandlerMapping - Mapped "{[/{repository}],methods=[POST],produces=[application/hal+json || application/json]}" onto public org.springframework.http.ResponseEntity<org.springframework.hateoas.ResourceSupport> org.springframework.data.rest.webmvc.RepositoryEntityController.postCollectionResource(org.springframework.data.rest.webmvc.RootResourceInformation,org.springframework.data.rest.webmvc.PersistentEntityResource,org.springframework.data.rest.webmvc.PersistentEntityResourceAssembler,java.lang.String) throws org.springframework.web.HttpRequestMethodNotSupportedException
2020-02-20 12:35:59.100 [main] [] INFO  o.s.d.r.w.RepositoryRestHandlerMapping - Mapped "{[/{repository}],methods=[HEAD],produces=[application/hal+json || application/json]}" onto public org.springframework.http.ResponseEntity<?> org.springframework.data.rest.webmvc.RepositoryEntityController.headCollectionResource(org.springframework.data.rest.webmvc.RootResourceInformation,org.springframework.data.rest.webmvc.support.DefaultedPageable) throws org.springframework.web.HttpRequestMethodNotSupportedException
2020-02-20 12:35:59.100 [main] [] INFO  o.s.d.r.w.RepositoryRestHandlerMapping - Mapped "{[/{repository}/{id}],methods=[DELETE],produces=[application/hal+json || application/json]}" onto public org.springframework.http.ResponseEntity<?> org.springframework.data.rest.webmvc.RepositoryEntityController.deleteItemResource(org.springframework.data.rest.webmvc.RootResourceInformation,java.io.Serializable,org.springframework.data.rest.webmvc.support.ETag) throws org.springframework.data.rest.webmvc.ResourceNotFoundException,org.springframework.web.HttpRequestMethodNotSupportedException
2020-02-20 12:35:59.100 [main] [] INFO  o.s.d.r.w.RepositoryRestHandlerMapping - Mapped "{[/{repository}/{id}],methods=[PATCH],produces=[application/hal+json || application/json]}" onto public org.springframework.http.ResponseEntity<org.springframework.hateoas.ResourceSupport> org.springframework.data.rest.webmvc.RepositoryEntityController.patchItemResource(org.springframework.data.rest.webmvc.RootResourceInformation,org.springframework.data.rest.webmvc.PersistentEntityResource,java.io.Serializable,org.springframework.data.rest.webmvc.PersistentEntityResourceAssembler,org.springframework.data.rest.webmvc.support.ETag,java.lang.String) throws org.springframework.web.HttpRequestMethodNotSupportedException,org.springframework.data.rest.webmvc.ResourceNotFoundException
2020-02-20 12:35:59.100 [main] [] INFO  o.s.d.r.w.RepositoryRestHandlerMapping - Mapped "{[/{repository}],methods=[GET],produces=[application/hal+json || application/json]}" onto public org.springframework.hateoas.Resources<?> org.springframework.data.rest.webmvc.RepositoryEntityController.getCollectionResource(org.springframework.data.rest.webmvc.RootResourceInformation,org.springframework.data.rest.webmvc.support.DefaultedPageable,org.springframework.data.domain.Sort,org.springframework.data.rest.webmvc.PersistentEntityResourceAssembler) throws org.springframework.data.rest.webmvc.ResourceNotFoundException,org.springframework.web.HttpRequestMethodNotSupportedException
2020-02-20 12:35:59.104 [main] [] INFO  o.s.d.r.w.RepositoryRestHandlerMapping - Mapped "{[/{repository}/{id}],methods=[OPTIONS],produces=[application/hal+json || application/json]}" onto public org.springframework.http.ResponseEntity<?> org.springframework.data.rest.webmvc.RepositoryEntityController.optionsForItemResource(org.springframework.data.rest.webmvc.RootResourceInformation)
2020-02-20 12:35:59.104 [main] [] INFO  o.s.d.r.w.RepositoryRestHandlerMapping - Mapped "{[/{repository}],methods=[GET],produces=[application/x-spring-data-compact+json || text/uri-list]}" onto public org.springframework.hateoas.Resources<?> org.springframework.data.rest.webmvc.RepositoryEntityController.getCollectionResourceCompact(org.springframework.data.rest.webmvc.RootResourceInformation,org.springframework.data.rest.webmvc.support.DefaultedPageable,org.springframework.data.domain.Sort,org.springframework.data.rest.webmvc.PersistentEntityResourceAssembler) throws org.springframework.data.rest.webmvc.ResourceNotFoundException,org.springframework.web.HttpRequestMethodNotSupportedException
2020-02-20 12:35:59.104 [main] [] INFO  o.s.d.r.w.RepositoryRestHandlerMapping - Mapped "{[/{repository}/{id}],methods=[PUT],produces=[application/hal+json || application/json]}" onto public org.springframework.http.ResponseEntity<? extends org.springframework.hateoas.ResourceSupport> org.springframework.data.rest.webmvc.RepositoryEntityController.putItemResource(org.springframework.data.rest.webmvc.RootResourceInformation,org.springframework.data.rest.webmvc.PersistentEntityResource,java.io.Serializable,org.springframework.data.rest.webmvc.PersistentEntityResourceAssembler,org.springframework.data.rest.webmvc.support.ETag,java.lang.String) throws org.springframework.web.HttpRequestMethodNotSupportedException
2020-02-20 12:35:59.104 [main] [] INFO  o.s.d.r.w.RepositoryRestHandlerMapping - Mapped "{[/{repository}/{id}],methods=[GET],produces=[application/hal+json || application/json]}" onto public org.springframework.http.ResponseEntity<org.springframework.hateoas.Resource<?>> org.springframework.data.rest.webmvc.RepositoryEntityController.getItemResource(org.springframework.data.rest.webmvc.RootResourceInformation,java.io.Serializable,org.springframework.data.rest.webmvc.PersistentEntityResourceAssembler,org.springframework.http.HttpHeaders) throws org.springframework.web.HttpRequestMethodNotSupportedException
2020-02-20 12:35:59.108 [main] [] INFO  o.s.d.r.w.RepositoryRestHandlerMapping - Mapped "{[/{repository}/{id}/{property}],methods=[DELETE],produces=[application/hal+json || application/json]}" onto public org.springframework.http.ResponseEntity<? extends org.springframework.hateoas.ResourceSupport> org.springframework.data.rest.webmvc.RepositoryPropertyReferenceController.deletePropertyReference(org.springframework.data.rest.webmvc.RootResourceInformation,java.io.Serializable,java.lang.String) throws java.lang.Exception
2020-02-20 12:35:59.108 [main] [] INFO  o.s.d.r.w.RepositoryRestHandlerMapping - Mapped "{[/{repository}/{id}/{property}],methods=[GET],produces=[application/x-spring-data-compact+json || text/uri-list]}" onto public org.springframework.http.ResponseEntity<org.springframework.hateoas.ResourceSupport> org.springframework.data.rest.webmvc.RepositoryPropertyReferenceController.followPropertyReferenceCompact(org.springframework.data.rest.webmvc.RootResourceInformation,java.io.Serializable,java.lang.String,org.springframework.data.rest.webmvc.PersistentEntityResourceAssembler) throws java.lang.Exception
2020-02-20 12:35:59.108 [main] [] INFO  o.s.d.r.w.RepositoryRestHandlerMapping - Mapped "{[/{repository}/{id}/{property}],methods=[PATCH || PUT || POST],consumes=[application/json || application/x-spring-data-compact+json || text/uri-list],produces=[application/hal+json || application/json]}" onto public org.springframework.http.ResponseEntity<? extends org.springframework.hateoas.ResourceSupport> org.springframework.data.rest.webmvc.RepositoryPropertyReferenceController.createPropertyReference(org.springframework.data.rest.webmvc.RootResourceInformation,org.springframework.http.HttpMethod,org.springframework.hateoas.Resources<java.lang.Object>,java.io.Serializable,java.lang.String) throws java.lang.Exception
2020-02-20 12:35:59.108 [main] [] INFO  o.s.d.r.w.RepositoryRestHandlerMapping - Mapped "{[/{repository}/{id}/{property}/{propertyId}],methods=[GET],produces=[application/hal+json || application/json]}" onto public org.springframework.http.ResponseEntity<org.springframework.hateoas.ResourceSupport> org.springframework.data.rest.webmvc.RepositoryPropertyReferenceController.followPropertyReference(org.springframework.data.rest.webmvc.RootResourceInformation,java.io.Serializable,java.lang.String,java.lang.String,org.springframework.data.rest.webmvc.PersistentEntityResourceAssembler) throws java.lang.Exception
2020-02-20 12:35:59.108 [main] [] INFO  o.s.d.r.w.RepositoryRestHandlerMapping - Mapped "{[/{repository}/{id}/{property}],methods=[GET],produces=[application/hal+json || application/json]}" onto public org.springframework.http.ResponseEntity<org.springframework.hateoas.ResourceSupport> org.springframework.data.rest.webmvc.RepositoryPropertyReferenceController.followPropertyReference(org.springframework.data.rest.webmvc.RootResourceInformation,java.io.Serializable,java.lang.String,org.springframework.data.rest.webmvc.PersistentEntityResourceAssembler) throws java.lang.Exception
2020-02-20 12:35:59.108 [main] [] INFO  o.s.d.r.w.RepositoryRestHandlerMapping - Mapped "{[/{repository}/{id}/{property}/{propertyId}],methods=[DELETE],produces=[application/hal+json || application/json]}" onto public org.springframework.http.ResponseEntity<org.springframework.hateoas.ResourceSupport> org.springframework.data.rest.webmvc.RepositoryPropertyReferenceController.deletePropertyReferenceId(org.springframework.data.rest.webmvc.RootResourceInformation,java.io.Serializable,java.lang.String,java.lang.String) throws java.lang.Exception
2020-02-20 12:35:59.112 [main] [] INFO  o.s.d.r.w.RepositoryRestHandlerMapping - Mapped "{[/{repository}/search],methods=[OPTIONS],produces=[application/hal+json || application/json]}" onto public org.springframework.http.HttpEntity<?> org.springframework.data.rest.webmvc.RepositorySearchController.optionsForSearches(org.springframework.data.rest.webmvc.RootResourceInformation)
2020-02-20 12:35:59.112 [main] [] INFO  o.s.d.r.w.RepositoryRestHandlerMapping - Mapped "{[/{repository}/search/{search}],methods=[GET],produces=[application/x-spring-data-compact+json]}" onto public org.springframework.hateoas.ResourceSupport org.springframework.data.rest.webmvc.RepositorySearchController.executeSearchCompact(org.springframework.data.rest.webmvc.RootResourceInformation,org.springframework.http.HttpHeaders,org.springframework.util.MultiValueMap<java.lang.String, java.lang.Object>,java.lang.String,java.lang.String,org.springframework.data.rest.webmvc.support.DefaultedPageable,org.springframework.data.domain.Sort,org.springframework.data.rest.webmvc.PersistentEntityResourceAssembler)
2020-02-20 12:35:59.112 [main] [] INFO  o.s.d.r.w.RepositoryRestHandlerMapping - Mapped "{[/{repository}/search],methods=[HEAD],produces=[application/hal+json || application/json]}" onto public org.springframework.http.HttpEntity<?> org.springframework.data.rest.webmvc.RepositorySearchController.headForSearches(org.springframework.data.rest.webmvc.RootResourceInformation)
2020-02-20 12:35:59.112 [main] [] INFO  o.s.d.r.w.RepositoryRestHandlerMapping - Mapped "{[/{repository}/search],methods=[GET],produces=[application/hal+json || application/json]}" onto public org.springframework.data.rest.webmvc.RepositorySearchesResource org.springframework.data.rest.webmvc.RepositorySearchController.listSearches(org.springframework.data.rest.webmvc.RootResourceInformation)
2020-02-20 12:35:59.112 [main] [] INFO  o.s.d.r.w.RepositoryRestHandlerMapping - Mapped "{[/{repository}/search/{search}],methods=[GET],produces=[application/hal+json || application/json]}" onto public org.springframework.http.ResponseEntity<?> org.springframework.data.rest.webmvc.RepositorySearchController.executeSearch(org.springframework.data.rest.webmvc.RootResourceInformation,org.springframework.util.MultiValueMap<java.lang.String, java.lang.Object>,java.lang.String,org.springframework.data.rest.webmvc.support.DefaultedPageable,org.springframework.data.domain.Sort,org.springframework.data.rest.webmvc.PersistentEntityResourceAssembler,org.springframework.http.HttpHeaders)
2020-02-20 12:35:59.112 [main] [] INFO  o.s.d.r.w.RepositoryRestHandlerMapping - Mapped "{[/{repository}/search/{search}],methods=[OPTIONS],produces=[application/hal+json || application/json]}" onto public org.springframework.http.ResponseEntity<java.lang.Object> org.springframework.data.rest.webmvc.RepositorySearchController.optionsForSearch(org.springframework.data.rest.webmvc.RootResourceInformation,java.lang.String)
2020-02-20 12:35:59.112 [main] [] INFO  o.s.d.r.w.RepositoryRestHandlerMapping - Mapped "{[/{repository}/search/{search}],methods=[HEAD],produces=[application/hal+json || application/json]}" onto public org.springframework.http.ResponseEntity<java.lang.Object> org.springframework.data.rest.webmvc.RepositorySearchController.headForSearch(org.springframework.data.rest.webmvc.RootResourceInformation,java.lang.String)
2020-02-20 12:35:59.116 [main] [] INFO  o.s.d.r.w.RepositoryRestHandlerMapping - Mapped "{[/ || ],methods=[OPTIONS],produces=[application/hal+json || application/json]}" onto public org.springframework.http.HttpEntity<?> org.springframework.data.rest.webmvc.RepositoryController.optionsForRepositories()
2020-02-20 12:35:59.116 [main] [] INFO  o.s.d.r.w.RepositoryRestHandlerMapping - Mapped "{[/ || ],methods=[HEAD],produces=[application/hal+json || application/json]}" onto public org.springframework.http.ResponseEntity<?> org.springframework.data.rest.webmvc.RepositoryController.headForRepositories()
2020-02-20 12:35:59.116 [main] [] INFO  o.s.d.r.w.RepositoryRestHandlerMapping - Mapped "{[/ || ],methods=[GET],produces=[application/hal+json || application/json]}" onto public org.springframework.http.HttpEntity<org.springframework.data.rest.webmvc.RepositoryLinksResource> org.springframework.data.rest.webmvc.RepositoryController.listRepositories()
2020-02-20 12:35:59.120 [main] [] INFO  o.s.d.r.w.BasePathAwareHandlerMapping - Mapped "{[/profile],methods=[GET]}" onto org.springframework.http.HttpEntity<org.springframework.hateoas.ResourceSupport> org.springframework.data.rest.webmvc.ProfileController.listAllFormsOfMetadata()
2020-02-20 12:35:59.120 [main] [] INFO  o.s.d.r.w.BasePathAwareHandlerMapping - Mapped "{[/profile],methods=[OPTIONS]}" onto public org.springframework.http.HttpEntity<?> org.springframework.data.rest.webmvc.ProfileController.profileOptions()
2020-02-20 12:35:59.124 [main] [] INFO  o.s.d.r.w.BasePathAwareHandlerMapping - Mapped "{[/profile/{repository}],methods=[GET],produces=[application/alps+json || */*]}" onto org.springframework.http.HttpEntity<org.springframework.data.rest.webmvc.RootResourceInformation> org.springframework.data.rest.webmvc.alps.AlpsController.descriptor(org.springframework.data.rest.webmvc.RootResourceInformation)
2020-02-20 12:35:59.124 [main] [] INFO  o.s.d.r.w.BasePathAwareHandlerMapping - Mapped "{[/profile/{repository}],methods=[OPTIONS],produces=[application/alps+json]}" onto org.springframework.http.HttpEntity<?> org.springframework.data.rest.webmvc.alps.AlpsController.alpsOptions()
2020-02-20 12:35:59.124 [main] [] INFO  o.s.d.r.w.BasePathAwareHandlerMapping - Mapped "{[/profile/{repository}],methods=[GET],produces=[application/schema+json]}" onto public org.springframework.http.HttpEntity<org.springframework.data.rest.webmvc.json.JsonSchema> org.springframework.data.rest.webmvc.RepositorySchemaController.schema(org.springframework.data.rest.webmvc.RootResourceInformation)
2020-02-20 12:35:59.420 [main] [] INFO  o.s.j.e.a.AnnotationMBeanExporter - Registering beans for JMX exposure on startup
2020-02-20 12:35:59.424 [main] [] INFO  o.s.j.e.a.AnnotationMBeanExporter - Bean with name 'dataSourceContextSource' has been autodetected for JMX exposure
2020-02-20 12:35:59.432 [main] [] INFO  o.s.j.e.a.AnnotationMBeanExporter - Located MBean 'dataSourceContextSource': registering with JMX server as MBean [com.zaxxer.hikari:name=dataSourceContextSource,type=HikariDataSource]
2020-02-20 12:35:59.464 [main] [] INFO  o.a.coyote.http11.Http11NioProtocol - Starting ProtocolHandler ["http-nio-8181"]
2020-02-20 12:35:59.480 [main] [] INFO  o.a.tomcat.util.net.NioSelectorPool - Using a shared selector for servlet write/read
2020-02-20 12:35:59.516 [main] [] INFO  o.s.b.c.e.t.TomcatEmbeddedServletContainer - Tomcat started on port(s): 8181 (http)
2020-02-20 12:35:59.524 [main] [] INFO  c.t.TransportSecurityApplication - Started TransportSecurityApplication in 18.771 seconds (JVM running for 20.553)
2020-02-20 12:37:41.477 [http-nio-8181-exec-1] [] INFO  o.a.c.c.C.[Tomcat].[localhost].[/] - Initializing Spring FrameworkServlet 'dispatcherServlet'
2020-02-20 12:37:41.477 [http-nio-8181-exec-1] [] INFO  o.s.web.servlet.DispatcherServlet - FrameworkServlet 'dispatcherServlet': initialization started
2020-02-20 12:37:41.546 [http-nio-8181-exec-1] [] INFO  o.s.web.servlet.DispatcherServlet - FrameworkServlet 'dispatcherServlet': initialization completed in 69 ms
2020-02-20 12:37:41.597 [http-nio-8181-exec-1] [] INFO  c.t.filter.TransportSecurityFilter - TransportSecurityFilter : Transport transaction initiated with Transaction Id 0b600dbd-bfbc-495c-8de8-5df6801cab9f request method POST
2020-02-20 12:37:41.597 [http-nio-8181-exec-1] [0b600dbd-bfbc-495c-8de8-5df6801cab9f] INFO  c.t.filter.TransportSecurityFilter - Transport Security filter : path /trspt/api/v1/saveQuote resource path http://localhost:8182/trspt/api/v1/saveQuote
2020-02-20 12:38:09.706 [http-nio-8181-exec-2] [] INFO  c.t.filter.TransportSecurityFilter - TransportSecurityFilter : Transport transaction initiated with Transaction Id afbd1cff-478e-4a75-b3f0-2baeea595055 request method POST
2020-02-20 12:38:09.706 [http-nio-8181-exec-2] [afbd1cff-478e-4a75-b3f0-2baeea595055] INFO  c.t.filter.TransportSecurityFilter - Transport Security filter : path /trspt/api/v1/customer/login resource path http://localhost:8182/trspt/api/v1/customer/login
2020-02-20 12:38:10.109 [http-nio-8181-exec-2] [afbd1cff-478e-4a75-b3f0-2baeea595055] INFO  org.thymeleaf.TemplateEngine - [THYMELEAF] INITIALIZING TEMPLATE ENGINE
2020-02-20 12:38:10.305 [http-nio-8181-exec-2] [afbd1cff-478e-4a75-b3f0-2baeea595055] INFO  o.t.t.AbstractTemplateResolver - [THYMELEAF] INITIALIZING TEMPLATE RESOLVER: org.thymeleaf.spring4.templateresolver.SpringResourceTemplateResolver
2020-02-20 12:38:10.305 [http-nio-8181-exec-2] [afbd1cff-478e-4a75-b3f0-2baeea595055] INFO  o.t.t.AbstractTemplateResolver - [THYMELEAF] TEMPLATE RESOLVER INITIALIZED OK
2020-02-20 12:38:10.305 [http-nio-8181-exec-2] [afbd1cff-478e-4a75-b3f0-2baeea595055] INFO  o.t.m.AbstractMessageResolver - [THYMELEAF] INITIALIZING MESSAGE RESOLVER: org.thymeleaf.spring4.messageresolver.SpringMessageResolver
2020-02-20 12:38:10.305 [http-nio-8181-exec-2] [afbd1cff-478e-4a75-b3f0-2baeea595055] INFO  o.t.m.AbstractMessageResolver - [THYMELEAF] MESSAGE RESOLVER INITIALIZED OK
2020-02-20 12:38:10.317 [http-nio-8181-exec-2] [afbd1cff-478e-4a75-b3f0-2baeea595055] INFO  org.thymeleaf.TemplateEngine.CONFIG - [THYMELEAF] TEMPLATE ENGINE CONFIGURATION:
[THYMELEAF] * Cache Factory implementation: org.thymeleaf.cache.StandardCacheManager
[THYMELEAF] * Template modes:
[THYMELEAF]     * XML
[THYMELEAF]     * LEGACYHTML5
[THYMELEAF]     * XHTML
[THYMELEAF]     * VALIDXHTML
[THYMELEAF]     * VALIDXML
[THYMELEAF]     * HTML5
[THYMELEAF] * Template resolvers (in order):
[THYMELEAF]     * org.thymeleaf.spring4.templateresolver.SpringResourceTemplateResolver
[THYMELEAF] * Message resolvers (in order):
[THYMELEAF]     * org.thymeleaf.spring4.messageresolver.SpringMessageResolver
[THYMELEAF] * Dialect [1 of 2]: org.thymeleaf.spring4.dialect.SpringStandardDialect
[THYMELEAF]     * Prefix: "th"
[THYMELEAF] * Dialect [2 of 2]: nz.net.ultraq.thymeleaf.LayoutDialect
[THYMELEAF]     * Prefix: "layout"
[THYMELEAF] TEMPLATE ENGINE CONFIGURED OK
2020-02-20 12:38:10.317 [http-nio-8181-exec-2] [afbd1cff-478e-4a75-b3f0-2baeea595055] INFO  org.thymeleaf.TemplateEngine - [THYMELEAF] TEMPLATE ENGINE INITIALIZED
2020-02-20 12:39:22.349 [http-nio-8181-exec-4] [] INFO  c.t.filter.TransportSecurityFilter - TransportSecurityFilter : Transport transaction initiated with Transaction Id 18d6ce93-13bf-4e68-9bc9-f64d4960fd60 request method POST
2020-02-20 12:39:22.351 [http-nio-8181-exec-4] [18d6ce93-13bf-4e68-9bc9-f64d4960fd60] INFO  c.t.filter.TransportSecurityFilter - Transport Security filter : path /trspt/api/v1/validateCustomerOTP resource path http://localhost:8182/trspt/api/v1/validateCustomerOTP
2020-02-20 12:39:22.754 [http-nio-8181-exec-4] [18d6ce93-13bf-4e68-9bc9-f64d4960fd60] ERROR c.t.c.advice.TransportControllAdvice - Invalid OTP.Please enter correct OTP
com.transport.exception.InvalidOTP: Invalid OTP.Please enter correct OTP
	at com.transport.service.impl.CustomerServiceImpl.checkOtp(CustomerServiceImpl.java:448)
	at com.transport.service.impl.CustomerServiceImpl.validateOTP(CustomerServiceImpl.java:401)
	at com.transport.controller.TransportSecurityController.validateOTP(TransportSecurityController.java:54)
	at sun.reflect.NativeMethodAccessorImpl.invoke0(Native Method)
	at sun.reflect.NativeMethodAccessorImpl.invoke(Unknown Source)
	at sun.reflect.DelegatingMethodAccessorImpl.invoke(Unknown Source)
	at java.lang.reflect.Method.invoke(Unknown Source)
	at org.springframework.web.method.support.InvocableHandlerMethod.doInvoke(InvocableHandlerMethod.java:205)
	at org.springframework.web.method.support.InvocableHandlerMethod.invokeForRequest(InvocableHandlerMethod.java:133)
	at org.springframework.web.servlet.mvc.method.annotation.ServletInvocableHandlerMethod.invokeAndHandle(ServletInvocableHandlerMethod.java:97)
	at org.springframework.web.servlet.mvc.method.annotation.RequestMappingHandlerAdapter.invokeHandlerMethod(RequestMappingHandlerAdapter.java:854)
	at org.springframework.web.servlet.mvc.method.annotation.RequestMappingHandlerAdapter.handleInternal(RequestMappingHandlerAdapter.java:765)
	at org.springframework.web.servlet.mvc.method.AbstractHandlerMethodAdapter.handle(AbstractHandlerMethodAdapter.java:85)
	at org.springframework.web.servlet.DispatcherServlet.doDispatch(DispatcherServlet.java:967)
	at org.springframework.web.servlet.DispatcherServlet.doService(DispatcherServlet.java:901)
	at org.springframework.web.servlet.FrameworkServlet.processRequest(FrameworkServlet.java:970)
	at org.springframework.web.servlet.FrameworkServlet.doPost(FrameworkServlet.java:872)
	at javax.servlet.http.HttpServlet.service(HttpServlet.java:661)
	at org.springframework.web.servlet.FrameworkServlet.service(FrameworkServlet.java:846)
	at javax.servlet.http.HttpServlet.service(HttpServlet.java:742)
	at org.apache.catalina.core.ApplicationFilterChain.internalDoFilter(ApplicationFilterChain.java:231)
	at org.apache.catalina.core.ApplicationFilterChain.doFilter(ApplicationFilterChain.java:166)
	at org.apache.tomcat.websocket.server.WsFilter.doFilter(WsFilter.java:52)
	at org.apache.catalina.core.ApplicationFilterChain.internalDoFilter(ApplicationFilterChain.java:193)
	at org.apache.catalina.core.ApplicationFilterChain.doFilter(ApplicationFilterChain.java:166)
	at com.transport.filter.TransportSecurityFilter.doFilter(TransportSecurityFilter.java:116)
	at org.apache.catalina.core.ApplicationFilterChain.internalDoFilter(ApplicationFilterChain.java:193)
	at org.apache.catalina.core.ApplicationFilterChain.doFilter(ApplicationFilterChain.java:166)
	at org.springframework.web.filter.RequestContextFilter.doFilterInternal(RequestContextFilter.java:99)
	at org.springframework.web.filter.OncePerRequestFilter.doFilter(OncePerRequestFilter.java:107)
	at org.apache.catalina.core.ApplicationFilterChain.internalDoFilter(ApplicationFilterChain.java:193)
	at org.apache.catalina.core.ApplicationFilterChain.doFilter(ApplicationFilterChain.java:166)
	at org.springframework.web.filter.HttpPutFormContentFilter.doFilterInternal(HttpPutFormContentFilter.java:109)
	at org.springframework.web.filter.OncePerRequestFilter.doFilter(OncePerRequestFilter.java:107)
	at org.apache.catalina.core.ApplicationFilterChain.internalDoFilter(ApplicationFilterChain.java:193)
	at org.apache.catalina.core.ApplicationFilterChain.doFilter(ApplicationFilterChain.java:166)
	at org.springframework.web.filter.HiddenHttpMethodFilter.doFilterInternal(HiddenHttpMethodFilter.java:93)
	at org.springframework.web.filter.OncePerRequestFilter.doFilter(OncePerRequestFilter.java:107)
	at org.apache.catalina.core.ApplicationFilterChain.internalDoFilter(ApplicationFilterChain.java:193)
	at org.apache.catalina.core.ApplicationFilterChain.doFilter(ApplicationFilterChain.java:166)
	at org.springframework.web.filter.CharacterEncodingFilter.doFilterInternal(CharacterEncodingFilter.java:197)
	at org.springframework.web.filter.OncePerRequestFilter.doFilter(OncePerRequestFilter.java:107)
	at org.apache.catalina.core.ApplicationFilterChain.internalDoFilter(ApplicationFilterChain.java:193)
	at org.apache.catalina.core.ApplicationFilterChain.doFilter(ApplicationFilterChain.java:166)
	at org.apache.catalina.core.StandardWrapperValve.invoke(StandardWrapperValve.java:199)
	at org.apache.catalina.core.StandardContextValve.invoke(StandardContextValve.java:96)
	at org.apache.catalina.authenticator.AuthenticatorBase.invoke(AuthenticatorBase.java:493)
	at org.apache.catalina.core.StandardHostValve.invoke(StandardHostValve.java:137)
	at org.apache.catalina.valves.ErrorReportValve.invoke(ErrorReportValve.java:81)
	at org.apache.catalina.core.StandardEngineValve.invoke(StandardEngineValve.java:87)
	at org.apache.catalina.connector.CoyoteAdapter.service(CoyoteAdapter.java:343)
	at org.apache.coyote.http11.Http11Processor.service(Http11Processor.java:798)
	at org.apache.coyote.AbstractProcessorLight.process(AbstractProcessorLight.java:66)
	at org.apache.coyote.AbstractProtocol$ConnectionHandler.process(AbstractProtocol.java:806)
	at org.apache.tomcat.util.net.NioEndpoint$SocketProcessor.doRun(NioEndpoint.java:1498)
	at org.apache.tomcat.util.net.SocketProcessorBase.run(SocketProcessorBase.java:49)
	at java.util.concurrent.ThreadPoolExecutor.runWorker(Unknown Source)
	at java.util.concurrent.ThreadPoolExecutor$Worker.run(Unknown Source)
	at org.apache.tomcat.util.threads.TaskThread$WrappingRunnable.run(TaskThread.java:61)
	at java.lang.Thread.run(Unknown Source)
2020-02-20 12:39:29.966 [http-nio-8181-exec-6] [] INFO  c.t.filter.TransportSecurityFilter - TransportSecurityFilter : Transport transaction initiated with Transaction Id 67d32d37-669f-4cc5-a323-aa57fd49b2c0 request method POST
2020-02-20 12:39:29.967 [http-nio-8181-exec-6] [67d32d37-669f-4cc5-a323-aa57fd49b2c0] INFO  c.t.filter.TransportSecurityFilter - Transport Security filter : path /trspt/api/v1/validateCustomerOTP resource path http://localhost:8182/trspt/api/v1/validateCustomerOTP
2020-02-20 12:39:31.077 [http-nio-8181-exec-6] [67d32d37-669f-4cc5-a323-aa57fd49b2c0] DEBUG com.transport.util.JWTUtility - AccessToken========
2020-02-20 12:39:53.077 [http-nio-8181-exec-8] [] INFO  c.t.filter.TransportSecurityFilter - TransportSecurityFilter : Transport transaction initiated with Transaction Id 834a02da-b56a-48a7-9196-c99d3afb86b2 request method POST
2020-02-20 12:39:53.078 [http-nio-8181-exec-8] [834a02da-b56a-48a7-9196-c99d3afb86b2] INFO  c.t.filter.TransportSecurityFilter - Transport Security filter : path /trspt/api/v1/saveQuote resource path http://localhost:8182/trspt/api/v1/saveQuote
2020-02-20 12:40:23.442 [http-nio-8181-exec-9] [] INFO  c.t.filter.TransportSecurityFilter - TransportSecurityFilter : Transport transaction initiated with Transaction Id 3e0f9690-1e9b-4c13-8553-3af39c33b307 request method POST
2020-02-20 12:40:23.443 [http-nio-8181-exec-9] [3e0f9690-1e9b-4c13-8553-3af39c33b307] INFO  c.t.filter.TransportSecurityFilter - Transport Security filter : path /trspt/api/v1/saveQuote resource path http://localhost:8182/trspt/api/v1/saveQuote
2020-02-20 12:42:13.392 [http-nio-8181-exec-1] [0b600dbd-bfbc-495c-8de8-5df6801cab9f] INFO  c.t.filter.TransportSecurityFilter - TransportSecurityFilter : Transport transaction initiated with Transaction Id ee04f9db-2711-43aa-a16a-5f6d810cc470 request method POST
2020-02-20 12:42:13.393 [http-nio-8181-exec-1] [ee04f9db-2711-43aa-a16a-5f6d810cc470] INFO  c.t.filter.TransportSecurityFilter - Transport Security filter : path /trspt/api/v1/saveQuote resource path http://localhost:8182/trspt/api/v1/saveQuote
2020-02-20 12:43:40.118 [http-nio-8181-exec-3] [] INFO  c.t.filter.TransportSecurityFilter - TransportSecurityFilter : Transport transaction initiated with Transaction Id 9684b04f-ea14-4886-86d2-2cf7f412361b request method POST
2020-02-20 12:43:40.119 [http-nio-8181-exec-3] [9684b04f-ea14-4886-86d2-2cf7f412361b] INFO  c.t.filter.TransportSecurityFilter - Transport Security filter : path /trspt/api/v1/saveQuote resource path http://localhost:8182/trspt/api/v1/saveQuote
2020-02-20 12:50:44.672 [http-nio-8181-exec-5] [] INFO  c.t.filter.TransportSecurityFilter - TransportSecurityFilter : Transport transaction initiated with Transaction Id f9aab6d3-e977-41cb-9816-15c22941ac8b request method POST
2020-02-20 12:50:44.672 [http-nio-8181-exec-5] [f9aab6d3-e977-41cb-9816-15c22941ac8b] INFO  c.t.filter.TransportSecurityFilter - Transport Security filter : path /trspt/api/v1/saveQuote resource path http://localhost:8182/trspt/api/v1/saveQuote
2020-02-20 12:51:57.154 [http-nio-8181-exec-7] [] INFO  c.t.filter.TransportSecurityFilter - TransportSecurityFilter : Transport transaction initiated with Transaction Id 72239834-7556-4c72-88f8-dbbd50cd380c request method POST
2020-02-20 12:51:57.154 [http-nio-8181-exec-7] [72239834-7556-4c72-88f8-dbbd50cd380c] INFO  c.t.filter.TransportSecurityFilter - Transport Security filter : path /trspt/api/v1/saveQuote resource path http://localhost:8182/trspt/api/v1/saveQuote
2020-02-20 12:53:17.874 [http-nio-8181-exec-9] [3e0f9690-1e9b-4c13-8553-3af39c33b307] INFO  c.t.filter.TransportSecurityFilter - TransportSecurityFilter : Transport transaction initiated with Transaction Id 4c7239ba-a29e-4045-b7e7-fc0587f540e9 request method POST
2020-02-20 12:53:17.874 [http-nio-8181-exec-9] [4c7239ba-a29e-4045-b7e7-fc0587f540e9] INFO  c.t.filter.TransportSecurityFilter - Transport Security filter : path /trspt/api/v1/saveQuote resource path http://localhost:8182/trspt/api/v1/saveQuote
2020-02-20 13:05:39.231 [http-nio-8181-exec-1] [ee04f9db-2711-43aa-a16a-5f6d810cc470] INFO  c.t.filter.TransportSecurityFilter - TransportSecurityFilter : Transport transaction initiated with Transaction Id 043a3c02-93c4-4cdf-8ccd-eda4923a7f2f request method POST
2020-02-20 13:05:39.232 [http-nio-8181-exec-1] [043a3c02-93c4-4cdf-8ccd-eda4923a7f2f] INFO  c.t.filter.TransportSecurityFilter - Transport Security filter : path /trspt/api/v1/saveQuote resource path http://localhost:8182/trspt/api/v1/saveQuote
2020-02-20 14:58:02.773 [http-nio-8181-exec-3] [9684b04f-ea14-4886-86d2-2cf7f412361b] INFO  c.t.filter.TransportSecurityFilter - TransportSecurityFilter : Transport transaction initiated with Transaction Id 5b106959-c571-4595-a8f9-13977d574761 request method GET
2020-02-20 14:58:02.777 [http-nio-8181-exec-3] [5b106959-c571-4595-a8f9-13977d574761] INFO  c.t.filter.TransportSecurityFilter - Transport Security filter : path /trspt/api/v1/getQuotesByUser resource path http://localhost:8182/trspt/api/v1/getQuotesByUser
2020-02-20 14:58:09.967 [http-nio-8181-exec-4] [18d6ce93-13bf-4e68-9bc9-f64d4960fd60] INFO  c.t.filter.TransportSecurityFilter - TransportSecurityFilter : Transport transaction initiated with Transaction Id c65ed726-9574-4f25-b8f2-ef1770a785d5 request method POST
2020-02-20 14:58:09.967 [http-nio-8181-exec-4] [c65ed726-9574-4f25-b8f2-ef1770a785d5] INFO  c.t.filter.TransportSecurityFilter - Transport Security filter : path /trspt/api/v1/customer/login resource path http://localhost:8182/trspt/api/v1/customer/login
2020-02-20 14:59:08.971 [http-nio-8181-exec-5] [f9aab6d3-e977-41cb-9816-15c22941ac8b] INFO  c.t.filter.TransportSecurityFilter - TransportSecurityFilter : Transport transaction initiated with Transaction Id 272209ee-65ae-4dbf-91ac-ed39a5ce7c0a request method POST
2020-02-20 14:59:08.971 [http-nio-8181-exec-5] [272209ee-65ae-4dbf-91ac-ed39a5ce7c0a] INFO  c.t.filter.TransportSecurityFilter - Transport Security filter : path /trspt/api/v1/validateCustomerOTP resource path http://localhost:8182/trspt/api/v1/validateCustomerOTP
2020-02-20 14:59:09.829 [http-nio-8181-exec-5] [272209ee-65ae-4dbf-91ac-ed39a5ce7c0a] DEBUG com.transport.util.JWTUtility - AccessToken========
2020-02-20 14:59:40.104 [http-nio-8181-exec-6] [67d32d37-669f-4cc5-a323-aa57fd49b2c0] INFO  c.t.filter.TransportSecurityFilter - TransportSecurityFilter : Transport transaction initiated with Transaction Id b17415a8-0d91-4339-953a-021afbdd33e6 request method GET
2020-02-20 14:59:40.104 [http-nio-8181-exec-6] [b17415a8-0d91-4339-953a-021afbdd33e6] INFO  c.t.filter.TransportSecurityFilter - Transport Security filter : path /trspt/api/v1/getQuotesByUser resource path http://localhost:8182/trspt/api/v1/getQuotesByUser
2020-02-20 15:03:05.742 [http-nio-8181-exec-8] [834a02da-b56a-48a7-9196-c99d3afb86b2] INFO  c.t.filter.TransportSecurityFilter - TransportSecurityFilter : Transport transaction initiated with Transaction Id 43775fe0-4998-4135-b157-515f305d3ae7 request method GET
2020-02-20 15:03:05.742 [http-nio-8181-exec-8] [43775fe0-4998-4135-b157-515f305d3ae7] INFO  c.t.filter.TransportSecurityFilter - Transport Security filter : path /trspt/api/v1/getQuotesByUser resource path http://localhost:8182/trspt/api/v1/getQuotesByUser
2020-02-20 15:22:06.948 [http-nio-8181-exec-10] [] INFO  c.t.filter.TransportSecurityFilter - TransportSecurityFilter : Transport transaction initiated with Transaction Id 83dd1e29-6000-432b-9120-197d6e17c62c request method GET
2020-02-20 15:22:06.948 [http-nio-8181-exec-10] [83dd1e29-6000-432b-9120-197d6e17c62c] INFO  c.t.filter.TransportSecurityFilter - Transport Security filter : path /trspt/api/v1/getQuotesByUser resource path http://localhost:8182/trspt/api/v1/getQuotesByUser
2020-02-20 15:30:52.349 [http-nio-8181-exec-2] [afbd1cff-478e-4a75-b3f0-2baeea595055] INFO  c.t.filter.TransportSecurityFilter - TransportSecurityFilter : Transport transaction initiated with Transaction Id 71fda4ea-bc95-4e57-8220-0c159072a5a6 request method GET
2020-02-20 15:30:52.349 [http-nio-8181-exec-2] [71fda4ea-bc95-4e57-8220-0c159072a5a6] INFO  c.t.filter.TransportSecurityFilter - Transport Security filter : path /trspt/api/v1/getQuotesByUser resource path http://localhost:8182/trspt/api/v1/getQuotesByUser
2020-02-20 16:02:56.385 [TransportPool housekeeper] [] WARN  com.zaxxer.hikari.pool.HikariPool - TransportPool - Thread starvation or clock leap detected (housekeeper delta=15m32s964ms239탎100ns).
2020-02-20 16:41:07.100 [http-nio-8181-exec-4] [c65ed726-9574-4f25-b8f2-ef1770a785d5] INFO  c.t.filter.TransportSecurityFilter - TransportSecurityFilter : Transport transaction initiated with Transaction Id 96c23ea3-2585-4f84-9bf6-d0d5ce5235e6 request method POST
2020-02-20 16:41:07.100 [http-nio-8181-exec-4] [96c23ea3-2585-4f84-9bf6-d0d5ce5235e6] INFO  c.t.filter.TransportSecurityFilter - Transport Security filter : path /trspt/api/v1/addVehicle resource path http://localhost:8182/trspt/api/v1/addVehicle
2020-02-20 16:41:18.219 [http-nio-8181-exec-5] [272209ee-65ae-4dbf-91ac-ed39a5ce7c0a] INFO  c.t.filter.TransportSecurityFilter - TransportSecurityFilter : Transport transaction initiated with Transaction Id 1ab66705-0117-43e3-b7c3-f244644966d0 request method POST
2020-02-20 16:41:18.219 [http-nio-8181-exec-5] [1ab66705-0117-43e3-b7c3-f244644966d0] INFO  c.t.filter.TransportSecurityFilter - Transport Security filter : path /trspt/api/v1/driver/login resource path http://localhost:8182/trspt/api/v1/driver/login
2020-02-20 16:41:23.389 [http-nio-8181-exec-5] [1ab66705-0117-43e3-b7c3-f244644966d0] DEBUG com.transport.util.JWTUtility - AccessToken========
2020-02-20 16:41:42.477 [http-nio-8181-exec-6] [b17415a8-0d91-4339-953a-021afbdd33e6] INFO  c.t.filter.TransportSecurityFilter - TransportSecurityFilter : Transport transaction initiated with Transaction Id a4132141-fa01-4899-924a-c706c4e7e742 request method POST
2020-02-20 16:41:42.477 [http-nio-8181-exec-6] [a4132141-fa01-4899-924a-c706c4e7e742] INFO  c.t.filter.TransportSecurityFilter - Transport Security filter : path /trspt/api/v1/addVehicle resource path http://localhost:8182/trspt/api/v1/addVehicle
2020-02-20 16:42:38.698 [http-nio-8181-exec-7] [72239834-7556-4c72-88f8-dbbd50cd380c] INFO  c.t.filter.TransportSecurityFilter - TransportSecurityFilter : Transport transaction initiated with Transaction Id 4b99d087-51a5-4354-a648-a6c552fe7123 request method POST
2020-02-20 16:42:38.698 [http-nio-8181-exec-7] [4b99d087-51a5-4354-a648-a6c552fe7123] INFO  c.t.filter.TransportSecurityFilter - Transport Security filter : path /trspt/api/v1/addVehicle resource path http://localhost:8182/trspt/api/v1/addVehicle
2020-02-20 16:45:25.608 [http-nio-8181-exec-9] [4c7239ba-a29e-4045-b7e7-fc0587f540e9] INFO  c.t.filter.TransportSecurityFilter - TransportSecurityFilter : Transport transaction initiated with Transaction Id 1b512273-af07-4cc7-a901-63353024c2a6 request method POST
2020-02-20 16:45:25.608 [http-nio-8181-exec-9] [1b512273-af07-4cc7-a901-63353024c2a6] INFO  c.t.filter.TransportSecurityFilter - Transport Security filter : path /trspt/api/v1/addVehicle resource path http://localhost:8182/trspt/api/v1/addVehicle
2020-02-20 16:46:17.401 [http-nio-8181-exec-10] [83dd1e29-6000-432b-9120-197d6e17c62c] INFO  c.t.filter.TransportSecurityFilter - TransportSecurityFilter : Transport transaction initiated with Transaction Id 6fad45ef-d71d-4ddf-9e5e-6a9002772f09 request method POST
2020-02-20 16:46:17.401 [http-nio-8181-exec-10] [6fad45ef-d71d-4ddf-9e5e-6a9002772f09] INFO  c.t.filter.TransportSecurityFilter - Transport Security filter : path /trspt/api/v1/addVehicle resource path http://localhost:8182/trspt/api/v1/addVehicle
2020-02-20 17:04:57.992 [http-nio-8181-exec-2] [71fda4ea-bc95-4e57-8220-0c159072a5a6] INFO  c.t.filter.TransportSecurityFilter - TransportSecurityFilter : Transport transaction initiated with Transaction Id f4b2c407-e833-4484-abd2-7596e8e9580c request method POST
2020-02-20 17:04:57.992 [http-nio-8181-exec-2] [f4b2c407-e833-4484-abd2-7596e8e9580c] INFO  c.t.filter.TransportSecurityFilter - Transport Security filter : path /trspt/api/v1/save/driverProfileDetails resource path http://localhost:8182/trspt/api/v1/save/driverProfileDetails
2020-02-20 17:05:22.373 [http-nio-8181-exec-3] [5b106959-c571-4595-a8f9-13977d574761] INFO  c.t.filter.TransportSecurityFilter - TransportSecurityFilter : Transport transaction initiated with Transaction Id 01900e53-2934-4d5a-a684-07339cfeafae request method POST
2020-02-20 17:05:22.377 [http-nio-8181-exec-3] [01900e53-2934-4d5a-a684-07339cfeafae] INFO  c.t.filter.TransportSecurityFilter - Transport Security filter : path /trspt/api/v1/save/driverProfileDetails resource path http://localhost:8182/trspt/api/v1/save/driverProfileDetails
2020-02-20 20:20:53.408 [TransportPool housekeeper] [] WARN  com.zaxxer.hikari.pool.HikariPool - TransportPool - Thread starvation or clock leap detected (housekeeper delta=2h6m26s356ms994탎900ns).
2020-02-20 21:16:35.182 [http-nio-8181-exec-5] [1ab66705-0117-43e3-b7c3-f244644966d0] INFO  c.t.filter.TransportSecurityFilter - TransportSecurityFilter : Transport transaction initiated with Transaction Id dc7db241-ad5d-4457-84de-7ae7b0200a08 request method POST
2020-02-20 21:16:35.191 [http-nio-8181-exec-5] [dc7db241-ad5d-4457-84de-7ae7b0200a08] INFO  c.t.filter.TransportSecurityFilter - Transport Security filter : path /trspt/api/v1/placeBid resource path http://localhost:8182/trspt/api/v1/placeBid
2020-02-20 21:16:45.894 [http-nio-8181-exec-6] [a4132141-fa01-4899-924a-c706c4e7e742] INFO  c.t.filter.TransportSecurityFilter - TransportSecurityFilter : Transport transaction initiated with Transaction Id 9a1210ca-0ac1-443c-bbe5-9c3a69f71b4e request method POST
2020-02-20 21:16:45.894 [http-nio-8181-exec-6] [9a1210ca-0ac1-443c-bbe5-9c3a69f71b4e] INFO  c.t.filter.TransportSecurityFilter - Transport Security filter : path /trspt/api/v1/driver/login resource path http://localhost:8182/trspt/api/v1/driver/login
2020-02-20 21:16:51.756 [http-nio-8181-exec-6] [9a1210ca-0ac1-443c-bbe5-9c3a69f71b4e] DEBUG com.transport.util.JWTUtility - AccessToken========
2020-02-20 21:17:31.167 [http-nio-8181-exec-7] [4b99d087-51a5-4354-a648-a6c552fe7123] INFO  c.t.filter.TransportSecurityFilter - TransportSecurityFilter : Transport transaction initiated with Transaction Id d1e9d9df-c79d-4ff9-85e2-08c46c42b4d8 request method POST
2020-02-20 21:17:31.167 [http-nio-8181-exec-7] [d1e9d9df-c79d-4ff9-85e2-08c46c42b4d8] INFO  c.t.filter.TransportSecurityFilter - Transport Security filter : path /trspt/api/v1/placeBid resource path http://localhost:8182/trspt/api/v1/placeBid
2020-02-20 21:21:20.837 [http-nio-8181-exec-9] [1b512273-af07-4cc7-a901-63353024c2a6] INFO  c.t.filter.TransportSecurityFilter - TransportSecurityFilter : Transport transaction initiated with Transaction Id 7bff815b-f517-4547-9f92-c023cb7e7b3c request method POST
2020-02-20 21:21:20.837 [http-nio-8181-exec-9] [7bff815b-f517-4547-9f92-c023cb7e7b3c] INFO  c.t.filter.TransportSecurityFilter - Transport Security filter : path /trspt/api/v1/placeBid resource path http://localhost:8182/trspt/api/v1/placeBid
2020-02-20 21:31:22.412 [http-nio-8181-exec-1] [043a3c02-93c4-4cdf-8ccd-eda4923a7f2f] INFO  c.t.filter.TransportSecurityFilter - TransportSecurityFilter : Transport transaction initiated with Transaction Id fd6d17d0-081b-4199-8f38-703ad60335b8 request method POST
2020-02-20 21:31:22.416 [http-nio-8181-exec-1] [fd6d17d0-081b-4199-8f38-703ad60335b8] INFO  c.t.filter.TransportSecurityFilter - Transport Security filter : path /trspt/api/v1/placeBid resource path http://localhost:8182/trspt/api/v1/placeBid
2020-02-20 21:48:08.121 [main] [] INFO  c.t.TransportSecurityApplication - Starting TransportSecurityApplication on DESKTOP-E99KESB with PID 17068 (C:\Users\CST\Desktop\transport\TransportNew\TransportSecurityApp\bin\main started by CST in C:\Users\CST\Desktop\transport\TransportNew\TransportSecurityApp)
2020-02-20 21:48:08.125 [main] [] DEBUG c.t.TransportSecurityApplication - Running with Spring Boot v1.5.20.RELEASE, Spring v4.3.23.RELEASE
2020-02-20 21:48:08.125 [main] [] INFO  c.t.TransportSecurityApplication - The following profiles are active: TEST
2020-02-20 21:48:08.717 [main] [] INFO  o.s.b.c.e.AnnotationConfigEmbeddedWebApplicationContext - Refreshing org.springframework.boot.context.embedded.AnnotationConfigEmbeddedWebApplicationContext@149e0f5d: startup date [Thu Feb 20 21:48:08 IST 2020]; root of context hierarchy
2020-02-20 21:48:08.881 [background-preinit] [] INFO  o.h.validator.internal.util.Version - HV000001: Hibernate Validator 5.3.6.Final
2020-02-20 21:48:12.843 [main] [] INFO  o.s.c.s.PostProcessorRegistrationDelegate$BeanPostProcessorChecker - Bean 'org.springframework.ws.config.annotation.DelegatingWsConfiguration' of type [org.springframework.ws.config.annotation.DelegatingWsConfiguration$$EnhancerBySpringCGLIB$$870308ad] is not eligible for getting processed by all BeanPostProcessors (for example: not eligible for auto-proxying)
2020-02-20 21:48:13.009 [main] [] INFO  o.s.w.s.a.s.AnnotationActionEndpointMapping - Supporting [WS-Addressing August 2004, WS-Addressing 1.0]
2020-02-20 21:48:13.093 [main] [] INFO  o.s.c.s.PostProcessorRegistrationDelegate$BeanPostProcessorChecker - Bean 'org.springframework.transaction.annotation.ProxyTransactionManagementConfiguration' of type [org.springframework.transaction.annotation.ProxyTransactionManagementConfiguration$$EnhancerBySpringCGLIB$$e26b43ae] is not eligible for getting processed by all BeanPostProcessors (for example: not eligible for auto-proxying)
2020-02-20 21:48:14.101 [main] [] INFO  o.s.b.c.e.t.TomcatEmbeddedServletContainer - Tomcat initialized with port(s): 8181 (http)
2020-02-20 21:48:14.123 [main] [] INFO  o.a.coyote.http11.Http11NioProtocol - Initializing ProtocolHandler ["http-nio-8181"]
2020-02-20 21:48:14.175 [main] [] INFO  o.a.catalina.core.StandardService - Starting service [Tomcat]
2020-02-20 21:48:14.175 [main] [] INFO  o.a.catalina.core.StandardEngine - Starting Servlet Engine: Apache Tomcat/8.5.39
2020-02-20 21:48:14.395 [localhost-startStop-1] [] INFO  o.a.c.c.C.[Tomcat].[localhost].[/] - Initializing Spring embedded WebApplicationContext
2020-02-20 21:48:14.395 [localhost-startStop-1] [] INFO  o.s.web.context.ContextLoader - Root WebApplicationContext: initialization completed in 5678 ms
2020-02-20 21:48:15.499 [localhost-startStop-1] [] INFO  o.s.b.w.s.ServletRegistrationBean - Mapping servlet: 'dispatcherServlet' to [/]
2020-02-20 21:48:15.503 [localhost-startStop-1] [] INFO  o.s.b.w.s.ServletRegistrationBean - Mapping servlet: 'messageDispatcherServlet' to [/services/*]
2020-02-20 21:48:15.507 [localhost-startStop-1] [] INFO  o.s.b.w.s.FilterRegistrationBean - Mapping filter: 'characterEncodingFilter' to: [/*]
2020-02-20 21:48:15.507 [localhost-startStop-1] [] INFO  o.s.b.w.s.FilterRegistrationBean - Mapping filter: 'hiddenHttpMethodFilter' to: [/*]
2020-02-20 21:48:15.507 [localhost-startStop-1] [] INFO  o.s.b.w.s.FilterRegistrationBean - Mapping filter: 'httpPutFormContentFilter' to: [/*]
2020-02-20 21:48:15.507 [localhost-startStop-1] [] INFO  o.s.b.w.s.FilterRegistrationBean - Mapping filter: 'requestContextFilter' to: [/*]
2020-02-20 21:48:15.507 [localhost-startStop-1] [] INFO  o.s.b.w.s.FilterRegistrationBean - Mapping filter: 'transportSecurityFilter' to: [/*]
2020-02-20 21:48:15.579 [localhost-startStop-1] [] INFO  c.t.filter.TransportSecurityFilter - TransportSecurityFilter : Initialized.........
2020-02-20 21:48:15.731 [main] [] INFO  com.zaxxer.hikari.HikariDataSource - TransportPool - Started.
2020-02-20 21:48:25.290 [main] [] INFO  o.s.o.j.LocalContainerEntityManagerFactoryBean - Building JPA container EntityManagerFactory for persistence unit 'default'
2020-02-20 21:48:25.317 [main] [] INFO  o.h.jpa.internal.util.LogHelper - HHH000204: Processing PersistenceUnitInfo [
	name: default
	...]
2020-02-20 21:48:25.421 [main] [] INFO  org.hibernate.Version - HHH000412: Hibernate Core {5.0.12.Final}
2020-02-20 21:48:25.425 [main] [] INFO  org.hibernate.cfg.Environment - HHH000206: hibernate.properties not found
2020-02-20 21:48:25.425 [main] [] INFO  org.hibernate.cfg.Environment - HHH000021: Bytecode provider name : javassist
2020-02-20 21:48:25.493 [main] [] INFO  o.h.annotations.common.Version - HCANN000001: Hibernate Commons Annotations {5.0.1.Final}
2020-02-20 21:48:25.929 [main] [] INFO  org.hibernate.dialect.Dialect - HHH000400: Using dialect: org.hibernate.dialect.MySQL5Dialect
2020-02-20 21:48:26.830 [main] [] INFO  o.s.o.j.LocalContainerEntityManagerFactoryBean - Initialized JPA EntityManagerFactory for persistence unit 'default'
2020-02-20 21:48:27.363 [main] [] INFO  o.h.h.i.QueryTranslatorFactoryInitiator - HHH000397: Using ASTQueryTranslatorFactory
2020-02-20 21:48:29.548 [main] [] INFO  o.s.w.s.m.m.a.RequestMappingHandlerAdapter - Looking for @ControllerAdvice: org.springframework.boot.context.embedded.AnnotationConfigEmbeddedWebApplicationContext@149e0f5d: startup date [Thu Feb 20 21:48:08 IST 2020]; root of context hierarchy
2020-02-20 21:48:29.706 [main] [] INFO  o.s.w.s.m.m.a.RequestMappingHandlerMapping - Mapped "{[/trspt/api/v1/uploadDocs],methods=[POST],produces=[application/json]}" onto private com.transport.response.TransportResponse com.transport.controller.KYCDocsController.uploadDocs(com.transport.bean.KYCDetails,javax.servlet.http.HttpServletRequest) throws com.transport.exception.MailExistsException,com.transport.exception.UserNameExistsException,com.transport.exception.TransportException
2020-02-20 21:48:29.714 [main] [] INFO  o.s.w.s.m.m.a.RequestMappingHandlerMapping - Mapped "{[/trspt/api/v1/validateDriverOTP],methods=[POST],produces=[application/json]}" onto private com.transport.response.OTPResponse com.transport.controller.TransportSecurityController.validateDriverOTP(com.transport.bean.DriverOTPReq) throws com.transport.exception.MailExistsException,com.transport.exception.UserNameExistsException,com.transport.exception.TransportException,com.transport.exception.InvalidMaildId,com.transport.exception.TransportDAOException,com.transport.exception.LoginFailedException,com.transport.exception.OTPExpiredException,com.transport.exception.InvalidOTP
2020-02-20 21:48:29.714 [main] [] INFO  o.s.w.s.m.m.a.RequestMappingHandlerMapping - Mapped "{[/trspt/api/v1/setPassword],methods=[POST],produces=[application/json]}" onto private com.transport.response.TransportResponse com.transport.controller.TransportSecurityController.setPassword(com.transport.bean.SetPassword) throws com.transport.exception.PasswordMismatchException
2020-02-20 21:48:29.718 [main] [] INFO  o.s.w.s.m.m.a.RequestMappingHandlerMapping - Mapped "{[/trspt/api/v1/driver/register],methods=[POST],produces=[application/json]}" onto private com.transport.response.TransportResponse com.transport.controller.TransportSecurityController.registerDriver(com.transport.model.UserRegistration) throws com.transport.exception.MailExistsException,com.transport.exception.UserNameExistsException,com.transport.exception.TransportException
2020-02-20 21:48:29.718 [main] [] INFO  o.s.w.s.m.m.a.RequestMappingHandlerMapping - Mapped "{[/trspt/api/v1/forgotPassword],methods=[POST],produces=[application/json]}" onto private com.transport.response.TransportResponse com.transport.controller.TransportSecurityController.forgotPassword(com.transport.bean.ForgotPassword,javax.servlet.http.HttpServletRequest) throws com.transport.exception.InvalidMaildId
2020-02-20 21:48:29.718 [main] [] INFO  o.s.w.s.m.m.a.RequestMappingHandlerMapping - Mapped "{[/trspt/api/v1/driver/login],methods=[POST],produces=[application/json]}" onto private com.transport.response.DriverLoginResponse com.transport.controller.TransportSecurityController.driverLogin(com.transport.bean.DriverLoginReq) throws com.transport.exception.UserNameExistsException,com.transport.exception.TransportException,com.transport.exception.InvalidMaildId,com.transport.exception.LoginFailedException,com.transport.exception.TransportDAOException,com.transport.exception.InvalidAccount,com.transport.exception.SendOTPFailed
2020-02-20 21:48:29.718 [main] [] INFO  o.s.w.s.m.m.a.RequestMappingHandlerMapping - Mapped "{[/trspt/api/v1/resendOTP],methods=[POST],produces=[application/json]}" onto private com.transport.response.TransportResponse com.transport.controller.TransportSecurityController.resendOTP(com.transport.bean.UserOTPReq) throws com.transport.exception.MailExistsException,com.transport.exception.UserNameExistsException,com.transport.exception.TransportException,com.transport.exception.InvalidMaildId,com.transport.exception.ResendOTPFailed,com.transport.exception.SendOTPFailed
2020-02-20 21:48:29.722 [main] [] INFO  o.s.w.s.m.m.a.RequestMappingHandlerMapping - Mapped "{[/trspt/api/v1/validateCustomerOTP],methods=[POST],produces=[application/json]}" onto private com.transport.response.LoginResult com.transport.controller.TransportSecurityController.validateOTP(com.transport.bean.UserOTPReq) throws com.transport.exception.MailExistsException,com.transport.exception.UserNameExistsException,com.transport.exception.TransportException,com.transport.exception.InvalidMaildId,com.transport.exception.ResendOTPFailed,com.transport.exception.SendOTPFailed,com.transport.exception.OTPExpiredException,com.transport.exception.InvalidOTP,com.transport.exception.TransportDAOException
2020-02-20 21:48:29.722 [main] [] INFO  o.s.w.s.m.m.a.RequestMappingHandlerMapping - Mapped "{[/trspt/api/v1/customer/login],methods=[POST],produces=[application/json]}" onto private com.transport.response.TransportResponse com.transport.controller.TransportSecurityController.loginCustomer(com.transport.bean.LoginRequest) throws com.transport.exception.UserNameExistsException,com.transport.exception.TransportException,com.transport.exception.InvalidMaildId,com.transport.exception.LoginFailedException,com.transport.exception.TransportDAOException,com.transport.exception.InvalidAccount,com.transport.exception.SendOTPFailed
2020-02-20 21:48:29.726 [main] [] INFO  o.s.w.s.m.m.a.RequestMappingHandlerMapping - Mapped "{[/error]}" onto public org.springframework.http.ResponseEntity<java.util.Map<java.lang.String, java.lang.Object>> org.springframework.boot.autoconfigure.web.BasicErrorController.error(javax.servlet.http.HttpServletRequest)
2020-02-20 21:48:29.730 [main] [] INFO  o.s.w.s.m.m.a.RequestMappingHandlerMapping - Mapped "{[/error],produces=[text/html]}" onto public org.springframework.web.servlet.ModelAndView org.springframework.boot.autoconfigure.web.BasicErrorController.errorHtml(javax.servlet.http.HttpServletRequest,javax.servlet.http.HttpServletResponse)
2020-02-20 21:48:29.802 [main] [] INFO  o.s.w.s.h.SimpleUrlHandlerMapping - Mapped URL path [/webjars/**] onto handler of type [class org.springframework.web.servlet.resource.ResourceHttpRequestHandler]
2020-02-20 21:48:29.802 [main] [] INFO  o.s.w.s.h.SimpleUrlHandlerMapping - Mapped URL path [/**] onto handler of type [class org.springframework.web.servlet.resource.ResourceHttpRequestHandler]
2020-02-20 21:48:29.842 [main] [] INFO  o.s.w.s.m.m.a.ExceptionHandlerExceptionResolver - Detected @ExceptionHandler methods in transportControllAdvice
2020-02-20 21:48:29.846 [main] [] INFO  o.s.w.s.m.m.a.ExceptionHandlerExceptionResolver - Detected @ExceptionHandler methods in repositoryRestExceptionHandler
2020-02-20 21:48:29.972 [main] [] INFO  o.s.w.s.h.SimpleUrlHandlerMapping - Mapped URL path [/**/favicon.ico] onto handler of type [class org.springframework.web.servlet.resource.ResourceHttpRequestHandler]
2020-02-20 21:48:30.315 [main] [] INFO  o.s.d.r.w.RepositoryRestHandlerAdapter - Looking for @ControllerAdvice: org.springframework.boot.context.embedded.AnnotationConfigEmbeddedWebApplicationContext@149e0f5d: startup date [Thu Feb 20 21:48:08 IST 2020]; root of context hierarchy
2020-02-20 21:48:30.331 [main] [] INFO  o.s.d.r.w.RepositoryRestHandlerMapping - Mapped "{[/{repository}],methods=[OPTIONS],produces=[application/hal+json || application/json]}" onto public org.springframework.http.ResponseEntity<?> org.springframework.data.rest.webmvc.RepositoryEntityController.optionsForCollectionResource(org.springframework.data.rest.webmvc.RootResourceInformation)
2020-02-20 21:48:30.331 [main] [] INFO  o.s.d.r.w.RepositoryRestHandlerMapping - Mapped "{[/{repository}],methods=[HEAD],produces=[application/hal+json || application/json]}" onto public org.springframework.http.ResponseEntity<?> org.springframework.data.rest.webmvc.RepositoryEntityController.headCollectionResource(org.springframework.data.rest.webmvc.RootResourceInformation,org.springframework.data.rest.webmvc.support.DefaultedPageable) throws org.springframework.web.HttpRequestMethodNotSupportedException
2020-02-20 21:48:30.335 [main] [] INFO  o.s.d.r.w.RepositoryRestHandlerMapping - Mapped "{[/{repository}],methods=[GET],produces=[application/hal+json || application/json]}" onto public org.springframework.hateoas.Resources<?> org.springframework.data.rest.webmvc.RepositoryEntityController.getCollectionResource(org.springframework.data.rest.webmvc.RootResourceInformation,org.springframework.data.rest.webmvc.support.DefaultedPageable,org.springframework.data.domain.Sort,org.springframework.data.rest.webmvc.PersistentEntityResourceAssembler) throws org.springframework.data.rest.webmvc.ResourceNotFoundException,org.springframework.web.HttpRequestMethodNotSupportedException
2020-02-20 21:48:30.335 [main] [] INFO  o.s.d.r.w.RepositoryRestHandlerMapping - Mapped "{[/{repository}],methods=[GET],produces=[application/x-spring-data-compact+json || text/uri-list]}" onto public org.springframework.hateoas.Resources<?> org.springframework.data.rest.webmvc.RepositoryEntityController.getCollectionResourceCompact(org.springframework.data.rest.webmvc.RootResourceInformation,org.springframework.data.rest.webmvc.support.DefaultedPageable,org.springframework.data.domain.Sort,org.springframework.data.rest.webmvc.PersistentEntityResourceAssembler) throws org.springframework.data.rest.webmvc.ResourceNotFoundException,org.springframework.web.HttpRequestMethodNotSupportedException
2020-02-20 21:48:30.335 [main] [] INFO  o.s.d.r.w.RepositoryRestHandlerMapping - Mapped "{[/{repository}/{id}],methods=[PATCH],produces=[application/hal+json || application/json]}" onto public org.springframework.http.ResponseEntity<org.springframework.hateoas.ResourceSupport> org.springframework.data.rest.webmvc.RepositoryEntityController.patchItemResource(org.springframework.data.rest.webmvc.RootResourceInformation,org.springframework.data.rest.webmvc.PersistentEntityResource,java.io.Serializable,org.springframework.data.rest.webmvc.PersistentEntityResourceAssembler,org.springframework.data.rest.webmvc.support.ETag,java.lang.String) throws org.springframework.web.HttpRequestMethodNotSupportedException,org.springframework.data.rest.webmvc.ResourceNotFoundException
2020-02-20 21:48:30.335 [main] [] INFO  o.s.d.r.w.RepositoryRestHandlerMapping - Mapped "{[/{repository}/{id}],methods=[OPTIONS],produces=[application/hal+json || application/json]}" onto public org.springframework.http.ResponseEntity<?> org.springframework.data.rest.webmvc.RepositoryEntityController.optionsForItemResource(org.springframework.data.rest.webmvc.RootResourceInformation)
2020-02-20 21:48:30.335 [main] [] INFO  o.s.d.r.w.RepositoryRestHandlerMapping - Mapped "{[/{repository}],methods=[POST],produces=[application/hal+json || application/json]}" onto public org.springframework.http.ResponseEntity<org.springframework.hateoas.ResourceSupport> org.springframework.data.rest.webmvc.RepositoryEntityController.postCollectionResource(org.springframework.data.rest.webmvc.RootResourceInformation,org.springframework.data.rest.webmvc.PersistentEntityResource,org.springframework.data.rest.webmvc.PersistentEntityResourceAssembler,java.lang.String) throws org.springframework.web.HttpRequestMethodNotSupportedException
2020-02-20 21:48:30.335 [main] [] INFO  o.s.d.r.w.RepositoryRestHandlerMapping - Mapped "{[/{repository}/{id}],methods=[HEAD],produces=[application/hal+json || application/json]}" onto public org.springframework.http.ResponseEntity<?> org.springframework.data.rest.webmvc.RepositoryEntityController.headForItemResource(org.springframework.data.rest.webmvc.RootResourceInformation,java.io.Serializable,org.springframework.data.rest.webmvc.PersistentEntityResourceAssembler) throws org.springframework.web.HttpRequestMethodNotSupportedException
2020-02-20 21:48:30.335 [main] [] INFO  o.s.d.r.w.RepositoryRestHandlerMapping - Mapped "{[/{repository}/{id}],methods=[DELETE],produces=[application/hal+json || application/json]}" onto public org.springframework.http.ResponseEntity<?> org.springframework.data.rest.webmvc.RepositoryEntityController.deleteItemResource(org.springframework.data.rest.webmvc.RootResourceInformation,java.io.Serializable,org.springframework.data.rest.webmvc.support.ETag) throws org.springframework.data.rest.webmvc.ResourceNotFoundException,org.springframework.web.HttpRequestMethodNotSupportedException
2020-02-20 21:48:30.339 [main] [] INFO  o.s.d.r.w.RepositoryRestHandlerMapping - Mapped "{[/{repository}/{id}],methods=[PUT],produces=[application/hal+json || application/json]}" onto public org.springframework.http.ResponseEntity<? extends org.springframework.hateoas.ResourceSupport> org.springframework.data.rest.webmvc.RepositoryEntityController.putItemResource(org.springframework.data.rest.webmvc.RootResourceInformation,org.springframework.data.rest.webmvc.PersistentEntityResource,java.io.Serializable,org.springframework.data.rest.webmvc.PersistentEntityResourceAssembler,org.springframework.data.rest.webmvc.support.ETag,java.lang.String) throws org.springframework.web.HttpRequestMethodNotSupportedException
2020-02-20 21:48:30.339 [main] [] INFO  o.s.d.r.w.RepositoryRestHandlerMapping - Mapped "{[/{repository}/{id}],methods=[GET],produces=[application/hal+json || application/json]}" onto public org.springframework.http.ResponseEntity<org.springframework.hateoas.Resource<?>> org.springframework.data.rest.webmvc.RepositoryEntityController.getItemResource(org.springframework.data.rest.webmvc.RootResourceInformation,java.io.Serializable,org.springframework.data.rest.webmvc.PersistentEntityResourceAssembler,org.springframework.http.HttpHeaders) throws org.springframework.web.HttpRequestMethodNotSupportedException
2020-02-20 21:48:30.343 [main] [] INFO  o.s.d.r.w.RepositoryRestHandlerMapping - Mapped "{[/{repository}/{id}/{property}],methods=[PATCH || PUT || POST],consumes=[application/json || application/x-spring-data-compact+json || text/uri-list],produces=[application/hal+json || application/json]}" onto public org.springframework.http.ResponseEntity<? extends org.springframework.hateoas.ResourceSupport> org.springframework.data.rest.webmvc.RepositoryPropertyReferenceController.createPropertyReference(org.springframework.data.rest.webmvc.RootResourceInformation,org.springframework.http.HttpMethod,org.springframework.hateoas.Resources<java.lang.Object>,java.io.Serializable,java.lang.String) throws java.lang.Exception
2020-02-20 21:48:30.343 [main] [] INFO  o.s.d.r.w.RepositoryRestHandlerMapping - Mapped "{[/{repository}/{id}/{property}],methods=[GET],produces=[application/hal+json || application/json]}" onto public org.springframework.http.ResponseEntity<org.springframework.hateoas.ResourceSupport> org.springframework.data.rest.webmvc.RepositoryPropertyReferenceController.followPropertyReference(org.springframework.data.rest.webmvc.RootResourceInformation,java.io.Serializable,java.lang.String,org.springframework.data.rest.webmvc.PersistentEntityResourceAssembler) throws java.lang.Exception
2020-02-20 21:48:30.343 [main] [] INFO  o.s.d.r.w.RepositoryRestHandlerMapping - Mapped "{[/{repository}/{id}/{property}/{propertyId}],methods=[GET],produces=[application/hal+json || application/json]}" onto public org.springframework.http.ResponseEntity<org.springframework.hateoas.ResourceSupport> org.springframework.data.rest.webmvc.RepositoryPropertyReferenceController.followPropertyReference(org.springframework.data.rest.webmvc.RootResourceInformation,java.io.Serializable,java.lang.String,java.lang.String,org.springframework.data.rest.webmvc.PersistentEntityResourceAssembler) throws java.lang.Exception
2020-02-20 21:48:30.343 [main] [] INFO  o.s.d.r.w.RepositoryRestHandlerMapping - Mapped "{[/{repository}/{id}/{property}/{propertyId}],methods=[DELETE],produces=[application/hal+json || application/json]}" onto public org.springframework.http.ResponseEntity<org.springframework.hateoas.ResourceSupport> org.springframework.data.rest.webmvc.RepositoryPropertyReferenceController.deletePropertyReferenceId(org.springframework.data.rest.webmvc.RootResourceInformation,java.io.Serializable,java.lang.String,java.lang.String) throws java.lang.Exception
2020-02-20 21:48:30.343 [main] [] INFO  o.s.d.r.w.RepositoryRestHandlerMapping - Mapped "{[/{repository}/{id}/{property}],methods=[DELETE],produces=[application/hal+json || application/json]}" onto public org.springframework.http.ResponseEntity<? extends org.springframework.hateoas.ResourceSupport> org.springframework.data.rest.webmvc.RepositoryPropertyReferenceController.deletePropertyReference(org.springframework.data.rest.webmvc.RootResourceInformation,java.io.Serializable,java.lang.String) throws java.lang.Exception
2020-02-20 21:48:30.347 [main] [] INFO  o.s.d.r.w.RepositoryRestHandlerMapping - Mapped "{[/{repository}/{id}/{property}],methods=[GET],produces=[application/x-spring-data-compact+json || text/uri-list]}" onto public org.springframework.http.ResponseEntity<org.springframework.hateoas.ResourceSupport> org.springframework.data.rest.webmvc.RepositoryPropertyReferenceController.followPropertyReferenceCompact(org.springframework.data.rest.webmvc.RootResourceInformation,java.io.Serializable,java.lang.String,org.springframework.data.rest.webmvc.PersistentEntityResourceAssembler) throws java.lang.Exception
2020-02-20 21:48:30.347 [main] [] INFO  o.s.d.r.w.RepositoryRestHandlerMapping - Mapped "{[/{repository}/search],methods=[OPTIONS],produces=[application/hal+json || application/json]}" onto public org.springframework.http.HttpEntity<?> org.springframework.data.rest.webmvc.RepositorySearchController.optionsForSearches(org.springframework.data.rest.webmvc.RootResourceInformation)
2020-02-20 21:48:30.347 [main] [] INFO  o.s.d.r.w.RepositoryRestHandlerMapping - Mapped "{[/{repository}/search/{search}],methods=[GET],produces=[application/x-spring-data-compact+json]}" onto public org.springframework.hateoas.ResourceSupport org.springframework.data.rest.webmvc.RepositorySearchController.executeSearchCompact(org.springframework.data.rest.webmvc.RootResourceInformation,org.springframework.http.HttpHeaders,org.springframework.util.MultiValueMap<java.lang.String, java.lang.Object>,java.lang.String,java.lang.String,org.springframework.data.rest.webmvc.support.DefaultedPageable,org.springframework.data.domain.Sort,org.springframework.data.rest.webmvc.PersistentEntityResourceAssembler)
2020-02-20 21:48:30.347 [main] [] INFO  o.s.d.r.w.RepositoryRestHandlerMapping - Mapped "{[/{repository}/search],methods=[HEAD],produces=[application/hal+json || application/json]}" onto public org.springframework.http.HttpEntity<?> org.springframework.data.rest.webmvc.RepositorySearchController.headForSearches(org.springframework.data.rest.webmvc.RootResourceInformation)
2020-02-20 21:48:30.347 [main] [] INFO  o.s.d.r.w.RepositoryRestHandlerMapping - Mapped "{[/{repository}/search/{search}],methods=[HEAD],produces=[application/hal+json || application/json]}" onto public org.springframework.http.ResponseEntity<java.lang.Object> org.springframework.data.rest.webmvc.RepositorySearchController.headForSearch(org.springframework.data.rest.webmvc.RootResourceInformation,java.lang.String)
2020-02-20 21:48:30.347 [main] [] INFO  o.s.d.r.w.RepositoryRestHandlerMapping - Mapped "{[/{repository}/search],methods=[GET],produces=[application/hal+json || application/json]}" onto public org.springframework.data.rest.webmvc.RepositorySearchesResource org.springframework.data.rest.webmvc.RepositorySearchController.listSearches(org.springframework.data.rest.webmvc.RootResourceInformation)
2020-02-20 21:48:30.351 [main] [] INFO  o.s.d.r.w.RepositoryRestHandlerMapping - Mapped "{[/{repository}/search/{search}],methods=[OPTIONS],produces=[application/hal+json || application/json]}" onto public org.springframework.http.ResponseEntity<java.lang.Object> org.springframework.data.rest.webmvc.RepositorySearchController.optionsForSearch(org.springframework.data.rest.webmvc.RootResourceInformation,java.lang.String)
2020-02-20 21:48:30.351 [main] [] INFO  o.s.d.r.w.RepositoryRestHandlerMapping - Mapped "{[/{repository}/search/{search}],methods=[GET],produces=[application/hal+json || application/json]}" onto public org.springframework.http.ResponseEntity<?> org.springframework.data.rest.webmvc.RepositorySearchController.executeSearch(org.springframework.data.rest.webmvc.RootResourceInformation,org.springframework.util.MultiValueMap<java.lang.String, java.lang.Object>,java.lang.String,org.springframework.data.rest.webmvc.support.DefaultedPageable,org.springframework.data.domain.Sort,org.springframework.data.rest.webmvc.PersistentEntityResourceAssembler,org.springframework.http.HttpHeaders)
2020-02-20 21:48:30.351 [main] [] INFO  o.s.d.r.w.RepositoryRestHandlerMapping - Mapped "{[/ || ],methods=[OPTIONS],produces=[application/hal+json || application/json]}" onto public org.springframework.http.HttpEntity<?> org.springframework.data.rest.webmvc.RepositoryController.optionsForRepositories()
2020-02-20 21:48:30.351 [main] [] INFO  o.s.d.r.w.RepositoryRestHandlerMapping - Mapped "{[/ || ],methods=[HEAD],produces=[application/hal+json || application/json]}" onto public org.springframework.http.ResponseEntity<?> org.springframework.data.rest.webmvc.RepositoryController.headForRepositories()
2020-02-20 21:48:30.351 [main] [] INFO  o.s.d.r.w.RepositoryRestHandlerMapping - Mapped "{[/ || ],methods=[GET],produces=[application/hal+json || application/json]}" onto public org.springframework.http.HttpEntity<org.springframework.data.rest.webmvc.RepositoryLinksResource> org.springframework.data.rest.webmvc.RepositoryController.listRepositories()
2020-02-20 21:48:30.353 [main] [] INFO  o.s.d.r.w.BasePathAwareHandlerMapping - Mapped "{[/profile],methods=[GET]}" onto org.springframework.http.HttpEntity<org.springframework.hateoas.ResourceSupport> org.springframework.data.rest.webmvc.ProfileController.listAllFormsOfMetadata()
2020-02-20 21:48:30.353 [main] [] INFO  o.s.d.r.w.BasePathAwareHandlerMapping - Mapped "{[/profile],methods=[OPTIONS]}" onto public org.springframework.http.HttpEntity<?> org.springframework.data.rest.webmvc.ProfileController.profileOptions()
2020-02-20 21:48:30.357 [main] [] INFO  o.s.d.r.w.BasePathAwareHandlerMapping - Mapped "{[/profile/{repository}],methods=[GET],produces=[application/alps+json || */*]}" onto org.springframework.http.HttpEntity<org.springframework.data.rest.webmvc.RootResourceInformation> org.springframework.data.rest.webmvc.alps.AlpsController.descriptor(org.springframework.data.rest.webmvc.RootResourceInformation)
2020-02-20 21:48:30.357 [main] [] INFO  o.s.d.r.w.BasePathAwareHandlerMapping - Mapped "{[/profile/{repository}],methods=[OPTIONS],produces=[application/alps+json]}" onto org.springframework.http.HttpEntity<?> org.springframework.data.rest.webmvc.alps.AlpsController.alpsOptions()
2020-02-20 21:48:30.357 [main] [] INFO  o.s.d.r.w.BasePathAwareHandlerMapping - Mapped "{[/profile/{repository}],methods=[GET],produces=[application/schema+json]}" onto public org.springframework.http.HttpEntity<org.springframework.data.rest.webmvc.json.JsonSchema> org.springframework.data.rest.webmvc.RepositorySchemaController.schema(org.springframework.data.rest.webmvc.RootResourceInformation)
2020-02-20 21:48:30.752 [main] [] INFO  o.s.j.e.a.AnnotationMBeanExporter - Registering beans for JMX exposure on startup
2020-02-20 21:48:30.757 [main] [] INFO  o.s.j.e.a.AnnotationMBeanExporter - Bean with name 'dataSourceContextSource' has been autodetected for JMX exposure
2020-02-20 21:48:30.765 [main] [] INFO  o.s.j.e.a.AnnotationMBeanExporter - Located MBean 'dataSourceContextSource': registering with JMX server as MBean [com.zaxxer.hikari:name=dataSourceContextSource,type=HikariDataSource]
2020-02-20 21:48:30.784 [main] [] INFO  o.a.coyote.http11.Http11NioProtocol - Starting ProtocolHandler ["http-nio-8181"]
2020-02-20 21:48:30.800 [main] [] INFO  o.a.tomcat.util.net.NioSelectorPool - Using a shared selector for servlet write/read
2020-02-20 21:48:30.836 [main] [] INFO  o.s.b.c.e.t.TomcatEmbeddedServletContainer - Tomcat started on port(s): 8181 (http)
2020-02-20 21:48:30.844 [main] [] INFO  c.t.TransportSecurityApplication - Started TransportSecurityApplication in 23.567 seconds (JVM running for 28.468)
2020-02-20 21:49:25.406 [http-nio-8181-exec-1] [] INFO  o.a.c.c.C.[Tomcat].[localhost].[/] - Initializing Spring FrameworkServlet 'dispatcherServlet'
2020-02-20 21:49:25.406 [http-nio-8181-exec-1] [] INFO  o.s.web.servlet.DispatcherServlet - FrameworkServlet 'dispatcherServlet': initialization started
2020-02-20 21:49:25.437 [http-nio-8181-exec-1] [] INFO  o.s.web.servlet.DispatcherServlet - FrameworkServlet 'dispatcherServlet': initialization completed in 31 ms
2020-02-20 21:49:25.489 [http-nio-8181-exec-1] [] INFO  c.t.filter.TransportSecurityFilter - TransportSecurityFilter : Transport transaction initiated with Transaction Id 04cd7a71-f01b-48c9-9eeb-d14a4407d093 request method POST
2020-02-20 21:49:25.489 [http-nio-8181-exec-1] [04cd7a71-f01b-48c9-9eeb-d14a4407d093] INFO  c.t.filter.TransportSecurityFilter - Transport Security filter : path /trspt/api/v1/placeBid resource path http://localhost:8182/trspt/api/v1/placeBid
2020-02-20 21:49:29.611 [http-nio-8181-exec-1] [04cd7a71-f01b-48c9-9eeb-d14a4407d093] ERROR c.t.filter.TransportSecurityFilter - Failed to connect to localhost/0:0:0:0:0:0:0:1:8182
java.net.ConnectException: Failed to connect to localhost/0:0:0:0:0:0:0:1:8182
	at okhttp3.internal.connection.RealConnection.connectSocket(RealConnection.java:242)
	at okhttp3.internal.connection.RealConnection.connect(RealConnection.java:160)
	at okhttp3.internal.connection.StreamAllocation.findConnection(StreamAllocation.java:257)
	at okhttp3.internal.connection.StreamAllocation.findHealthyConnection(StreamAllocation.java:135)
	at okhttp3.internal.connection.StreamAllocation.newStream(StreamAllocation.java:114)
	at okhttp3.internal.connection.ConnectInterceptor.intercept(ConnectInterceptor.java:42)
	at okhttp3.internal.http.RealInterceptorChain.proceed(RealInterceptorChain.java:147)
	at okhttp3.internal.http.RealInterceptorChain.proceed(RealInterceptorChain.java:121)
	at okhttp3.internal.cache.CacheInterceptor.intercept(CacheInterceptor.java:93)
	at okhttp3.internal.http.RealInterceptorChain.proceed(RealInterceptorChain.java:147)
	at okhttp3.internal.http.RealInterceptorChain.proceed(RealInterceptorChain.java:121)
	at okhttp3.internal.http.BridgeInterceptor.intercept(BridgeInterceptor.java:93)
	at okhttp3.internal.http.RealInterceptorChain.proceed(RealInterceptorChain.java:147)
	at okhttp3.internal.http.RetryAndFollowUpInterceptor.intercept(RetryAndFollowUpInterceptor.java:126)
	at okhttp3.internal.http.RealInterceptorChain.proceed(RealInterceptorChain.java:147)
	at okhttp3.internal.http.RealInterceptorChain.proceed(RealInterceptorChain.java:121)
	at okhttp3.RealCall.getResponseWithInterceptorChain(RealCall.java:200)
	at okhttp3.RealCall.execute(RealCall.java:77)
	at com.transport.filter.TransportSecurityFilter.post(TransportSecurityFilter.java:255)
	at com.transport.filter.TransportSecurityFilter.doFilter(TransportSecurityFilter.java:127)
	at org.apache.catalina.core.ApplicationFilterChain.internalDoFilter(ApplicationFilterChain.java:193)
	at org.apache.catalina.core.ApplicationFilterChain.doFilter(ApplicationFilterChain.java:166)
	at org.springframework.web.filter.RequestContextFilter.doFilterInternal(RequestContextFilter.java:99)
	at org.springframework.web.filter.OncePerRequestFilter.doFilter(OncePerRequestFilter.java:107)
	at org.apache.catalina.core.ApplicationFilterChain.internalDoFilter(ApplicationFilterChain.java:193)
	at org.apache.catalina.core.ApplicationFilterChain.doFilter(ApplicationFilterChain.java:166)
	at org.springframework.web.filter.HttpPutFormContentFilter.doFilterInternal(HttpPutFormContentFilter.java:109)
	at org.springframework.web.filter.OncePerRequestFilter.doFilter(OncePerRequestFilter.java:107)
	at org.apache.catalina.core.ApplicationFilterChain.internalDoFilter(ApplicationFilterChain.java:193)
	at org.apache.catalina.core.ApplicationFilterChain.doFilter(ApplicationFilterChain.java:166)
	at org.springframework.web.filter.HiddenHttpMethodFilter.doFilterInternal(HiddenHttpMethodFilter.java:93)
	at org.springframework.web.filter.OncePerRequestFilter.doFilter(OncePerRequestFilter.java:107)
	at org.apache.catalina.core.ApplicationFilterChain.internalDoFilter(ApplicationFilterChain.java:193)
	at org.apache.catalina.core.ApplicationFilterChain.doFilter(ApplicationFilterChain.java:166)
	at org.springframework.web.filter.CharacterEncodingFilter.doFilterInternal(CharacterEncodingFilter.java:197)
	at org.springframework.web.filter.OncePerRequestFilter.doFilter(OncePerRequestFilter.java:107)
	at org.apache.catalina.core.ApplicationFilterChain.internalDoFilter(ApplicationFilterChain.java:193)
	at org.apache.catalina.core.ApplicationFilterChain.doFilter(ApplicationFilterChain.java:166)
	at org.apache.catalina.core.StandardWrapperValve.invoke(StandardWrapperValve.java:199)
	at org.apache.catalina.core.StandardContextValve.invoke(StandardContextValve.java:96)
	at org.apache.catalina.authenticator.AuthenticatorBase.invoke(AuthenticatorBase.java:493)
	at org.apache.catalina.core.StandardHostValve.invoke(StandardHostValve.java:137)
	at org.apache.catalina.valves.ErrorReportValve.invoke(ErrorReportValve.java:81)
	at org.apache.catalina.core.StandardEngineValve.invoke(StandardEngineValve.java:87)
	at org.apache.catalina.connector.CoyoteAdapter.service(CoyoteAdapter.java:343)
	at org.apache.coyote.http11.Http11Processor.service(Http11Processor.java:798)
	at org.apache.coyote.AbstractProcessorLight.process(AbstractProcessorLight.java:66)
	at org.apache.coyote.AbstractProtocol$ConnectionHandler.process(AbstractProtocol.java:806)
	at org.apache.tomcat.util.net.NioEndpoint$SocketProcessor.doRun(NioEndpoint.java:1498)
	at org.apache.tomcat.util.net.SocketProcessorBase.run(SocketProcessorBase.java:49)
	at java.util.concurrent.ThreadPoolExecutor.runWorker(Unknown Source)
	at java.util.concurrent.ThreadPoolExecutor$Worker.run(Unknown Source)
	at org.apache.tomcat.util.threads.TaskThread$WrappingRunnable.run(TaskThread.java:61)
	at java.lang.Thread.run(Unknown Source)
Caused by: java.net.ConnectException: Connection refused: connect
	at java.net.DualStackPlainSocketImpl.waitForConnect(Native Method)
	at java.net.DualStackPlainSocketImpl.socketConnect(Unknown Source)
	at java.net.AbstractPlainSocketImpl.doConnect(Unknown Source)
	at java.net.AbstractPlainSocketImpl.connectToAddress(Unknown Source)
	at java.net.AbstractPlainSocketImpl.connect(Unknown Source)
	at java.net.PlainSocketImpl.connect(Unknown Source)
	at java.net.SocksSocketImpl.connect(Unknown Source)
	at java.net.Socket.connect(Unknown Source)
	at okhttp3.internal.platform.Platform.connectSocket(Platform.java:129)
	at okhttp3.internal.connection.RealConnection.connectSocket(RealConnection.java:240)
	... 53 common frames omitted
2020-02-20 21:49:29.615 [http-nio-8181-exec-1] [04cd7a71-f01b-48c9-9eeb-d14a4407d093] DEBUG c.t.filter.TransportSecurityFilter - error codeTR1001
2020-02-20 21:49:29.615 [http-nio-8181-exec-1] [04cd7a71-f01b-48c9-9eeb-d14a4407d093] DEBUG c.t.filter.TransportSecurityFilter - error MessageYour request is unsuccessful !
2020-02-20 21:50:00.410 [http-nio-8181-exec-2] [] INFO  c.t.filter.TransportSecurityFilter - TransportSecurityFilter : Transport transaction initiated with Transaction Id cdcfcf4b-5c9e-4425-b19f-4a4c57cf10b0 request method POST
2020-02-20 21:50:00.414 [http-nio-8181-exec-2] [cdcfcf4b-5c9e-4425-b19f-4a4c57cf10b0] INFO  c.t.filter.TransportSecurityFilter - Transport Security filter : path /trspt/api/v1/placeBid resource path http://localhost:8182/trspt/api/v1/placeBid
2020-02-20 21:53:12.720 [http-nio-8181-exec-4] [] INFO  c.t.filter.TransportSecurityFilter - TransportSecurityFilter : Transport transaction initiated with Transaction Id eb89b17e-f25f-47a2-afa7-d143f3bed86b request method POST
2020-02-20 21:53:12.720 [http-nio-8181-exec-4] [eb89b17e-f25f-47a2-afa7-d143f3bed86b] INFO  c.t.filter.TransportSecurityFilter - Transport Security filter : path /trspt/api/v1/placeBid resource path http://localhost:8182/trspt/api/v1/placeBid
2020-02-20 22:48:20.383 [TransportPool housekeeper] [] WARN  com.zaxxer.hikari.pool.HikariPool - TransportPool - Thread starvation or clock leap detected (housekeeper delta=1m59s72ms815탎500ns).
2020-02-20 23:28:36.780 [TransportPool housekeeper] [] WARN  com.zaxxer.hikari.pool.HikariPool - TransportPool - Thread starvation or clock leap detected (housekeeper delta=35m45s231ms379탎600ns).
