2020-02-17 13:16:51.202 [main] [] INFO  c.t.TransportSecurityApplication - Starting TransportSecurityApplication on DESKTOP-E99KESB with PID 13076 (C:\Users\CST\Desktop\transport\TransportNew\TransportSecurityApp\bin\main started by CST in C:\Users\CST\Desktop\transport\TransportNew\TransportSecurityApp)
2020-02-17 13:16:51.214 [main] [] DEBUG c.t.TransportSecurityApplication - Running with Spring Boot v1.5.20.RELEASE, Spring v4.3.23.RELEASE
2020-02-17 13:16:51.214 [main] [] INFO  c.t.TransportSecurityApplication - The following profiles are active: TEST
2020-02-17 13:16:51.786 [main] [] INFO  o.s.b.c.e.AnnotationConfigEmbeddedWebApplicationContext - Refreshing org.springframework.boot.context.embedded.AnnotationConfigEmbeddedWebApplicationContext@149e0f5d: startup date [Mon Feb 17 13:16:51 IST 2020]; root of context hierarchy
2020-02-17 13:16:51.934 [background-preinit] [] INFO  o.h.validator.internal.util.Version - HV000001: Hibernate Validator 5.3.6.Final
2020-02-17 13:16:55.117 [main] [] INFO  o.s.c.s.PostProcessorRegistrationDelegate$BeanPostProcessorChecker - Bean 'org.springframework.ws.config.annotation.DelegatingWsConfiguration' of type [org.springframework.ws.config.annotation.DelegatingWsConfiguration$$EnhancerBySpringCGLIB$$5ac7edd5] is not eligible for getting processed by all BeanPostProcessors (for example: not eligible for auto-proxying)
2020-02-17 13:16:55.219 [main] [] INFO  o.s.w.s.a.s.AnnotationActionEndpointMapping - Supporting [WS-Addressing August 2004, WS-Addressing 1.0]
2020-02-17 13:16:55.355 [main] [] INFO  o.s.c.s.PostProcessorRegistrationDelegate$BeanPostProcessorChecker - Bean 'org.springframework.transaction.annotation.ProxyTransactionManagementConfiguration' of type [org.springframework.transaction.annotation.ProxyTransactionManagementConfiguration$$EnhancerBySpringCGLIB$$b63028d6] is not eligible for getting processed by all BeanPostProcessors (for example: not eligible for auto-proxying)
2020-02-17 13:16:56.412 [main] [] INFO  o.s.b.c.e.t.TomcatEmbeddedServletContainer - Tomcat initialized with port(s): 8181 (http)
2020-02-17 13:16:56.443 [main] [] INFO  o.a.coyote.http11.Http11NioProtocol - Initializing ProtocolHandler ["http-nio-8181"]
2020-02-17 13:16:56.471 [main] [] INFO  o.a.catalina.core.StandardService - Starting service [Tomcat]
2020-02-17 13:16:56.471 [main] [] INFO  o.a.catalina.core.StandardEngine - Starting Servlet Engine: Apache Tomcat/8.5.39
2020-02-17 13:16:56.735 [localhost-startStop-1] [] INFO  o.a.c.c.C.[Tomcat].[localhost].[/] - Initializing Spring embedded WebApplicationContext
2020-02-17 13:16:56.735 [localhost-startStop-1] [] INFO  o.s.web.context.ContextLoader - Root WebApplicationContext: initialization completed in 4949 ms
2020-02-17 13:16:58.078 [localhost-startStop-1] [] INFO  o.s.b.w.s.ServletRegistrationBean - Mapping servlet: 'dispatcherServlet' to [/]
2020-02-17 13:16:58.082 [localhost-startStop-1] [] INFO  o.s.b.w.s.ServletRegistrationBean - Mapping servlet: 'messageDispatcherServlet' to [/services/*]
2020-02-17 13:16:58.082 [localhost-startStop-1] [] INFO  o.s.b.w.s.FilterRegistrationBean - Mapping filter: 'characterEncodingFilter' to: [/*]
2020-02-17 13:16:58.082 [localhost-startStop-1] [] INFO  o.s.b.w.s.FilterRegistrationBean - Mapping filter: 'hiddenHttpMethodFilter' to: [/*]
2020-02-17 13:16:58.082 [localhost-startStop-1] [] INFO  o.s.b.w.s.FilterRegistrationBean - Mapping filter: 'httpPutFormContentFilter' to: [/*]
2020-02-17 13:16:58.086 [localhost-startStop-1] [] INFO  o.s.b.w.s.FilterRegistrationBean - Mapping filter: 'requestContextFilter' to: [/*]
2020-02-17 13:16:58.086 [localhost-startStop-1] [] INFO  o.s.b.w.s.FilterRegistrationBean - Mapping filter: 'transportSecurityFilter' to: [/*]
2020-02-17 13:16:58.126 [localhost-startStop-1] [] INFO  c.t.filter.TransportSecurityFilter - TransportSecurityFilter : Initialized.........
2020-02-17 13:16:58.342 [main] [] INFO  com.zaxxer.hikari.HikariDataSource - TransportPool - Started.
2020-02-17 13:17:02.469 [main] [] INFO  o.s.o.j.LocalContainerEntityManagerFactoryBean - Building JPA container EntityManagerFactory for persistence unit 'default'
2020-02-17 13:17:02.522 [main] [] INFO  o.h.jpa.internal.util.LogHelper - HHH000204: Processing PersistenceUnitInfo [
	name: default
	...]
2020-02-17 13:17:02.740 [main] [] INFO  org.hibernate.Version - HHH000412: Hibernate Core {5.0.12.Final}
2020-02-17 13:17:02.744 [main] [] INFO  org.hibernate.cfg.Environment - HHH000206: hibernate.properties not found
2020-02-17 13:17:02.748 [main] [] INFO  org.hibernate.cfg.Environment - HHH000021: Bytecode provider name : javassist
2020-02-17 13:17:02.888 [main] [] INFO  o.h.annotations.common.Version - HCANN000001: Hibernate Commons Annotations {5.0.1.Final}
2020-02-17 13:17:03.496 [main] [] INFO  org.hibernate.dialect.Dialect - HHH000400: Using dialect: org.hibernate.dialect.MySQL5Dialect
2020-02-17 13:17:05.865 [main] [] INFO  o.s.o.j.LocalContainerEntityManagerFactoryBean - Initialized JPA EntityManagerFactory for persistence unit 'default'
2020-02-17 13:17:07.781 [main] [] INFO  o.h.h.i.QueryTranslatorFactoryInitiator - HHH000397: Using ASTQueryTranslatorFactory
2020-02-17 13:17:14.356 [main] [] INFO  o.s.w.s.m.m.a.RequestMappingHandlerAdapter - Looking for @ControllerAdvice: org.springframework.boot.context.embedded.AnnotationConfigEmbeddedWebApplicationContext@149e0f5d: startup date [Mon Feb 17 13:16:51 IST 2020]; root of context hierarchy
2020-02-17 13:17:14.586 [main] [] INFO  o.s.w.s.m.m.a.RequestMappingHandlerMapping - Mapped "{[/trspt/api/v1/uploadDocs],methods=[POST],produces=[application/json]}" onto private com.transport.response.TransportResponse com.transport.controller.KYCDocsController.uploadDocs(com.transport.bean.KYCDetails,javax.servlet.http.HttpServletRequest) throws com.transport.exception.MailExistsException,com.transport.exception.UserNameExistsException,com.transport.exception.TransportException
2020-02-17 13:17:14.594 [main] [] INFO  o.s.w.s.m.m.a.RequestMappingHandlerMapping - Mapped "{[/trspt/api/v1/setPassword],methods=[POST],produces=[application/json]}" onto private com.transport.response.TransportResponse com.transport.controller.TransportSecurityController.setPassword(com.transport.bean.SetPassword) throws com.transport.exception.PasswordMismatchException
2020-02-17 13:17:14.606 [main] [] INFO  o.s.w.s.m.m.a.RequestMappingHandlerMapping - Mapped "{[/trspt/api/v1/resendOTP],methods=[POST],produces=[application/json]}" onto private com.transport.response.TransportResponse com.transport.controller.TransportSecurityController.resendOTP(com.transport.bean.UserOTPReq) throws com.transport.exception.MailExistsException,com.transport.exception.UserNameExistsException,com.transport.exception.TransportException,com.transport.exception.InvalidMaildId,com.transport.exception.ResendOTPFailed,com.transport.exception.SendOTPFailed
2020-02-17 13:17:14.606 [main] [] INFO  o.s.w.s.m.m.a.RequestMappingHandlerMapping - Mapped "{[/trspt/api/v1/validateCustomerOTP],methods=[POST],produces=[application/json]}" onto private com.transport.response.LoginResult com.transport.controller.TransportSecurityController.validateOTP(com.transport.bean.UserOTPReq) throws com.transport.exception.MailExistsException,com.transport.exception.UserNameExistsException,com.transport.exception.TransportException,com.transport.exception.InvalidMaildId,com.transport.exception.ResendOTPFailed,com.transport.exception.SendOTPFailed,com.transport.exception.OTPExpiredException,com.transport.exception.InvalidOTP,com.transport.exception.TransportDAOException
2020-02-17 13:17:14.606 [main] [] INFO  o.s.w.s.m.m.a.RequestMappingHandlerMapping - Mapped "{[/trspt/api/v1/customer/login],methods=[POST],produces=[application/json]}" onto private com.transport.response.TransportResponse com.transport.controller.TransportSecurityController.loginCustomer(com.transport.bean.LoginRequest) throws com.transport.exception.UserNameExistsException,com.transport.exception.TransportException,com.transport.exception.InvalidMaildId,com.transport.exception.LoginFailedException,com.transport.exception.TransportDAOException,com.transport.exception.InvalidAccount,com.transport.exception.SendOTPFailed
2020-02-17 13:17:14.606 [main] [] INFO  o.s.w.s.m.m.a.RequestMappingHandlerMapping - Mapped "{[/trspt/api/v1/driver/register],methods=[POST],produces=[application/json]}" onto private com.transport.response.TransportResponse com.transport.controller.TransportSecurityController.registerDriver(com.transport.model.UserRegistration) throws com.transport.exception.MailExistsException,com.transport.exception.UserNameExistsException,com.transport.exception.TransportException
2020-02-17 13:17:14.606 [main] [] INFO  o.s.w.s.m.m.a.RequestMappingHandlerMapping - Mapped "{[/trspt/api/v1/driver/login],methods=[POST],produces=[application/json]}" onto private com.transport.response.DriverLoginResponse com.transport.controller.TransportSecurityController.driverLogin(com.transport.bean.DriverLoginReq) throws com.transport.exception.UserNameExistsException,com.transport.exception.TransportException,com.transport.exception.InvalidMaildId,com.transport.exception.LoginFailedException,com.transport.exception.TransportDAOException,com.transport.exception.InvalidAccount,com.transport.exception.SendOTPFailed
2020-02-17 13:17:14.610 [main] [] INFO  o.s.w.s.m.m.a.RequestMappingHandlerMapping - Mapped "{[/trspt/api/v1/validateDriverOTP],methods=[POST],produces=[application/json]}" onto private com.transport.response.OTPResponse com.transport.controller.TransportSecurityController.validateDriverOTP(com.transport.bean.DriverOTPReq) throws com.transport.exception.MailExistsException,com.transport.exception.UserNameExistsException,com.transport.exception.TransportException,com.transport.exception.InvalidMaildId,com.transport.exception.TransportDAOException,com.transport.exception.LoginFailedException,com.transport.exception.OTPExpiredException,com.transport.exception.InvalidOTP
2020-02-17 13:17:14.610 [main] [] INFO  o.s.w.s.m.m.a.RequestMappingHandlerMapping - Mapped "{[/error]}" onto public org.springframework.http.ResponseEntity<java.util.Map<java.lang.String, java.lang.Object>> org.springframework.boot.autoconfigure.web.BasicErrorController.error(javax.servlet.http.HttpServletRequest)
2020-02-17 13:17:14.614 [main] [] INFO  o.s.w.s.m.m.a.RequestMappingHandlerMapping - Mapped "{[/error],produces=[text/html]}" onto public org.springframework.web.servlet.ModelAndView org.springframework.boot.autoconfigure.web.BasicErrorController.errorHtml(javax.servlet.http.HttpServletRequest,javax.servlet.http.HttpServletResponse)
2020-02-17 13:17:14.682 [main] [] INFO  o.s.w.s.h.SimpleUrlHandlerMapping - Mapped URL path [/webjars/**] onto handler of type [class org.springframework.web.servlet.resource.ResourceHttpRequestHandler]
2020-02-17 13:17:14.682 [main] [] INFO  o.s.w.s.h.SimpleUrlHandlerMapping - Mapped URL path [/**] onto handler of type [class org.springframework.web.servlet.resource.ResourceHttpRequestHandler]
2020-02-17 13:17:14.762 [main] [] INFO  o.s.w.s.m.m.a.ExceptionHandlerExceptionResolver - Detected @ExceptionHandler methods in transportControllAdvice
2020-02-17 13:17:14.762 [main] [] INFO  o.s.w.s.m.m.a.ExceptionHandlerExceptionResolver - Detected @ExceptionHandler methods in repositoryRestExceptionHandler
2020-02-17 13:17:15.102 [main] [] INFO  o.s.w.s.h.SimpleUrlHandlerMapping - Mapped URL path [/**/favicon.ico] onto handler of type [class org.springframework.web.servlet.resource.ResourceHttpRequestHandler]
2020-02-17 13:17:16.138 [main] [] INFO  o.s.d.r.w.RepositoryRestHandlerAdapter - Looking for @ControllerAdvice: org.springframework.boot.context.embedded.AnnotationConfigEmbeddedWebApplicationContext@149e0f5d: startup date [Mon Feb 17 13:16:51 IST 2020]; root of context hierarchy
2020-02-17 13:17:16.500 [main] [] INFO  o.s.d.r.w.RepositoryRestHandlerMapping - Mapped "{[/{repository}],methods=[GET],produces=[application/x-spring-data-compact+json || text/uri-list]}" onto public org.springframework.hateoas.Resources<?> org.springframework.data.rest.webmvc.RepositoryEntityController.getCollectionResourceCompact(org.springframework.data.rest.webmvc.RootResourceInformation,org.springframework.data.rest.webmvc.support.DefaultedPageable,org.springframework.data.domain.Sort,org.springframework.data.rest.webmvc.PersistentEntityResourceAssembler) throws org.springframework.data.rest.webmvc.ResourceNotFoundException,org.springframework.web.HttpRequestMethodNotSupportedException
2020-02-17 13:17:16.500 [main] [] INFO  o.s.d.r.w.RepositoryRestHandlerMapping - Mapped "{[/{repository}],methods=[GET],produces=[application/hal+json || application/json]}" onto public org.springframework.hateoas.Resources<?> org.springframework.data.rest.webmvc.RepositoryEntityController.getCollectionResource(org.springframework.data.rest.webmvc.RootResourceInformation,org.springframework.data.rest.webmvc.support.DefaultedPageable,org.springframework.data.domain.Sort,org.springframework.data.rest.webmvc.PersistentEntityResourceAssembler) throws org.springframework.data.rest.webmvc.ResourceNotFoundException,org.springframework.web.HttpRequestMethodNotSupportedException
2020-02-17 13:17:16.500 [main] [] INFO  o.s.d.r.w.RepositoryRestHandlerMapping - Mapped "{[/{repository}/{id}],methods=[HEAD],produces=[application/hal+json || application/json]}" onto public org.springframework.http.ResponseEntity<?> org.springframework.data.rest.webmvc.RepositoryEntityController.headForItemResource(org.springframework.data.rest.webmvc.RootResourceInformation,java.io.Serializable,org.springframework.data.rest.webmvc.PersistentEntityResourceAssembler) throws org.springframework.web.HttpRequestMethodNotSupportedException
2020-02-17 13:17:16.504 [main] [] INFO  o.s.d.r.w.RepositoryRestHandlerMapping - Mapped "{[/{repository}],methods=[POST],produces=[application/hal+json || application/json]}" onto public org.springframework.http.ResponseEntity<org.springframework.hateoas.ResourceSupport> org.springframework.data.rest.webmvc.RepositoryEntityController.postCollectionResource(org.springframework.data.rest.webmvc.RootResourceInformation,org.springframework.data.rest.webmvc.PersistentEntityResource,org.springframework.data.rest.webmvc.PersistentEntityResourceAssembler,java.lang.String) throws org.springframework.web.HttpRequestMethodNotSupportedException
2020-02-17 13:17:16.504 [main] [] INFO  o.s.d.r.w.RepositoryRestHandlerMapping - Mapped "{[/{repository}],methods=[OPTIONS],produces=[application/hal+json || application/json]}" onto public org.springframework.http.ResponseEntity<?> org.springframework.data.rest.webmvc.RepositoryEntityController.optionsForCollectionResource(org.springframework.data.rest.webmvc.RootResourceInformation)
2020-02-17 13:17:16.504 [main] [] INFO  o.s.d.r.w.RepositoryRestHandlerMapping - Mapped "{[/{repository}],methods=[HEAD],produces=[application/hal+json || application/json]}" onto public org.springframework.http.ResponseEntity<?> org.springframework.data.rest.webmvc.RepositoryEntityController.headCollectionResource(org.springframework.data.rest.webmvc.RootResourceInformation,org.springframework.data.rest.webmvc.support.DefaultedPageable) throws org.springframework.web.HttpRequestMethodNotSupportedException
2020-02-17 13:17:16.504 [main] [] INFO  o.s.d.r.w.RepositoryRestHandlerMapping - Mapped "{[/{repository}/{id}],methods=[DELETE],produces=[application/hal+json || application/json]}" onto public org.springframework.http.ResponseEntity<?> org.springframework.data.rest.webmvc.RepositoryEntityController.deleteItemResource(org.springframework.data.rest.webmvc.RootResourceInformation,java.io.Serializable,org.springframework.data.rest.webmvc.support.ETag) throws org.springframework.data.rest.webmvc.ResourceNotFoundException,org.springframework.web.HttpRequestMethodNotSupportedException
2020-02-17 13:17:16.504 [main] [] INFO  o.s.d.r.w.RepositoryRestHandlerMapping - Mapped "{[/{repository}/{id}],methods=[OPTIONS],produces=[application/hal+json || application/json]}" onto public org.springframework.http.ResponseEntity<?> org.springframework.data.rest.webmvc.RepositoryEntityController.optionsForItemResource(org.springframework.data.rest.webmvc.RootResourceInformation)
2020-02-17 13:17:16.504 [main] [] INFO  o.s.d.r.w.RepositoryRestHandlerMapping - Mapped "{[/{repository}/{id}],methods=[PATCH],produces=[application/hal+json || application/json]}" onto public org.springframework.http.ResponseEntity<org.springframework.hateoas.ResourceSupport> org.springframework.data.rest.webmvc.RepositoryEntityController.patchItemResource(org.springframework.data.rest.webmvc.RootResourceInformation,org.springframework.data.rest.webmvc.PersistentEntityResource,java.io.Serializable,org.springframework.data.rest.webmvc.PersistentEntityResourceAssembler,org.springframework.data.rest.webmvc.support.ETag,java.lang.String) throws org.springframework.web.HttpRequestMethodNotSupportedException,org.springframework.data.rest.webmvc.ResourceNotFoundException
2020-02-17 13:17:16.740 [main] [] INFO  o.s.d.r.w.RepositoryRestHandlerMapping - Mapped "{[/{repository}/{id}],methods=[PUT],produces=[application/hal+json || application/json]}" onto public org.springframework.http.ResponseEntity<? extends org.springframework.hateoas.ResourceSupport> org.springframework.data.rest.webmvc.RepositoryEntityController.putItemResource(org.springframework.data.rest.webmvc.RootResourceInformation,org.springframework.data.rest.webmvc.PersistentEntityResource,java.io.Serializable,org.springframework.data.rest.webmvc.PersistentEntityResourceAssembler,org.springframework.data.rest.webmvc.support.ETag,java.lang.String) throws org.springframework.web.HttpRequestMethodNotSupportedException
2020-02-17 13:17:16.740 [main] [] INFO  o.s.d.r.w.RepositoryRestHandlerMapping - Mapped "{[/{repository}/{id}],methods=[GET],produces=[application/hal+json || application/json]}" onto public org.springframework.http.ResponseEntity<org.springframework.hateoas.Resource<?>> org.springframework.data.rest.webmvc.RepositoryEntityController.getItemResource(org.springframework.data.rest.webmvc.RootResourceInformation,java.io.Serializable,org.springframework.data.rest.webmvc.PersistentEntityResourceAssembler,org.springframework.http.HttpHeaders) throws org.springframework.web.HttpRequestMethodNotSupportedException
2020-02-17 13:17:16.744 [main] [] INFO  o.s.d.r.w.RepositoryRestHandlerMapping - Mapped "{[/{repository}/{id}/{property}],methods=[GET],produces=[application/hal+json || application/json]}" onto public org.springframework.http.ResponseEntity<org.springframework.hateoas.ResourceSupport> org.springframework.data.rest.webmvc.RepositoryPropertyReferenceController.followPropertyReference(org.springframework.data.rest.webmvc.RootResourceInformation,java.io.Serializable,java.lang.String,org.springframework.data.rest.webmvc.PersistentEntityResourceAssembler) throws java.lang.Exception
2020-02-17 13:17:16.744 [main] [] INFO  o.s.d.r.w.RepositoryRestHandlerMapping - Mapped "{[/{repository}/{id}/{property}/{propertyId}],methods=[GET],produces=[application/hal+json || application/json]}" onto public org.springframework.http.ResponseEntity<org.springframework.hateoas.ResourceSupport> org.springframework.data.rest.webmvc.RepositoryPropertyReferenceController.followPropertyReference(org.springframework.data.rest.webmvc.RootResourceInformation,java.io.Serializable,java.lang.String,java.lang.String,org.springframework.data.rest.webmvc.PersistentEntityResourceAssembler) throws java.lang.Exception
2020-02-17 13:17:16.744 [main] [] INFO  o.s.d.r.w.RepositoryRestHandlerMapping - Mapped "{[/{repository}/{id}/{property}],methods=[PATCH || PUT || POST],consumes=[application/json || application/x-spring-data-compact+json || text/uri-list],produces=[application/hal+json || application/json]}" onto public org.springframework.http.ResponseEntity<? extends org.springframework.hateoas.ResourceSupport> org.springframework.data.rest.webmvc.RepositoryPropertyReferenceController.createPropertyReference(org.springframework.data.rest.webmvc.RootResourceInformation,org.springframework.http.HttpMethod,org.springframework.hateoas.Resources<java.lang.Object>,java.io.Serializable,java.lang.String) throws java.lang.Exception
2020-02-17 13:17:16.748 [main] [] INFO  o.s.d.r.w.RepositoryRestHandlerMapping - Mapped "{[/{repository}/{id}/{property}],methods=[GET],produces=[application/x-spring-data-compact+json || text/uri-list]}" onto public org.springframework.http.ResponseEntity<org.springframework.hateoas.ResourceSupport> org.springframework.data.rest.webmvc.RepositoryPropertyReferenceController.followPropertyReferenceCompact(org.springframework.data.rest.webmvc.RootResourceInformation,java.io.Serializable,java.lang.String,org.springframework.data.rest.webmvc.PersistentEntityResourceAssembler) throws java.lang.Exception
2020-02-17 13:17:16.748 [main] [] INFO  o.s.d.r.w.RepositoryRestHandlerMapping - Mapped "{[/{repository}/{id}/{property}],methods=[DELETE],produces=[application/hal+json || application/json]}" onto public org.springframework.http.ResponseEntity<? extends org.springframework.hateoas.ResourceSupport> org.springframework.data.rest.webmvc.RepositoryPropertyReferenceController.deletePropertyReference(org.springframework.data.rest.webmvc.RootResourceInformation,java.io.Serializable,java.lang.String) throws java.lang.Exception
2020-02-17 13:17:16.748 [main] [] INFO  o.s.d.r.w.RepositoryRestHandlerMapping - Mapped "{[/{repository}/{id}/{property}/{propertyId}],methods=[DELETE],produces=[application/hal+json || application/json]}" onto public org.springframework.http.ResponseEntity<org.springframework.hateoas.ResourceSupport> org.springframework.data.rest.webmvc.RepositoryPropertyReferenceController.deletePropertyReferenceId(org.springframework.data.rest.webmvc.RootResourceInformation,java.io.Serializable,java.lang.String,java.lang.String) throws java.lang.Exception
2020-02-17 13:17:16.748 [main] [] INFO  o.s.d.r.w.RepositoryRestHandlerMapping - Mapped "{[/{repository}/search],methods=[OPTIONS],produces=[application/hal+json || application/json]}" onto public org.springframework.http.HttpEntity<?> org.springframework.data.rest.webmvc.RepositorySearchController.optionsForSearches(org.springframework.data.rest.webmvc.RootResourceInformation)
2020-02-17 13:17:16.748 [main] [] INFO  o.s.d.r.w.RepositoryRestHandlerMapping - Mapped "{[/{repository}/search/{search}],methods=[GET],produces=[application/x-spring-data-compact+json]}" onto public org.springframework.hateoas.ResourceSupport org.springframework.data.rest.webmvc.RepositorySearchController.executeSearchCompact(org.springframework.data.rest.webmvc.RootResourceInformation,org.springframework.http.HttpHeaders,org.springframework.util.MultiValueMap<java.lang.String, java.lang.Object>,java.lang.String,java.lang.String,org.springframework.data.rest.webmvc.support.DefaultedPageable,org.springframework.data.domain.Sort,org.springframework.data.rest.webmvc.PersistentEntityResourceAssembler)
2020-02-17 13:17:16.792 [main] [] INFO  o.s.d.r.w.RepositoryRestHandlerMapping - Mapped "{[/{repository}/search/{search}],methods=[HEAD],produces=[application/hal+json || application/json]}" onto public org.springframework.http.ResponseEntity<java.lang.Object> org.springframework.data.rest.webmvc.RepositorySearchController.headForSearch(org.springframework.data.rest.webmvc.RootResourceInformation,java.lang.String)
2020-02-17 13:17:16.796 [main] [] INFO  o.s.d.r.w.RepositoryRestHandlerMapping - Mapped "{[/{repository}/search/{search}],methods=[OPTIONS],produces=[application/hal+json || application/json]}" onto public org.springframework.http.ResponseEntity<java.lang.Object> org.springframework.data.rest.webmvc.RepositorySearchController.optionsForSearch(org.springframework.data.rest.webmvc.RootResourceInformation,java.lang.String)
2020-02-17 13:17:16.796 [main] [] INFO  o.s.d.r.w.RepositoryRestHandlerMapping - Mapped "{[/{repository}/search],methods=[GET],produces=[application/hal+json || application/json]}" onto public org.springframework.data.rest.webmvc.RepositorySearchesResource org.springframework.data.rest.webmvc.RepositorySearchController.listSearches(org.springframework.data.rest.webmvc.RootResourceInformation)
2020-02-17 13:17:16.796 [main] [] INFO  o.s.d.r.w.RepositoryRestHandlerMapping - Mapped "{[/{repository}/search],methods=[HEAD],produces=[application/hal+json || application/json]}" onto public org.springframework.http.HttpEntity<?> org.springframework.data.rest.webmvc.RepositorySearchController.headForSearches(org.springframework.data.rest.webmvc.RootResourceInformation)
2020-02-17 13:17:16.796 [main] [] INFO  o.s.d.r.w.RepositoryRestHandlerMapping - Mapped "{[/{repository}/search/{search}],methods=[GET],produces=[application/hal+json || application/json]}" onto public org.springframework.http.ResponseEntity<?> org.springframework.data.rest.webmvc.RepositorySearchController.executeSearch(org.springframework.data.rest.webmvc.RootResourceInformation,org.springframework.util.MultiValueMap<java.lang.String, java.lang.Object>,java.lang.String,org.springframework.data.rest.webmvc.support.DefaultedPageable,org.springframework.data.domain.Sort,org.springframework.data.rest.webmvc.PersistentEntityResourceAssembler,org.springframework.http.HttpHeaders)
2020-02-17 13:17:16.796 [main] [] INFO  o.s.d.r.w.RepositoryRestHandlerMapping - Mapped "{[/ || ],methods=[HEAD],produces=[application/hal+json || application/json]}" onto public org.springframework.http.ResponseEntity<?> org.springframework.data.rest.webmvc.RepositoryController.headForRepositories()
2020-02-17 13:17:16.796 [main] [] INFO  o.s.d.r.w.RepositoryRestHandlerMapping - Mapped "{[/ || ],methods=[OPTIONS],produces=[application/hal+json || application/json]}" onto public org.springframework.http.HttpEntity<?> org.springframework.data.rest.webmvc.RepositoryController.optionsForRepositories()
2020-02-17 13:17:16.796 [main] [] INFO  o.s.d.r.w.RepositoryRestHandlerMapping - Mapped "{[/ || ],methods=[GET],produces=[application/hal+json || application/json]}" onto public org.springframework.http.HttpEntity<org.springframework.data.rest.webmvc.RepositoryLinksResource> org.springframework.data.rest.webmvc.RepositoryController.listRepositories()
2020-02-17 13:17:16.804 [main] [] INFO  o.s.d.r.w.BasePathAwareHandlerMapping - Mapped "{[/profile],methods=[GET]}" onto org.springframework.http.HttpEntity<org.springframework.hateoas.ResourceSupport> org.springframework.data.rest.webmvc.ProfileController.listAllFormsOfMetadata()
2020-02-17 13:17:16.804 [main] [] INFO  o.s.d.r.w.BasePathAwareHandlerMapping - Mapped "{[/profile],methods=[OPTIONS]}" onto public org.springframework.http.HttpEntity<?> org.springframework.data.rest.webmvc.ProfileController.profileOptions()
2020-02-17 13:17:16.804 [main] [] INFO  o.s.d.r.w.BasePathAwareHandlerMapping - Mapped "{[/profile/{repository}],methods=[GET],produces=[application/alps+json || */*]}" onto org.springframework.http.HttpEntity<org.springframework.data.rest.webmvc.RootResourceInformation> org.springframework.data.rest.webmvc.alps.AlpsController.descriptor(org.springframework.data.rest.webmvc.RootResourceInformation)
2020-02-17 13:17:16.804 [main] [] INFO  o.s.d.r.w.BasePathAwareHandlerMapping - Mapped "{[/profile/{repository}],methods=[OPTIONS],produces=[application/alps+json]}" onto org.springframework.http.HttpEntity<?> org.springframework.data.rest.webmvc.alps.AlpsController.alpsOptions()
2020-02-17 13:17:16.804 [main] [] INFO  o.s.d.r.w.BasePathAwareHandlerMapping - Mapped "{[/profile/{repository}],methods=[GET],produces=[application/schema+json]}" onto public org.springframework.http.HttpEntity<org.springframework.data.rest.webmvc.json.JsonSchema> org.springframework.data.rest.webmvc.RepositorySchemaController.schema(org.springframework.data.rest.webmvc.RootResourceInformation)
2020-02-17 13:17:17.792 [main] [] INFO  o.s.j.e.a.AnnotationMBeanExporter - Registering beans for JMX exposure on startup
2020-02-17 13:17:17.828 [main] [] INFO  o.s.j.e.a.AnnotationMBeanExporter - Bean with name 'dataSourceContextSource' has been autodetected for JMX exposure
2020-02-17 13:17:17.877 [main] [] INFO  o.s.j.e.a.AnnotationMBeanExporter - Located MBean 'dataSourceContextSource': registering with JMX server as MBean [com.zaxxer.hikari:name=dataSourceContextSource,type=HikariDataSource]
2020-02-17 13:17:17.893 [main] [] INFO  o.a.coyote.http11.Http11NioProtocol - Starting ProtocolHandler ["http-nio-8181"]
2020-02-17 13:17:18.821 [main] [] INFO  o.a.tomcat.util.net.NioSelectorPool - Using a shared selector for servlet write/read
2020-02-17 13:17:18.895 [main] [] INFO  o.s.b.c.e.t.TomcatEmbeddedServletContainer - Tomcat started on port(s): 8181 (http)
2020-02-17 13:17:18.908 [main] [] INFO  c.t.TransportSecurityApplication - Started TransportSecurityApplication in 28.674 seconds (JVM running for 29.802)
2020-02-17 13:22:30.012 [http-nio-8181-exec-10] [] INFO  o.a.c.c.C.[Tomcat].[localhost].[/] - Initializing Spring FrameworkServlet 'dispatcherServlet'
2020-02-17 13:22:30.012 [http-nio-8181-exec-10] [] INFO  o.s.web.servlet.DispatcherServlet - FrameworkServlet 'dispatcherServlet': initialization started
2020-02-17 13:22:30.043 [http-nio-8181-exec-10] [] INFO  o.s.web.servlet.DispatcherServlet - FrameworkServlet 'dispatcherServlet': initialization completed in 31 ms
2020-02-17 13:22:30.067 [http-nio-8181-exec-10] [] INFO  c.t.filter.TransportSecurityFilter - TransportSecurityFilter : Transport transaction initiated with Transaction Id 4125b4fd-3387-4ec8-aaf9-2686e4f6f1d5 request method POST
2020-02-17 13:22:30.067 [http-nio-8181-exec-10] [4125b4fd-3387-4ec8-aaf9-2686e4f6f1d5] INFO  c.t.filter.TransportSecurityFilter - Transport Security filter : path /trspt/api/v1/save/driverProfileDetails resource path http://localhost:8182/trspt/api/v1/save/driverProfileDetails
2020-02-17 13:25:11.019 [http-nio-8181-exec-8] [] INFO  c.t.filter.TransportSecurityFilter - TransportSecurityFilter : Transport transaction initiated with Transaction Id 62a504bf-ec9c-4c62-9219-0c1a9986ac99 request method POST
2020-02-17 13:25:11.019 [http-nio-8181-exec-8] [62a504bf-ec9c-4c62-9219-0c1a9986ac99] INFO  c.t.filter.TransportSecurityFilter - Transport Security filter : path /trspt/api/v1/save/driverProfileDetails resource path http://localhost:8182/trspt/api/v1/save/driverProfileDetails
2020-02-17 13:26:33.650 [http-nio-8181-exec-6] [] INFO  c.t.filter.TransportSecurityFilter - TransportSecurityFilter : Transport transaction initiated with Transaction Id 21c76b78-6274-4080-a8b2-5cec61bb9c03 request method POST
2020-02-17 13:26:33.650 [http-nio-8181-exec-6] [21c76b78-6274-4080-a8b2-5cec61bb9c03] INFO  c.t.filter.TransportSecurityFilter - Transport Security filter : path /trspt/api/v1/driver/login resource path http://localhost:8182/trspt/api/v1/driver/login
2020-02-17 13:26:35.145 [http-nio-8181-exec-6] [21c76b78-6274-4080-a8b2-5cec61bb9c03] DEBUG com.transport.util.JWTUtility - AccessToken========
2020-02-17 13:26:52.669 [http-nio-8181-exec-5] [] INFO  c.t.filter.TransportSecurityFilter - TransportSecurityFilter : Transport transaction initiated with Transaction Id 9ad795f9-f9d3-428f-b343-9624a94b4f9d request method POST
2020-02-17 13:26:52.669 [http-nio-8181-exec-5] [9ad795f9-f9d3-428f-b343-9624a94b4f9d] INFO  c.t.filter.TransportSecurityFilter - Transport Security filter : path /trspt/api/v1/save/driverProfileDetails resource path http://localhost:8182/trspt/api/v1/save/driverProfileDetails
2020-02-17 13:28:03.247 [http-nio-8181-exec-3] [] INFO  c.t.filter.TransportSecurityFilter - TransportSecurityFilter : Transport transaction initiated with Transaction Id 26b7772d-ba64-4072-bb93-7da7d18df36e request method POST
2020-02-17 13:28:03.247 [http-nio-8181-exec-3] [26b7772d-ba64-4072-bb93-7da7d18df36e] INFO  c.t.filter.TransportSecurityFilter - Transport Security filter : path /trspt/api/v1/save/driverProfileDetails resource path http://localhost:8182/trspt/api/v1/save/driverProfileDetails
2020-02-17 13:28:33.209 [http-nio-8181-exec-2] [] INFO  c.t.filter.TransportSecurityFilter - TransportSecurityFilter : Transport transaction initiated with Transaction Id a66fb269-b90e-4fe2-9cc2-845679c0138b request method POST
2020-02-17 13:28:33.209 [http-nio-8181-exec-2] [a66fb269-b90e-4fe2-9cc2-845679c0138b] INFO  c.t.filter.TransportSecurityFilter - Transport Security filter : path /trspt/api/v1/save/driverProfileDetails resource path http://localhost:8182/trspt/api/v1/save/driverProfileDetails
2020-02-17 13:52:48.104 [TransportPool housekeeper] [] WARN  com.zaxxer.hikari.pool.HikariPool - TransportPool - Thread starvation or clock leap detected (housekeeper delta=19m16s990ms533탎400ns).
2020-02-17 14:12:35.673 [http-nio-8181-exec-10] [4125b4fd-3387-4ec8-aaf9-2686e4f6f1d5] INFO  c.t.filter.TransportSecurityFilter - TransportSecurityFilter : Transport transaction initiated with Transaction Id 78082e76-1870-4117-8c5f-a21ed5a5a4d1 request method POST
2020-02-17 14:12:35.673 [http-nio-8181-exec-10] [78082e76-1870-4117-8c5f-a21ed5a5a4d1] INFO  c.t.filter.TransportSecurityFilter - Transport Security filter : path /trspt/api/v1/save/driverProfileDetails resource path http://localhost:8182/trspt/api/v1/save/driverProfileDetails
2020-02-17 14:17:45.511 [http-nio-8181-exec-8] [62a504bf-ec9c-4c62-9219-0c1a9986ac99] INFO  c.t.filter.TransportSecurityFilter - TransportSecurityFilter : Transport transaction initiated with Transaction Id 367b23a2-8cf1-4c8a-851d-c409b2644468 request method POST
2020-02-17 14:17:45.512 [http-nio-8181-exec-8] [367b23a2-8cf1-4c8a-851d-c409b2644468] INFO  c.t.filter.TransportSecurityFilter - Transport Security filter : path /trspt/api/v1/save/driverProfileDetails resource path http://localhost:8182/trspt/api/v1/save/driverProfileDetails
2020-02-17 14:17:51.043 [http-nio-8181-exec-7] [] INFO  c.t.filter.TransportSecurityFilter - TransportSecurityFilter : Transport transaction initiated with Transaction Id 4c15f408-adca-42d4-b9d5-366b5fbbcb61 request method POST
2020-02-17 14:17:51.044 [http-nio-8181-exec-7] [4c15f408-adca-42d4-b9d5-366b5fbbcb61] INFO  c.t.filter.TransportSecurityFilter - Transport Security filter : path /trspt/api/v1/save/driverProfileDetails resource path http://localhost:8182/trspt/api/v1/save/driverProfileDetails
2020-02-17 14:18:11.866 [http-nio-8181-exec-6] [21c76b78-6274-4080-a8b2-5cec61bb9c03] INFO  c.t.filter.TransportSecurityFilter - TransportSecurityFilter : Transport transaction initiated with Transaction Id 43618a92-1956-47d0-ad09-a1be146b7e4e request method POST
2020-02-17 14:18:11.867 [http-nio-8181-exec-6] [43618a92-1956-47d0-ad09-a1be146b7e4e] INFO  c.t.filter.TransportSecurityFilter - Transport Security filter : path /trspt/api/v1/save/driverProfileDetails resource path http://localhost:8182/trspt/api/v1/save/driverProfileDetails
2020-02-17 14:18:36.183 [http-nio-8181-exec-5] [9ad795f9-f9d3-428f-b343-9624a94b4f9d] INFO  c.t.filter.TransportSecurityFilter - TransportSecurityFilter : Transport transaction initiated with Transaction Id 33c72af3-bc51-4d70-8850-afbee234e4dd request method POST
2020-02-17 14:18:36.184 [http-nio-8181-exec-5] [33c72af3-bc51-4d70-8850-afbee234e4dd] INFO  c.t.filter.TransportSecurityFilter - Transport Security filter : path /trspt/api/v1/save/driverProfileDetails resource path http://localhost:8182/trspt/api/v1/save/driverProfileDetails
2020-02-17 14:43:21.339 [http-nio-8181-exec-3] [26b7772d-ba64-4072-bb93-7da7d18df36e] INFO  c.t.filter.TransportSecurityFilter - TransportSecurityFilter : Transport transaction initiated with Transaction Id 85701ed2-f639-4055-877c-534b3381dbdc request method GET
2020-02-17 14:43:21.340 [http-nio-8181-exec-3] [85701ed2-f639-4055-877c-534b3381dbdc] INFO  c.t.filter.TransportSecurityFilter - Transport Security filter : path /trspt/api/v1/get/driverProfileDetails resource path http://localhost:8182/trspt/api/v1/get/driverProfileDetails
2020-02-17 14:44:40.000 [http-nio-8181-exec-1] [] INFO  c.t.filter.TransportSecurityFilter - TransportSecurityFilter : Transport transaction initiated with Transaction Id f710a58d-bf90-41df-a774-0cbb0f0547d6 request method GET
2020-02-17 14:44:40.001 [http-nio-8181-exec-1] [f710a58d-bf90-41df-a774-0cbb0f0547d6] INFO  c.t.filter.TransportSecurityFilter - Transport Security filter : path /trspt/api/v1/get/driverProfileDetails resource path http://localhost:8182/trspt/api/v1/get/driverProfileDetails
2020-02-17 14:44:46.958 [http-nio-8181-exec-10] [78082e76-1870-4117-8c5f-a21ed5a5a4d1] INFO  c.t.filter.TransportSecurityFilter - TransportSecurityFilter : Transport transaction initiated with Transaction Id 56448fc3-625e-45b1-b63c-cf5580479e92 request method GET
2020-02-17 14:44:46.958 [http-nio-8181-exec-10] [56448fc3-625e-45b1-b63c-cf5580479e92] INFO  c.t.filter.TransportSecurityFilter - Transport Security filter : path /trspt/api/v1/get/driverProfileDetails resource path http://localhost:8182/trspt/api/v1/get/driverProfileDetails
2020-02-17 14:54:32.577 [http-nio-8181-exec-8] [367b23a2-8cf1-4c8a-851d-c409b2644468] INFO  c.t.filter.TransportSecurityFilter - TransportSecurityFilter : Transport transaction initiated with Transaction Id 81ebe663-fc3a-462a-a781-50e979992c97 request method GET
2020-02-17 14:54:32.578 [http-nio-8181-exec-8] [81ebe663-fc3a-462a-a781-50e979992c97] INFO  c.t.filter.TransportSecurityFilter - Transport Security filter : path /trspt/api/v1/get/driverProfileDetails resource path http://localhost:8182/trspt/api/v1/get/driverProfileDetails
2020-02-17 15:00:46.071 [http-nio-8181-exec-6] [43618a92-1956-47d0-ad09-a1be146b7e4e] INFO  c.t.filter.TransportSecurityFilter - TransportSecurityFilter : Transport transaction initiated with Transaction Id 6b7df91f-2f60-44a0-b716-c7ee54eed82b request method GET
2020-02-17 15:00:46.072 [http-nio-8181-exec-6] [6b7df91f-2f60-44a0-b716-c7ee54eed82b] INFO  c.t.filter.TransportSecurityFilter - Transport Security filter : path /trspt/api/v1/get/driverProfileDetails resource path http://localhost:8182/trspt/api/v1/get/driverProfileDetails
2020-02-17 15:01:07.165 [http-nio-8181-exec-5] [33c72af3-bc51-4d70-8850-afbee234e4dd] INFO  c.t.filter.TransportSecurityFilter - TransportSecurityFilter : Transport transaction initiated with Transaction Id 6fb5d4f5-3075-4ada-b949-bc8decb3c60f request method POST
2020-02-17 15:01:07.167 [http-nio-8181-exec-5] [6fb5d4f5-3075-4ada-b949-bc8decb3c60f] INFO  c.t.filter.TransportSecurityFilter - Transport Security filter : path /trspt/api/v1/save/driverProfileDetails resource path http://localhost:8182/trspt/api/v1/save/driverProfileDetails
2020-02-17 15:02:49.318 [http-nio-8181-exec-3] [85701ed2-f639-4055-877c-534b3381dbdc] INFO  c.t.filter.TransportSecurityFilter - TransportSecurityFilter : Transport transaction initiated with Transaction Id 46a0496c-7be7-4bd9-b81f-5d61c0703b3b request method GET
2020-02-17 15:02:49.319 [http-nio-8181-exec-3] [46a0496c-7be7-4bd9-b81f-5d61c0703b3b] INFO  c.t.filter.TransportSecurityFilter - Transport Security filter : path /trspt/api/v1/get/driverProfileDetails resource path http://localhost:8182/trspt/api/v1/get/driverProfileDetails
2020-02-17 15:05:58.322 [http-nio-8181-exec-1] [f710a58d-bf90-41df-a774-0cbb0f0547d6] INFO  c.t.filter.TransportSecurityFilter - TransportSecurityFilter : Transport transaction initiated with Transaction Id 3059f9b4-41fa-4cc1-8234-8edec7fa5af5 request method GET
2020-02-17 15:05:58.323 [http-nio-8181-exec-1] [3059f9b4-41fa-4cc1-8234-8edec7fa5af5] INFO  c.t.filter.TransportSecurityFilter - Transport Security filter : path /trspt/api/v1/get/driverProfileDetails resource path http://localhost:8182/trspt/api/v1/get/driverProfileDetails
2020-02-17 15:15:31.433 [http-nio-8181-exec-9] [] INFO  c.t.filter.TransportSecurityFilter - TransportSecurityFilter : Transport transaction initiated with Transaction Id fc3b328e-3e42-4b66-8374-e25fcbf95868 request method GET
2020-02-17 15:15:31.434 [http-nio-8181-exec-9] [fc3b328e-3e42-4b66-8374-e25fcbf95868] INFO  c.t.filter.TransportSecurityFilter - Transport Security filter : path /trspt/api/v1/get/driverProfileDetails resource path http://localhost:8182/trspt/api/v1/get/driverProfileDetails
2020-02-17 16:55:27.440 [TransportPool housekeeper] [] WARN  com.zaxxer.hikari.pool.HikariPool - TransportPool - Thread starvation or clock leap detected (housekeeper delta=25m32s821ms886탎400ns).
2020-02-17 17:26:14.210 [TransportPool housekeeper] [] WARN  com.zaxxer.hikari.pool.HikariPool - TransportPool - Thread starvation or clock leap detected (housekeeper delta=7m16s643ms690탎800ns).
2020-02-17 18:06:31.174 [TransportPool housekeeper] [] WARN  com.zaxxer.hikari.pool.HikariPool - TransportPool - Thread starvation or clock leap detected (housekeeper delta=2m46s777ms82탎400ns).
