2020-02-08 09:04:56.223 [TransportPool housekeeper] [] WARN  com.zaxxer.hikari.pool.HikariPool - TransportPool - Thread starvation or clock leap detected (housekeeper delta=12h23m13s320ms920µs600ns).
2020-02-08 09:34:05.094 [main] [] INFO  c.t.TransportSecurityApplication - Starting TransportSecurityApplication on DESKTOP-E99KESB with PID 13576 (C:\Users\CST\Desktop\transport\TransportNew\TransportSecurityApp\bin\main started by CST in C:\Users\CST\Desktop\transport\TransportNew\TransportSecurityApp)
2020-02-08 09:34:05.099 [main] [] DEBUG c.t.TransportSecurityApplication - Running with Spring Boot v1.5.20.RELEASE, Spring v4.3.23.RELEASE
2020-02-08 09:34:05.100 [main] [] INFO  c.t.TransportSecurityApplication - The following profiles are active: TEST
2020-02-08 09:34:05.706 [main] [] INFO  o.s.b.c.e.AnnotationConfigEmbeddedWebApplicationContext - Refreshing org.springframework.boot.context.embedded.AnnotationConfigEmbeddedWebApplicationContext@149e0f5d: startup date [Sat Feb 08 09:34:05 IST 2020]; root of context hierarchy
2020-02-08 09:34:05.748 [background-preinit] [] INFO  o.h.validator.internal.util.Version - HV000001: Hibernate Validator 5.3.6.Final
2020-02-08 09:34:10.338 [main] [] INFO  o.s.c.s.PostProcessorRegistrationDelegate$BeanPostProcessorChecker - Bean 'org.springframework.ws.config.annotation.DelegatingWsConfiguration' of type [org.springframework.ws.config.annotation.DelegatingWsConfiguration$$EnhancerBySpringCGLIB$$1d760a8f] is not eligible for getting processed by all BeanPostProcessors (for example: not eligible for auto-proxying)
2020-02-08 09:34:10.404 [main] [] INFO  o.s.w.s.a.s.AnnotationActionEndpointMapping - Supporting [WS-Addressing August 2004, WS-Addressing 1.0]
2020-02-08 09:34:10.474 [main] [] INFO  o.s.c.s.PostProcessorRegistrationDelegate$BeanPostProcessorChecker - Bean 'org.springframework.transaction.annotation.ProxyTransactionManagementConfiguration' of type [org.springframework.transaction.annotation.ProxyTransactionManagementConfiguration$$EnhancerBySpringCGLIB$$78de4590] is not eligible for getting processed by all BeanPostProcessors (for example: not eligible for auto-proxying)
2020-02-08 09:34:11.656 [main] [] INFO  o.s.b.c.e.t.TomcatEmbeddedServletContainer - Tomcat initialized with port(s): 8181 (http)
2020-02-08 09:34:11.737 [main] [] INFO  o.a.coyote.http11.Http11NioProtocol - Initializing ProtocolHandler ["http-nio-8181"]
2020-02-08 09:34:11.955 [main] [] INFO  o.a.catalina.core.StandardService - Starting service [Tomcat]
2020-02-08 09:34:11.956 [main] [] INFO  o.a.catalina.core.StandardEngine - Starting Servlet Engine: Apache Tomcat/8.5.39
2020-02-08 09:34:12.611 [localhost-startStop-1] [] INFO  o.a.c.c.C.[Tomcat].[localhost].[/] - Initializing Spring embedded WebApplicationContext
2020-02-08 09:34:12.611 [localhost-startStop-1] [] INFO  o.s.web.context.ContextLoader - Root WebApplicationContext: initialization completed in 6905 ms
2020-02-08 09:34:13.845 [localhost-startStop-1] [] INFO  o.s.b.w.s.ServletRegistrationBean - Mapping servlet: 'dispatcherServlet' to [/]
2020-02-08 09:34:13.857 [localhost-startStop-1] [] INFO  o.s.b.w.s.ServletRegistrationBean - Mapping servlet: 'messageDispatcherServlet' to [/services/*]
2020-02-08 09:34:13.870 [localhost-startStop-1] [] INFO  o.s.b.w.s.FilterRegistrationBean - Mapping filter: 'characterEncodingFilter' to: [/*]
2020-02-08 09:34:13.871 [localhost-startStop-1] [] INFO  o.s.b.w.s.FilterRegistrationBean - Mapping filter: 'hiddenHttpMethodFilter' to: [/*]
2020-02-08 09:34:13.871 [localhost-startStop-1] [] INFO  o.s.b.w.s.FilterRegistrationBean - Mapping filter: 'httpPutFormContentFilter' to: [/*]
2020-02-08 09:34:13.871 [localhost-startStop-1] [] INFO  o.s.b.w.s.FilterRegistrationBean - Mapping filter: 'requestContextFilter' to: [/*]
2020-02-08 09:34:13.871 [localhost-startStop-1] [] INFO  o.s.b.w.s.FilterRegistrationBean - Mapping filter: 'transportSecurityFilter' to: [/*]
2020-02-08 09:34:13.915 [localhost-startStop-1] [] INFO  c.t.filter.TransportSecurityFilter - TransportSecurityFilter : Initialized.........
2020-02-08 09:34:14.102 [main] [] INFO  com.zaxxer.hikari.HikariDataSource - TransportPool - Started.
2020-02-08 09:34:39.747 [main] [] INFO  o.s.o.j.LocalContainerEntityManagerFactoryBean - Building JPA container EntityManagerFactory for persistence unit 'default'
2020-02-08 09:34:39.784 [main] [] INFO  o.h.jpa.internal.util.LogHelper - HHH000204: Processing PersistenceUnitInfo [
	name: default
	...]
2020-02-08 09:34:39.970 [main] [] INFO  org.hibernate.Version - HHH000412: Hibernate Core {5.0.12.Final}
2020-02-08 09:34:39.973 [main] [] INFO  org.hibernate.cfg.Environment - HHH000206: hibernate.properties not found
2020-02-08 09:34:39.975 [main] [] INFO  org.hibernate.cfg.Environment - HHH000021: Bytecode provider name : javassist
2020-02-08 09:34:40.054 [main] [] INFO  o.h.annotations.common.Version - HCANN000001: Hibernate Commons Annotations {5.0.1.Final}
2020-02-08 09:34:40.554 [main] [] INFO  org.hibernate.dialect.Dialect - HHH000400: Using dialect: org.hibernate.dialect.MySQL5Dialect
2020-02-08 09:34:41.573 [main] [] INFO  o.s.o.j.LocalContainerEntityManagerFactoryBean - Initialized JPA EntityManagerFactory for persistence unit 'default'
2020-02-08 09:34:42.125 [main] [] INFO  o.h.h.i.QueryTranslatorFactoryInitiator - HHH000397: Using ASTQueryTranslatorFactory
2020-02-08 09:34:44.305 [main] [] INFO  o.s.w.s.m.m.a.RequestMappingHandlerAdapter - Looking for @ControllerAdvice: org.springframework.boot.context.embedded.AnnotationConfigEmbeddedWebApplicationContext@149e0f5d: startup date [Sat Feb 08 09:34:05 IST 2020]; root of context hierarchy
2020-02-08 09:34:44.435 [main] [] INFO  o.s.w.s.m.m.a.RequestMappingHandlerMapping - Mapped "{[/trspt/api/v1/uploadDocs],methods=[POST],produces=[application/json]}" onto private com.transport.response.TransportResponse com.transport.controller.KYCDocsController.uploadDocs(com.transport.bean.KYCDetails,javax.servlet.http.HttpServletRequest) throws com.transport.exception.MailExistsException,com.transport.exception.UserNameExistsException,com.transport.exception.TransportException
2020-02-08 09:34:44.439 [main] [] INFO  o.s.w.s.m.m.a.RequestMappingHandlerMapping - Mapped "{[/trspt/api/v1/setPassword],methods=[POST],produces=[application/json]}" onto private com.transport.response.TransportResponse com.transport.controller.TransportSecurityController.setPassword(com.transport.bean.SetPassword) throws com.transport.exception.PasswordMismatchException
2020-02-08 09:34:44.439 [main] [] INFO  o.s.w.s.m.m.a.RequestMappingHandlerMapping - Mapped "{[/trspt/api/v1/validateDriverOTP],methods=[POST],produces=[application/json]}" onto private com.transport.response.OTPResponse com.transport.controller.TransportSecurityController.validateDriverOTP(com.transport.bean.DriverOTPReq) throws com.transport.exception.MailExistsException,com.transport.exception.UserNameExistsException,com.transport.exception.TransportException,com.transport.exception.InvalidMaildId,com.transport.exception.TransportDAOException,com.transport.exception.LoginFailedException,com.transport.exception.OTPExpiredException,com.transport.exception.InvalidOTP
2020-02-08 09:34:44.440 [main] [] INFO  o.s.w.s.m.m.a.RequestMappingHandlerMapping - Mapped "{[/trspt/api/v1/resendOTP],methods=[POST],produces=[application/json]}" onto private com.transport.response.TransportResponse com.transport.controller.TransportSecurityController.resendOTP(com.transport.bean.UserOTPReq) throws com.transport.exception.MailExistsException,com.transport.exception.UserNameExistsException,com.transport.exception.TransportException,com.transport.exception.InvalidMaildId,com.transport.exception.ResendOTPFailed,com.transport.exception.SendOTPFailed
2020-02-08 09:34:44.440 [main] [] INFO  o.s.w.s.m.m.a.RequestMappingHandlerMapping - Mapped "{[/trspt/api/v1/driver/login],methods=[POST],produces=[application/json]}" onto private com.transport.response.DriverLoginResponse com.transport.controller.TransportSecurityController.driverLogin(com.transport.bean.DriverLoginReq) throws com.transport.exception.UserNameExistsException,com.transport.exception.TransportException,com.transport.exception.InvalidMaildId,com.transport.exception.LoginFailedException,com.transport.exception.TransportDAOException,com.transport.exception.InvalidAccount,com.transport.exception.SendOTPFailed
2020-02-08 09:34:44.441 [main] [] INFO  o.s.w.s.m.m.a.RequestMappingHandlerMapping - Mapped "{[/trspt/api/v1/customer/login],methods=[POST],produces=[application/json]}" onto private com.transport.response.TransportResponse com.transport.controller.TransportSecurityController.loginCustomer(com.transport.bean.LoginRequest) throws com.transport.exception.UserNameExistsException,com.transport.exception.TransportException,com.transport.exception.InvalidMaildId,com.transport.exception.LoginFailedException,com.transport.exception.TransportDAOException,com.transport.exception.InvalidAccount,com.transport.exception.SendOTPFailed
2020-02-08 09:34:44.442 [main] [] INFO  o.s.w.s.m.m.a.RequestMappingHandlerMapping - Mapped "{[/trspt/api/v1/driver/register],methods=[POST],produces=[application/json]}" onto private com.transport.response.TransportResponse com.transport.controller.TransportSecurityController.registerDriver(com.transport.model.UserRegistration) throws com.transport.exception.MailExistsException,com.transport.exception.UserNameExistsException,com.transport.exception.TransportException
2020-02-08 09:34:44.443 [main] [] INFO  o.s.w.s.m.m.a.RequestMappingHandlerMapping - Mapped "{[/trspt/api/v1/validateCustomerOTP],methods=[POST],produces=[application/json]}" onto private com.transport.response.LoginResult com.transport.controller.TransportSecurityController.validateOTP(com.transport.bean.UserOTPReq) throws com.transport.exception.MailExistsException,com.transport.exception.UserNameExistsException,com.transport.exception.TransportException,com.transport.exception.InvalidMaildId,com.transport.exception.ResendOTPFailed,com.transport.exception.SendOTPFailed,com.transport.exception.OTPExpiredException,com.transport.exception.InvalidOTP,com.transport.exception.TransportDAOException
2020-02-08 09:34:44.446 [main] [] INFO  o.s.w.s.m.m.a.RequestMappingHandlerMapping - Mapped "{[/error]}" onto public org.springframework.http.ResponseEntity<java.util.Map<java.lang.String, java.lang.Object>> org.springframework.boot.autoconfigure.web.BasicErrorController.error(javax.servlet.http.HttpServletRequest)
2020-02-08 09:34:44.447 [main] [] INFO  o.s.w.s.m.m.a.RequestMappingHandlerMapping - Mapped "{[/error],produces=[text/html]}" onto public org.springframework.web.servlet.ModelAndView org.springframework.boot.autoconfigure.web.BasicErrorController.errorHtml(javax.servlet.http.HttpServletRequest,javax.servlet.http.HttpServletResponse)
2020-02-08 09:34:44.486 [main] [] INFO  o.s.w.s.h.SimpleUrlHandlerMapping - Mapped URL path [/webjars/**] onto handler of type [class org.springframework.web.servlet.resource.ResourceHttpRequestHandler]
2020-02-08 09:34:44.486 [main] [] INFO  o.s.w.s.h.SimpleUrlHandlerMapping - Mapped URL path [/**] onto handler of type [class org.springframework.web.servlet.resource.ResourceHttpRequestHandler]
2020-02-08 09:34:44.525 [main] [] INFO  o.s.w.s.m.m.a.ExceptionHandlerExceptionResolver - Detected @ExceptionHandler methods in transportControllAdvice
2020-02-08 09:34:44.526 [main] [] INFO  o.s.w.s.m.m.a.ExceptionHandlerExceptionResolver - Detected @ExceptionHandler methods in repositoryRestExceptionHandler
2020-02-08 09:34:44.625 [main] [] INFO  o.s.w.s.h.SimpleUrlHandlerMapping - Mapped URL path [/**/favicon.ico] onto handler of type [class org.springframework.web.servlet.resource.ResourceHttpRequestHandler]
2020-02-08 09:34:45.001 [main] [] INFO  o.s.d.r.w.RepositoryRestHandlerAdapter - Looking for @ControllerAdvice: org.springframework.boot.context.embedded.AnnotationConfigEmbeddedWebApplicationContext@149e0f5d: startup date [Sat Feb 08 09:34:05 IST 2020]; root of context hierarchy
2020-02-08 09:34:45.022 [main] [] INFO  o.s.d.r.w.RepositoryRestHandlerMapping - Mapped "{[/{repository}/{id}],methods=[PUT],produces=[application/hal+json || application/json]}" onto public org.springframework.http.ResponseEntity<? extends org.springframework.hateoas.ResourceSupport> org.springframework.data.rest.webmvc.RepositoryEntityController.putItemResource(org.springframework.data.rest.webmvc.RootResourceInformation,org.springframework.data.rest.webmvc.PersistentEntityResource,java.io.Serializable,org.springframework.data.rest.webmvc.PersistentEntityResourceAssembler,org.springframework.data.rest.webmvc.support.ETag,java.lang.String) throws org.springframework.web.HttpRequestMethodNotSupportedException
2020-02-08 09:34:45.023 [main] [] INFO  o.s.d.r.w.RepositoryRestHandlerMapping - Mapped "{[/{repository}/{id}],methods=[GET],produces=[application/hal+json || application/json]}" onto public org.springframework.http.ResponseEntity<org.springframework.hateoas.Resource<?>> org.springframework.data.rest.webmvc.RepositoryEntityController.getItemResource(org.springframework.data.rest.webmvc.RootResourceInformation,java.io.Serializable,org.springframework.data.rest.webmvc.PersistentEntityResourceAssembler,org.springframework.http.HttpHeaders) throws org.springframework.web.HttpRequestMethodNotSupportedException
2020-02-08 09:34:45.024 [main] [] INFO  o.s.d.r.w.RepositoryRestHandlerMapping - Mapped "{[/{repository}],methods=[OPTIONS],produces=[application/hal+json || application/json]}" onto public org.springframework.http.ResponseEntity<?> org.springframework.data.rest.webmvc.RepositoryEntityController.optionsForCollectionResource(org.springframework.data.rest.webmvc.RootResourceInformation)
2020-02-08 09:34:45.025 [main] [] INFO  o.s.d.r.w.RepositoryRestHandlerMapping - Mapped "{[/{repository}],methods=[GET],produces=[application/x-spring-data-compact+json || text/uri-list]}" onto public org.springframework.hateoas.Resources<?> org.springframework.data.rest.webmvc.RepositoryEntityController.getCollectionResourceCompact(org.springframework.data.rest.webmvc.RootResourceInformation,org.springframework.data.rest.webmvc.support.DefaultedPageable,org.springframework.data.domain.Sort,org.springframework.data.rest.webmvc.PersistentEntityResourceAssembler) throws org.springframework.data.rest.webmvc.ResourceNotFoundException,org.springframework.web.HttpRequestMethodNotSupportedException
2020-02-08 09:34:45.025 [main] [] INFO  o.s.d.r.w.RepositoryRestHandlerMapping - Mapped "{[/{repository}/{id}],methods=[OPTIONS],produces=[application/hal+json || application/json]}" onto public org.springframework.http.ResponseEntity<?> org.springframework.data.rest.webmvc.RepositoryEntityController.optionsForItemResource(org.springframework.data.rest.webmvc.RootResourceInformation)
2020-02-08 09:34:45.026 [main] [] INFO  o.s.d.r.w.RepositoryRestHandlerMapping - Mapped "{[/{repository}/{id}],methods=[PATCH],produces=[application/hal+json || application/json]}" onto public org.springframework.http.ResponseEntity<org.springframework.hateoas.ResourceSupport> org.springframework.data.rest.webmvc.RepositoryEntityController.patchItemResource(org.springframework.data.rest.webmvc.RootResourceInformation,org.springframework.data.rest.webmvc.PersistentEntityResource,java.io.Serializable,org.springframework.data.rest.webmvc.PersistentEntityResourceAssembler,org.springframework.data.rest.webmvc.support.ETag,java.lang.String) throws org.springframework.web.HttpRequestMethodNotSupportedException,org.springframework.data.rest.webmvc.ResourceNotFoundException
2020-02-08 09:34:45.027 [main] [] INFO  o.s.d.r.w.RepositoryRestHandlerMapping - Mapped "{[/{repository}],methods=[GET],produces=[application/hal+json || application/json]}" onto public org.springframework.hateoas.Resources<?> org.springframework.data.rest.webmvc.RepositoryEntityController.getCollectionResource(org.springframework.data.rest.webmvc.RootResourceInformation,org.springframework.data.rest.webmvc.support.DefaultedPageable,org.springframework.data.domain.Sort,org.springframework.data.rest.webmvc.PersistentEntityResourceAssembler) throws org.springframework.data.rest.webmvc.ResourceNotFoundException,org.springframework.web.HttpRequestMethodNotSupportedException
2020-02-08 09:34:45.028 [main] [] INFO  o.s.d.r.w.RepositoryRestHandlerMapping - Mapped "{[/{repository}/{id}],methods=[HEAD],produces=[application/hal+json || application/json]}" onto public org.springframework.http.ResponseEntity<?> org.springframework.data.rest.webmvc.RepositoryEntityController.headForItemResource(org.springframework.data.rest.webmvc.RootResourceInformation,java.io.Serializable,org.springframework.data.rest.webmvc.PersistentEntityResourceAssembler) throws org.springframework.web.HttpRequestMethodNotSupportedException
2020-02-08 09:34:45.029 [main] [] INFO  o.s.d.r.w.RepositoryRestHandlerMapping - Mapped "{[/{repository}],methods=[POST],produces=[application/hal+json || application/json]}" onto public org.springframework.http.ResponseEntity<org.springframework.hateoas.ResourceSupport> org.springframework.data.rest.webmvc.RepositoryEntityController.postCollectionResource(org.springframework.data.rest.webmvc.RootResourceInformation,org.springframework.data.rest.webmvc.PersistentEntityResource,org.springframework.data.rest.webmvc.PersistentEntityResourceAssembler,java.lang.String) throws org.springframework.web.HttpRequestMethodNotSupportedException
2020-02-08 09:34:45.030 [main] [] INFO  o.s.d.r.w.RepositoryRestHandlerMapping - Mapped "{[/{repository}/{id}],methods=[DELETE],produces=[application/hal+json || application/json]}" onto public org.springframework.http.ResponseEntity<?> org.springframework.data.rest.webmvc.RepositoryEntityController.deleteItemResource(org.springframework.data.rest.webmvc.RootResourceInformation,java.io.Serializable,org.springframework.data.rest.webmvc.support.ETag) throws org.springframework.data.rest.webmvc.ResourceNotFoundException,org.springframework.web.HttpRequestMethodNotSupportedException
2020-02-08 09:34:45.031 [main] [] INFO  o.s.d.r.w.RepositoryRestHandlerMapping - Mapped "{[/{repository}],methods=[HEAD],produces=[application/hal+json || application/json]}" onto public org.springframework.http.ResponseEntity<?> org.springframework.data.rest.webmvc.RepositoryEntityController.headCollectionResource(org.springframework.data.rest.webmvc.RootResourceInformation,org.springframework.data.rest.webmvc.support.DefaultedPageable) throws org.springframework.web.HttpRequestMethodNotSupportedException
2020-02-08 09:34:45.035 [main] [] INFO  o.s.d.r.w.RepositoryRestHandlerMapping - Mapped "{[/{repository}/{id}/{property}],methods=[PATCH || PUT || POST],consumes=[application/json || application/x-spring-data-compact+json || text/uri-list],produces=[application/hal+json || application/json]}" onto public org.springframework.http.ResponseEntity<? extends org.springframework.hateoas.ResourceSupport> org.springframework.data.rest.webmvc.RepositoryPropertyReferenceController.createPropertyReference(org.springframework.data.rest.webmvc.RootResourceInformation,org.springframework.http.HttpMethod,org.springframework.hateoas.Resources<java.lang.Object>,java.io.Serializable,java.lang.String) throws java.lang.Exception
2020-02-08 09:34:45.036 [main] [] INFO  o.s.d.r.w.RepositoryRestHandlerMapping - Mapped "{[/{repository}/{id}/{property}],methods=[GET],produces=[application/x-spring-data-compact+json || text/uri-list]}" onto public org.springframework.http.ResponseEntity<org.springframework.hateoas.ResourceSupport> org.springframework.data.rest.webmvc.RepositoryPropertyReferenceController.followPropertyReferenceCompact(org.springframework.data.rest.webmvc.RootResourceInformation,java.io.Serializable,java.lang.String,org.springframework.data.rest.webmvc.PersistentEntityResourceAssembler) throws java.lang.Exception
2020-02-08 09:34:45.037 [main] [] INFO  o.s.d.r.w.RepositoryRestHandlerMapping - Mapped "{[/{repository}/{id}/{property}/{propertyId}],methods=[DELETE],produces=[application/hal+json || application/json]}" onto public org.springframework.http.ResponseEntity<org.springframework.hateoas.ResourceSupport> org.springframework.data.rest.webmvc.RepositoryPropertyReferenceController.deletePropertyReferenceId(org.springframework.data.rest.webmvc.RootResourceInformation,java.io.Serializable,java.lang.String,java.lang.String) throws java.lang.Exception
2020-02-08 09:34:45.038 [main] [] INFO  o.s.d.r.w.RepositoryRestHandlerMapping - Mapped "{[/{repository}/{id}/{property}/{propertyId}],methods=[GET],produces=[application/hal+json || application/json]}" onto public org.springframework.http.ResponseEntity<org.springframework.hateoas.ResourceSupport> org.springframework.data.rest.webmvc.RepositoryPropertyReferenceController.followPropertyReference(org.springframework.data.rest.webmvc.RootResourceInformation,java.io.Serializable,java.lang.String,java.lang.String,org.springframework.data.rest.webmvc.PersistentEntityResourceAssembler) throws java.lang.Exception
2020-02-08 09:34:45.044 [main] [] INFO  o.s.d.r.w.RepositoryRestHandlerMapping - Mapped "{[/{repository}/{id}/{property}],methods=[GET],produces=[application/hal+json || application/json]}" onto public org.springframework.http.ResponseEntity<org.springframework.hateoas.ResourceSupport> org.springframework.data.rest.webmvc.RepositoryPropertyReferenceController.followPropertyReference(org.springframework.data.rest.webmvc.RootResourceInformation,java.io.Serializable,java.lang.String,org.springframework.data.rest.webmvc.PersistentEntityResourceAssembler) throws java.lang.Exception
2020-02-08 09:34:45.045 [main] [] INFO  o.s.d.r.w.RepositoryRestHandlerMapping - Mapped "{[/{repository}/{id}/{property}],methods=[DELETE],produces=[application/hal+json || application/json]}" onto public org.springframework.http.ResponseEntity<? extends org.springframework.hateoas.ResourceSupport> org.springframework.data.rest.webmvc.RepositoryPropertyReferenceController.deletePropertyReference(org.springframework.data.rest.webmvc.RootResourceInformation,java.io.Serializable,java.lang.String) throws java.lang.Exception
2020-02-08 09:34:45.048 [main] [] INFO  o.s.d.r.w.RepositoryRestHandlerMapping - Mapped "{[/{repository}/search],methods=[HEAD],produces=[application/hal+json || application/json]}" onto public org.springframework.http.HttpEntity<?> org.springframework.data.rest.webmvc.RepositorySearchController.headForSearches(org.springframework.data.rest.webmvc.RootResourceInformation)
2020-02-08 09:34:45.049 [main] [] INFO  o.s.d.r.w.RepositoryRestHandlerMapping - Mapped "{[/{repository}/search/{search}],methods=[HEAD],produces=[application/hal+json || application/json]}" onto public org.springframework.http.ResponseEntity<java.lang.Object> org.springframework.data.rest.webmvc.RepositorySearchController.headForSearch(org.springframework.data.rest.webmvc.RootResourceInformation,java.lang.String)
2020-02-08 09:34:45.060 [main] [] INFO  o.s.d.r.w.RepositoryRestHandlerMapping - Mapped "{[/{repository}/search/{search}],methods=[OPTIONS],produces=[application/hal+json || application/json]}" onto public org.springframework.http.ResponseEntity<java.lang.Object> org.springframework.data.rest.webmvc.RepositorySearchController.optionsForSearch(org.springframework.data.rest.webmvc.RootResourceInformation,java.lang.String)
2020-02-08 09:34:45.062 [main] [] INFO  o.s.d.r.w.RepositoryRestHandlerMapping - Mapped "{[/{repository}/search],methods=[GET],produces=[application/hal+json || application/json]}" onto public org.springframework.data.rest.webmvc.RepositorySearchesResource org.springframework.data.rest.webmvc.RepositorySearchController.listSearches(org.springframework.data.rest.webmvc.RootResourceInformation)
2020-02-08 09:34:45.062 [main] [] INFO  o.s.d.r.w.RepositoryRestHandlerMapping - Mapped "{[/{repository}/search/{search}],methods=[GET],produces=[application/hal+json || application/json]}" onto public org.springframework.http.ResponseEntity<?> org.springframework.data.rest.webmvc.RepositorySearchController.executeSearch(org.springframework.data.rest.webmvc.RootResourceInformation,org.springframework.util.MultiValueMap<java.lang.String, java.lang.Object>,java.lang.String,org.springframework.data.rest.webmvc.support.DefaultedPageable,org.springframework.data.domain.Sort,org.springframework.data.rest.webmvc.PersistentEntityResourceAssembler,org.springframework.http.HttpHeaders)
2020-02-08 09:34:45.064 [main] [] INFO  o.s.d.r.w.RepositoryRestHandlerMapping - Mapped "{[/{repository}/search],methods=[OPTIONS],produces=[application/hal+json || application/json]}" onto public org.springframework.http.HttpEntity<?> org.springframework.data.rest.webmvc.RepositorySearchController.optionsForSearches(org.springframework.data.rest.webmvc.RootResourceInformation)
2020-02-08 09:34:45.065 [main] [] INFO  o.s.d.r.w.RepositoryRestHandlerMapping - Mapped "{[/{repository}/search/{search}],methods=[GET],produces=[application/x-spring-data-compact+json]}" onto public org.springframework.hateoas.ResourceSupport org.springframework.data.rest.webmvc.RepositorySearchController.executeSearchCompact(org.springframework.data.rest.webmvc.RootResourceInformation,org.springframework.http.HttpHeaders,org.springframework.util.MultiValueMap<java.lang.String, java.lang.Object>,java.lang.String,java.lang.String,org.springframework.data.rest.webmvc.support.DefaultedPageable,org.springframework.data.domain.Sort,org.springframework.data.rest.webmvc.PersistentEntityResourceAssembler)
2020-02-08 09:34:45.068 [main] [] INFO  o.s.d.r.w.RepositoryRestHandlerMapping - Mapped "{[/ || ],methods=[GET],produces=[application/hal+json || application/json]}" onto public org.springframework.http.HttpEntity<org.springframework.data.rest.webmvc.RepositoryLinksResource> org.springframework.data.rest.webmvc.RepositoryController.listRepositories()
2020-02-08 09:34:45.069 [main] [] INFO  o.s.d.r.w.RepositoryRestHandlerMapping - Mapped "{[/ || ],methods=[HEAD],produces=[application/hal+json || application/json]}" onto public org.springframework.http.ResponseEntity<?> org.springframework.data.rest.webmvc.RepositoryController.headForRepositories()
2020-02-08 09:34:45.070 [main] [] INFO  o.s.d.r.w.RepositoryRestHandlerMapping - Mapped "{[/ || ],methods=[OPTIONS],produces=[application/hal+json || application/json]}" onto public org.springframework.http.HttpEntity<?> org.springframework.data.rest.webmvc.RepositoryController.optionsForRepositories()
2020-02-08 09:34:45.077 [main] [] INFO  o.s.d.r.w.BasePathAwareHandlerMapping - Mapped "{[/profile],methods=[OPTIONS]}" onto public org.springframework.http.HttpEntity<?> org.springframework.data.rest.webmvc.ProfileController.profileOptions()
2020-02-08 09:34:45.078 [main] [] INFO  o.s.d.r.w.BasePathAwareHandlerMapping - Mapped "{[/profile],methods=[GET]}" onto org.springframework.http.HttpEntity<org.springframework.hateoas.ResourceSupport> org.springframework.data.rest.webmvc.ProfileController.listAllFormsOfMetadata()
2020-02-08 09:34:45.079 [main] [] INFO  o.s.d.r.w.BasePathAwareHandlerMapping - Mapped "{[/profile/{repository}],methods=[GET],produces=[application/alps+json || */*]}" onto org.springframework.http.HttpEntity<org.springframework.data.rest.webmvc.RootResourceInformation> org.springframework.data.rest.webmvc.alps.AlpsController.descriptor(org.springframework.data.rest.webmvc.RootResourceInformation)
2020-02-08 09:34:45.079 [main] [] INFO  o.s.d.r.w.BasePathAwareHandlerMapping - Mapped "{[/profile/{repository}],methods=[OPTIONS],produces=[application/alps+json]}" onto org.springframework.http.HttpEntity<?> org.springframework.data.rest.webmvc.alps.AlpsController.alpsOptions()
2020-02-08 09:34:45.080 [main] [] INFO  o.s.d.r.w.BasePathAwareHandlerMapping - Mapped "{[/profile/{repository}],methods=[GET],produces=[application/schema+json]}" onto public org.springframework.http.HttpEntity<org.springframework.data.rest.webmvc.json.JsonSchema> org.springframework.data.rest.webmvc.RepositorySchemaController.schema(org.springframework.data.rest.webmvc.RootResourceInformation)
2020-02-08 09:34:45.468 [main] [] INFO  o.s.j.e.a.AnnotationMBeanExporter - Registering beans for JMX exposure on startup
2020-02-08 09:34:45.470 [main] [] INFO  o.s.j.e.a.AnnotationMBeanExporter - Bean with name 'dataSourceContextSource' has been autodetected for JMX exposure
2020-02-08 09:34:45.482 [main] [] INFO  o.s.j.e.a.AnnotationMBeanExporter - Located MBean 'dataSourceContextSource': registering with JMX server as MBean [com.zaxxer.hikari:name=dataSourceContextSource,type=HikariDataSource]
2020-02-08 09:34:45.501 [main] [] INFO  o.a.coyote.http11.Http11NioProtocol - Starting ProtocolHandler ["http-nio-8181"]
2020-02-08 09:34:45.539 [main] [] INFO  o.a.tomcat.util.net.NioSelectorPool - Using a shared selector for servlet write/read
2020-02-08 09:34:45.563 [main] [] INFO  o.s.b.c.e.t.TomcatEmbeddedServletContainer - Tomcat started on port(s): 8181 (http)
2020-02-08 09:34:45.572 [main] [] INFO  c.t.TransportSecurityApplication - Started TransportSecurityApplication in 41.386 seconds (JVM running for 42.209)
2020-02-08 09:38:25.486 [http-nio-8181-exec-1] [] INFO  o.a.c.c.C.[Tomcat].[localhost].[/] - Initializing Spring FrameworkServlet 'dispatcherServlet'
2020-02-08 09:38:25.486 [http-nio-8181-exec-1] [] INFO  o.s.web.servlet.DispatcherServlet - FrameworkServlet 'dispatcherServlet': initialization started
2020-02-08 09:38:25.514 [http-nio-8181-exec-1] [] INFO  o.s.web.servlet.DispatcherServlet - FrameworkServlet 'dispatcherServlet': initialization completed in 28 ms
2020-02-08 09:38:25.555 [http-nio-8181-exec-1] [] INFO  c.t.filter.TransportSecurityFilter - TransportSecurityFilter : Transport transaction initiated with Transaction Id a87dd169-98fa-4149-88da-55b417ac3bb3 request method POST
2020-02-08 09:38:25.555 [http-nio-8181-exec-1] [a87dd169-98fa-4149-88da-55b417ac3bb3] INFO  c.t.filter.TransportSecurityFilter - Transport Security filter : path /trspt/api/v1/vanSizeCalculator resource path http://localhost:8182/trspt/api/v1/vanSizeCalculator
2020-02-08 09:41:02.915 [http-nio-8181-exec-3] [] INFO  c.t.filter.TransportSecurityFilter - TransportSecurityFilter : Transport transaction initiated with Transaction Id d1388032-2c6d-4964-bac4-4b03429aa194 request method POST
2020-02-08 09:41:02.916 [http-nio-8181-exec-3] [d1388032-2c6d-4964-bac4-4b03429aa194] INFO  c.t.filter.TransportSecurityFilter - Transport Security filter : path /trspt/api/v1/vanSizeCalculator resource path http://localhost:8182/trspt/api/v1/vanSizeCalculator
2020-02-08 09:41:12.924 [http-nio-8181-exec-3] [d1388032-2c6d-4964-bac4-4b03429aa194] ERROR c.t.filter.TransportSecurityFilter - Read timed out
java.net.SocketTimeoutException: Read timed out
	at java.net.SocketInputStream.socketRead0(Native Method)
	at java.net.SocketInputStream.socketRead(Unknown Source)
	at java.net.SocketInputStream.read(Unknown Source)
	at java.net.SocketInputStream.read(Unknown Source)
	at okio.Okio$2.read(Okio.java:140)
	at okio.AsyncTimeout$2.read(AsyncTimeout.java:237)
	at okio.RealBufferedSource.indexOf(RealBufferedSource.java:355)
	at okio.RealBufferedSource.readUtf8LineStrict(RealBufferedSource.java:227)
	at okhttp3.internal.http1.Http1Codec.readHeaderLine(Http1Codec.java:215)
	at okhttp3.internal.http1.Http1Codec.readResponseHeaders(Http1Codec.java:189)
	at okhttp3.internal.http.CallServerInterceptor.intercept(CallServerInterceptor.java:88)
	at okhttp3.internal.http.RealInterceptorChain.proceed(RealInterceptorChain.java:147)
	at okhttp3.internal.connection.ConnectInterceptor.intercept(ConnectInterceptor.java:45)
	at okhttp3.internal.http.RealInterceptorChain.proceed(RealInterceptorChain.java:147)
	at okhttp3.internal.http.RealInterceptorChain.proceed(RealInterceptorChain.java:121)
	at okhttp3.internal.cache.CacheInterceptor.intercept(CacheInterceptor.java:93)
	at okhttp3.internal.http.RealInterceptorChain.proceed(RealInterceptorChain.java:147)
	at okhttp3.internal.http.RealInterceptorChain.proceed(RealInterceptorChain.java:121)
	at okhttp3.internal.http.BridgeInterceptor.intercept(BridgeInterceptor.java:93)
	at okhttp3.internal.http.RealInterceptorChain.proceed(RealInterceptorChain.java:147)
	at okhttp3.internal.http.RetryAndFollowUpInterceptor.intercept(RetryAndFollowUpInterceptor.java:126)
	at okhttp3.internal.http.RealInterceptorChain.proceed(RealInterceptorChain.java:147)
	at okhttp3.internal.http.RealInterceptorChain.proceed(RealInterceptorChain.java:121)
	at okhttp3.RealCall.getResponseWithInterceptorChain(RealCall.java:200)
	at okhttp3.RealCall.execute(RealCall.java:77)
	at com.transport.filter.TransportSecurityFilter.post(TransportSecurityFilter.java:254)
	at com.transport.filter.TransportSecurityFilter.doFilter(TransportSecurityFilter.java:126)
	at org.apache.catalina.core.ApplicationFilterChain.internalDoFilter(ApplicationFilterChain.java:193)
	at org.apache.catalina.core.ApplicationFilterChain.doFilter(ApplicationFilterChain.java:166)
	at org.springframework.web.filter.RequestContextFilter.doFilterInternal(RequestContextFilter.java:99)
	at org.springframework.web.filter.OncePerRequestFilter.doFilter(OncePerRequestFilter.java:107)
	at org.apache.catalina.core.ApplicationFilterChain.internalDoFilter(ApplicationFilterChain.java:193)
	at org.apache.catalina.core.ApplicationFilterChain.doFilter(ApplicationFilterChain.java:166)
	at org.springframework.web.filter.HttpPutFormContentFilter.doFilterInternal(HttpPutFormContentFilter.java:109)
	at org.springframework.web.filter.OncePerRequestFilter.doFilter(OncePerRequestFilter.java:107)
	at org.apache.catalina.core.ApplicationFilterChain.internalDoFilter(ApplicationFilterChain.java:193)
	at org.apache.catalina.core.ApplicationFilterChain.doFilter(ApplicationFilterChain.java:166)
	at org.springframework.web.filter.HiddenHttpMethodFilter.doFilterInternal(HiddenHttpMethodFilter.java:93)
	at org.springframework.web.filter.OncePerRequestFilter.doFilter(OncePerRequestFilter.java:107)
	at org.apache.catalina.core.ApplicationFilterChain.internalDoFilter(ApplicationFilterChain.java:193)
	at org.apache.catalina.core.ApplicationFilterChain.doFilter(ApplicationFilterChain.java:166)
	at org.springframework.web.filter.CharacterEncodingFilter.doFilterInternal(CharacterEncodingFilter.java:197)
	at org.springframework.web.filter.OncePerRequestFilter.doFilter(OncePerRequestFilter.java:107)
	at org.apache.catalina.core.ApplicationFilterChain.internalDoFilter(ApplicationFilterChain.java:193)
	at org.apache.catalina.core.ApplicationFilterChain.doFilter(ApplicationFilterChain.java:166)
	at org.apache.catalina.core.StandardWrapperValve.invoke(StandardWrapperValve.java:199)
	at org.apache.catalina.core.StandardContextValve.invoke(StandardContextValve.java:96)
	at org.apache.catalina.authenticator.AuthenticatorBase.invoke(AuthenticatorBase.java:493)
	at org.apache.catalina.core.StandardHostValve.invoke(StandardHostValve.java:137)
	at org.apache.catalina.valves.ErrorReportValve.invoke(ErrorReportValve.java:81)
	at org.apache.catalina.core.StandardEngineValve.invoke(StandardEngineValve.java:87)
	at org.apache.catalina.connector.CoyoteAdapter.service(CoyoteAdapter.java:343)
	at org.apache.coyote.http11.Http11Processor.service(Http11Processor.java:798)
	at org.apache.coyote.AbstractProcessorLight.process(AbstractProcessorLight.java:66)
	at org.apache.coyote.AbstractProtocol$ConnectionHandler.process(AbstractProtocol.java:806)
	at org.apache.tomcat.util.net.NioEndpoint$SocketProcessor.doRun(NioEndpoint.java:1498)
	at org.apache.tomcat.util.net.SocketProcessorBase.run(SocketProcessorBase.java:49)
	at java.util.concurrent.ThreadPoolExecutor.runWorker(Unknown Source)
	at java.util.concurrent.ThreadPoolExecutor$Worker.run(Unknown Source)
	at org.apache.tomcat.util.threads.TaskThread$WrappingRunnable.run(TaskThread.java:61)
	at java.lang.Thread.run(Unknown Source)
2020-02-08 09:41:12.925 [http-nio-8181-exec-3] [d1388032-2c6d-4964-bac4-4b03429aa194] DEBUG c.t.filter.TransportSecurityFilter - error codeTR1001
2020-02-08 09:41:12.925 [http-nio-8181-exec-3] [d1388032-2c6d-4964-bac4-4b03429aa194] DEBUG c.t.filter.TransportSecurityFilter - error MessageYour request is unsuccessful !
2020-02-08 09:43:32.696 [http-nio-8181-exec-5] [] INFO  c.t.filter.TransportSecurityFilter - TransportSecurityFilter : Transport transaction initiated with Transaction Id 15cd7ef6-8dbd-4a47-b9f4-78c950fa7c6a request method POST
2020-02-08 09:43:32.697 [http-nio-8181-exec-5] [15cd7ef6-8dbd-4a47-b9f4-78c950fa7c6a] INFO  c.t.filter.TransportSecurityFilter - Transport Security filter : path /trspt/api/v1/vanSizeCalculator resource path http://localhost:8182/trspt/api/v1/vanSizeCalculator
2020-02-08 09:43:42.702 [http-nio-8181-exec-5] [15cd7ef6-8dbd-4a47-b9f4-78c950fa7c6a] ERROR c.t.filter.TransportSecurityFilter - timeout
java.net.SocketTimeoutException: timeout
	at okio.Okio$4.newTimeoutException(Okio.java:232)
	at okio.AsyncTimeout.exit(AsyncTimeout.java:285)
	at okio.AsyncTimeout$2.read(AsyncTimeout.java:241)
	at okio.RealBufferedSource.indexOf(RealBufferedSource.java:355)
	at okio.RealBufferedSource.readUtf8LineStrict(RealBufferedSource.java:227)
	at okhttp3.internal.http1.Http1Codec.readHeaderLine(Http1Codec.java:215)
	at okhttp3.internal.http1.Http1Codec.readResponseHeaders(Http1Codec.java:189)
	at okhttp3.internal.http.CallServerInterceptor.intercept(CallServerInterceptor.java:88)
	at okhttp3.internal.http.RealInterceptorChain.proceed(RealInterceptorChain.java:147)
	at okhttp3.internal.connection.ConnectInterceptor.intercept(ConnectInterceptor.java:45)
	at okhttp3.internal.http.RealInterceptorChain.proceed(RealInterceptorChain.java:147)
	at okhttp3.internal.http.RealInterceptorChain.proceed(RealInterceptorChain.java:121)
	at okhttp3.internal.cache.CacheInterceptor.intercept(CacheInterceptor.java:93)
	at okhttp3.internal.http.RealInterceptorChain.proceed(RealInterceptorChain.java:147)
	at okhttp3.internal.http.RealInterceptorChain.proceed(RealInterceptorChain.java:121)
	at okhttp3.internal.http.BridgeInterceptor.intercept(BridgeInterceptor.java:93)
	at okhttp3.internal.http.RealInterceptorChain.proceed(RealInterceptorChain.java:147)
	at okhttp3.internal.http.RetryAndFollowUpInterceptor.intercept(RetryAndFollowUpInterceptor.java:126)
	at okhttp3.internal.http.RealInterceptorChain.proceed(RealInterceptorChain.java:147)
	at okhttp3.internal.http.RealInterceptorChain.proceed(RealInterceptorChain.java:121)
	at okhttp3.RealCall.getResponseWithInterceptorChain(RealCall.java:200)
	at okhttp3.RealCall.execute(RealCall.java:77)
	at com.transport.filter.TransportSecurityFilter.post(TransportSecurityFilter.java:254)
	at com.transport.filter.TransportSecurityFilter.doFilter(TransportSecurityFilter.java:126)
	at org.apache.catalina.core.ApplicationFilterChain.internalDoFilter(ApplicationFilterChain.java:193)
	at org.apache.catalina.core.ApplicationFilterChain.doFilter(ApplicationFilterChain.java:166)
	at org.springframework.web.filter.RequestContextFilter.doFilterInternal(RequestContextFilter.java:99)
	at org.springframework.web.filter.OncePerRequestFilter.doFilter(OncePerRequestFilter.java:107)
	at org.apache.catalina.core.ApplicationFilterChain.internalDoFilter(ApplicationFilterChain.java:193)
	at org.apache.catalina.core.ApplicationFilterChain.doFilter(ApplicationFilterChain.java:166)
	at org.springframework.web.filter.HttpPutFormContentFilter.doFilterInternal(HttpPutFormContentFilter.java:109)
	at org.springframework.web.filter.OncePerRequestFilter.doFilter(OncePerRequestFilter.java:107)
	at org.apache.catalina.core.ApplicationFilterChain.internalDoFilter(ApplicationFilterChain.java:193)
	at org.apache.catalina.core.ApplicationFilterChain.doFilter(ApplicationFilterChain.java:166)
	at org.springframework.web.filter.HiddenHttpMethodFilter.doFilterInternal(HiddenHttpMethodFilter.java:93)
	at org.springframework.web.filter.OncePerRequestFilter.doFilter(OncePerRequestFilter.java:107)
	at org.apache.catalina.core.ApplicationFilterChain.internalDoFilter(ApplicationFilterChain.java:193)
	at org.apache.catalina.core.ApplicationFilterChain.doFilter(ApplicationFilterChain.java:166)
	at org.springframework.web.filter.CharacterEncodingFilter.doFilterInternal(CharacterEncodingFilter.java:197)
	at org.springframework.web.filter.OncePerRequestFilter.doFilter(OncePerRequestFilter.java:107)
	at org.apache.catalina.core.ApplicationFilterChain.internalDoFilter(ApplicationFilterChain.java:193)
	at org.apache.catalina.core.ApplicationFilterChain.doFilter(ApplicationFilterChain.java:166)
	at org.apache.catalina.core.StandardWrapperValve.invoke(StandardWrapperValve.java:199)
	at org.apache.catalina.core.StandardContextValve.invoke(StandardContextValve.java:96)
	at org.apache.catalina.authenticator.AuthenticatorBase.invoke(AuthenticatorBase.java:493)
	at org.apache.catalina.core.StandardHostValve.invoke(StandardHostValve.java:137)
	at org.apache.catalina.valves.ErrorReportValve.invoke(ErrorReportValve.java:81)
	at org.apache.catalina.core.StandardEngineValve.invoke(StandardEngineValve.java:87)
	at org.apache.catalina.connector.CoyoteAdapter.service(CoyoteAdapter.java:343)
	at org.apache.coyote.http11.Http11Processor.service(Http11Processor.java:798)
	at org.apache.coyote.AbstractProcessorLight.process(AbstractProcessorLight.java:66)
	at org.apache.coyote.AbstractProtocol$ConnectionHandler.process(AbstractProtocol.java:806)
	at org.apache.tomcat.util.net.NioEndpoint$SocketProcessor.doRun(NioEndpoint.java:1498)
	at org.apache.tomcat.util.net.SocketProcessorBase.run(SocketProcessorBase.java:49)
	at java.util.concurrent.ThreadPoolExecutor.runWorker(Unknown Source)
	at java.util.concurrent.ThreadPoolExecutor$Worker.run(Unknown Source)
	at org.apache.tomcat.util.threads.TaskThread$WrappingRunnable.run(TaskThread.java:61)
	at java.lang.Thread.run(Unknown Source)
Caused by: java.net.SocketTimeoutException: Read timed out
	at java.net.SocketInputStream.socketRead0(Native Method)
	at java.net.SocketInputStream.socketRead(Unknown Source)
	at java.net.SocketInputStream.read(Unknown Source)
	at java.net.SocketInputStream.read(Unknown Source)
	at okio.Okio$2.read(Okio.java:140)
	at okio.AsyncTimeout$2.read(AsyncTimeout.java:237)
	... 55 common frames omitted
2020-02-08 09:43:42.705 [http-nio-8181-exec-5] [15cd7ef6-8dbd-4a47-b9f4-78c950fa7c6a] DEBUG c.t.filter.TransportSecurityFilter - error codeTR1001
2020-02-08 09:43:42.706 [http-nio-8181-exec-5] [15cd7ef6-8dbd-4a47-b9f4-78c950fa7c6a] DEBUG c.t.filter.TransportSecurityFilter - error MessageYour request is unsuccessful !
2020-02-08 09:48:23.616 [http-nio-8181-exec-7] [] INFO  c.t.filter.TransportSecurityFilter - TransportSecurityFilter : Transport transaction initiated with Transaction Id 4ce47d21-f7ae-492e-b163-bfc5c4eb3b9f request method POST
2020-02-08 09:48:23.616 [http-nio-8181-exec-7] [4ce47d21-f7ae-492e-b163-bfc5c4eb3b9f] INFO  c.t.filter.TransportSecurityFilter - Transport Security filter : path /trspt/api/v1/vanSizeCalculator resource path http://localhost:8182/trspt/api/v1/vanSizeCalculator
2020-02-08 09:48:33.621 [http-nio-8181-exec-7] [4ce47d21-f7ae-492e-b163-bfc5c4eb3b9f] ERROR c.t.filter.TransportSecurityFilter - Read timed out
java.net.SocketTimeoutException: Read timed out
	at java.net.SocketInputStream.socketRead0(Native Method)
	at java.net.SocketInputStream.socketRead(Unknown Source)
	at java.net.SocketInputStream.read(Unknown Source)
	at java.net.SocketInputStream.read(Unknown Source)
	at okio.Okio$2.read(Okio.java:140)
	at okio.AsyncTimeout$2.read(AsyncTimeout.java:237)
	at okio.RealBufferedSource.indexOf(RealBufferedSource.java:355)
	at okio.RealBufferedSource.readUtf8LineStrict(RealBufferedSource.java:227)
	at okhttp3.internal.http1.Http1Codec.readHeaderLine(Http1Codec.java:215)
	at okhttp3.internal.http1.Http1Codec.readResponseHeaders(Http1Codec.java:189)
	at okhttp3.internal.http.CallServerInterceptor.intercept(CallServerInterceptor.java:88)
	at okhttp3.internal.http.RealInterceptorChain.proceed(RealInterceptorChain.java:147)
	at okhttp3.internal.connection.ConnectInterceptor.intercept(ConnectInterceptor.java:45)
	at okhttp3.internal.http.RealInterceptorChain.proceed(RealInterceptorChain.java:147)
	at okhttp3.internal.http.RealInterceptorChain.proceed(RealInterceptorChain.java:121)
	at okhttp3.internal.cache.CacheInterceptor.intercept(CacheInterceptor.java:93)
	at okhttp3.internal.http.RealInterceptorChain.proceed(RealInterceptorChain.java:147)
	at okhttp3.internal.http.RealInterceptorChain.proceed(RealInterceptorChain.java:121)
	at okhttp3.internal.http.BridgeInterceptor.intercept(BridgeInterceptor.java:93)
	at okhttp3.internal.http.RealInterceptorChain.proceed(RealInterceptorChain.java:147)
	at okhttp3.internal.http.RetryAndFollowUpInterceptor.intercept(RetryAndFollowUpInterceptor.java:126)
	at okhttp3.internal.http.RealInterceptorChain.proceed(RealInterceptorChain.java:147)
	at okhttp3.internal.http.RealInterceptorChain.proceed(RealInterceptorChain.java:121)
	at okhttp3.RealCall.getResponseWithInterceptorChain(RealCall.java:200)
	at okhttp3.RealCall.execute(RealCall.java:77)
	at com.transport.filter.TransportSecurityFilter.post(TransportSecurityFilter.java:254)
	at com.transport.filter.TransportSecurityFilter.doFilter(TransportSecurityFilter.java:126)
	at org.apache.catalina.core.ApplicationFilterChain.internalDoFilter(ApplicationFilterChain.java:193)
	at org.apache.catalina.core.ApplicationFilterChain.doFilter(ApplicationFilterChain.java:166)
	at org.springframework.web.filter.RequestContextFilter.doFilterInternal(RequestContextFilter.java:99)
	at org.springframework.web.filter.OncePerRequestFilter.doFilter(OncePerRequestFilter.java:107)
	at org.apache.catalina.core.ApplicationFilterChain.internalDoFilter(ApplicationFilterChain.java:193)
	at org.apache.catalina.core.ApplicationFilterChain.doFilter(ApplicationFilterChain.java:166)
	at org.springframework.web.filter.HttpPutFormContentFilter.doFilterInternal(HttpPutFormContentFilter.java:109)
	at org.springframework.web.filter.OncePerRequestFilter.doFilter(OncePerRequestFilter.java:107)
	at org.apache.catalina.core.ApplicationFilterChain.internalDoFilter(ApplicationFilterChain.java:193)
	at org.apache.catalina.core.ApplicationFilterChain.doFilter(ApplicationFilterChain.java:166)
	at org.springframework.web.filter.HiddenHttpMethodFilter.doFilterInternal(HiddenHttpMethodFilter.java:93)
	at org.springframework.web.filter.OncePerRequestFilter.doFilter(OncePerRequestFilter.java:107)
	at org.apache.catalina.core.ApplicationFilterChain.internalDoFilter(ApplicationFilterChain.java:193)
	at org.apache.catalina.core.ApplicationFilterChain.doFilter(ApplicationFilterChain.java:166)
	at org.springframework.web.filter.CharacterEncodingFilter.doFilterInternal(CharacterEncodingFilter.java:197)
	at org.springframework.web.filter.OncePerRequestFilter.doFilter(OncePerRequestFilter.java:107)
	at org.apache.catalina.core.ApplicationFilterChain.internalDoFilter(ApplicationFilterChain.java:193)
	at org.apache.catalina.core.ApplicationFilterChain.doFilter(ApplicationFilterChain.java:166)
	at org.apache.catalina.core.StandardWrapperValve.invoke(StandardWrapperValve.java:199)
	at org.apache.catalina.core.StandardContextValve.invoke(StandardContextValve.java:96)
	at org.apache.catalina.authenticator.AuthenticatorBase.invoke(AuthenticatorBase.java:493)
	at org.apache.catalina.core.StandardHostValve.invoke(StandardHostValve.java:137)
	at org.apache.catalina.valves.ErrorReportValve.invoke(ErrorReportValve.java:81)
	at org.apache.catalina.core.StandardEngineValve.invoke(StandardEngineValve.java:87)
	at org.apache.catalina.connector.CoyoteAdapter.service(CoyoteAdapter.java:343)
	at org.apache.coyote.http11.Http11Processor.service(Http11Processor.java:798)
	at org.apache.coyote.AbstractProcessorLight.process(AbstractProcessorLight.java:66)
	at org.apache.coyote.AbstractProtocol$ConnectionHandler.process(AbstractProtocol.java:806)
	at org.apache.tomcat.util.net.NioEndpoint$SocketProcessor.doRun(NioEndpoint.java:1498)
	at org.apache.tomcat.util.net.SocketProcessorBase.run(SocketProcessorBase.java:49)
	at java.util.concurrent.ThreadPoolExecutor.runWorker(Unknown Source)
	at java.util.concurrent.ThreadPoolExecutor$Worker.run(Unknown Source)
	at org.apache.tomcat.util.threads.TaskThread$WrappingRunnable.run(TaskThread.java:61)
	at java.lang.Thread.run(Unknown Source)
2020-02-08 09:48:33.622 [http-nio-8181-exec-7] [4ce47d21-f7ae-492e-b163-bfc5c4eb3b9f] DEBUG c.t.filter.TransportSecurityFilter - error codeTR1001
2020-02-08 09:48:33.622 [http-nio-8181-exec-7] [4ce47d21-f7ae-492e-b163-bfc5c4eb3b9f] DEBUG c.t.filter.TransportSecurityFilter - error MessageYour request is unsuccessful !
2020-02-08 09:53:47.832 [http-nio-8181-exec-9] [] INFO  c.t.filter.TransportSecurityFilter - TransportSecurityFilter : Transport transaction initiated with Transaction Id 699b6878-177f-493b-8672-2c3c92d6ff25 request method POST
2020-02-08 09:53:47.836 [http-nio-8181-exec-9] [699b6878-177f-493b-8672-2c3c92d6ff25] INFO  c.t.filter.TransportSecurityFilter - Transport Security filter : path /trspt/api/v1/vanSizeCalculator resource path http://localhost:8182/trspt/api/v1/vanSizeCalculator
2020-02-08 09:53:57.838 [http-nio-8181-exec-9] [699b6878-177f-493b-8672-2c3c92d6ff25] ERROR c.t.filter.TransportSecurityFilter - Read timed out
java.net.SocketTimeoutException: Read timed out
	at java.net.SocketInputStream.socketRead0(Native Method)
	at java.net.SocketInputStream.socketRead(Unknown Source)
	at java.net.SocketInputStream.read(Unknown Source)
	at java.net.SocketInputStream.read(Unknown Source)
	at okio.Okio$2.read(Okio.java:140)
	at okio.AsyncTimeout$2.read(AsyncTimeout.java:237)
	at okio.RealBufferedSource.indexOf(RealBufferedSource.java:355)
	at okio.RealBufferedSource.readUtf8LineStrict(RealBufferedSource.java:227)
	at okhttp3.internal.http1.Http1Codec.readHeaderLine(Http1Codec.java:215)
	at okhttp3.internal.http1.Http1Codec.readResponseHeaders(Http1Codec.java:189)
	at okhttp3.internal.http.CallServerInterceptor.intercept(CallServerInterceptor.java:88)
	at okhttp3.internal.http.RealInterceptorChain.proceed(RealInterceptorChain.java:147)
	at okhttp3.internal.connection.ConnectInterceptor.intercept(ConnectInterceptor.java:45)
	at okhttp3.internal.http.RealInterceptorChain.proceed(RealInterceptorChain.java:147)
	at okhttp3.internal.http.RealInterceptorChain.proceed(RealInterceptorChain.java:121)
	at okhttp3.internal.cache.CacheInterceptor.intercept(CacheInterceptor.java:93)
	at okhttp3.internal.http.RealInterceptorChain.proceed(RealInterceptorChain.java:147)
	at okhttp3.internal.http.RealInterceptorChain.proceed(RealInterceptorChain.java:121)
	at okhttp3.internal.http.BridgeInterceptor.intercept(BridgeInterceptor.java:93)
	at okhttp3.internal.http.RealInterceptorChain.proceed(RealInterceptorChain.java:147)
	at okhttp3.internal.http.RetryAndFollowUpInterceptor.intercept(RetryAndFollowUpInterceptor.java:126)
	at okhttp3.internal.http.RealInterceptorChain.proceed(RealInterceptorChain.java:147)
	at okhttp3.internal.http.RealInterceptorChain.proceed(RealInterceptorChain.java:121)
	at okhttp3.RealCall.getResponseWithInterceptorChain(RealCall.java:200)
	at okhttp3.RealCall.execute(RealCall.java:77)
	at com.transport.filter.TransportSecurityFilter.post(TransportSecurityFilter.java:254)
	at com.transport.filter.TransportSecurityFilter.doFilter(TransportSecurityFilter.java:126)
	at org.apache.catalina.core.ApplicationFilterChain.internalDoFilter(ApplicationFilterChain.java:193)
	at org.apache.catalina.core.ApplicationFilterChain.doFilter(ApplicationFilterChain.java:166)
	at org.springframework.web.filter.RequestContextFilter.doFilterInternal(RequestContextFilter.java:99)
	at org.springframework.web.filter.OncePerRequestFilter.doFilter(OncePerRequestFilter.java:107)
	at org.apache.catalina.core.ApplicationFilterChain.internalDoFilter(ApplicationFilterChain.java:193)
	at org.apache.catalina.core.ApplicationFilterChain.doFilter(ApplicationFilterChain.java:166)
	at org.springframework.web.filter.HttpPutFormContentFilter.doFilterInternal(HttpPutFormContentFilter.java:109)
	at org.springframework.web.filter.OncePerRequestFilter.doFilter(OncePerRequestFilter.java:107)
	at org.apache.catalina.core.ApplicationFilterChain.internalDoFilter(ApplicationFilterChain.java:193)
	at org.apache.catalina.core.ApplicationFilterChain.doFilter(ApplicationFilterChain.java:166)
	at org.springframework.web.filter.HiddenHttpMethodFilter.doFilterInternal(HiddenHttpMethodFilter.java:93)
	at org.springframework.web.filter.OncePerRequestFilter.doFilter(OncePerRequestFilter.java:107)
	at org.apache.catalina.core.ApplicationFilterChain.internalDoFilter(ApplicationFilterChain.java:193)
	at org.apache.catalina.core.ApplicationFilterChain.doFilter(ApplicationFilterChain.java:166)
	at org.springframework.web.filter.CharacterEncodingFilter.doFilterInternal(CharacterEncodingFilter.java:197)
	at org.springframework.web.filter.OncePerRequestFilter.doFilter(OncePerRequestFilter.java:107)
	at org.apache.catalina.core.ApplicationFilterChain.internalDoFilter(ApplicationFilterChain.java:193)
	at org.apache.catalina.core.ApplicationFilterChain.doFilter(ApplicationFilterChain.java:166)
	at org.apache.catalina.core.StandardWrapperValve.invoke(StandardWrapperValve.java:199)
	at org.apache.catalina.core.StandardContextValve.invoke(StandardContextValve.java:96)
	at org.apache.catalina.authenticator.AuthenticatorBase.invoke(AuthenticatorBase.java:493)
	at org.apache.catalina.core.StandardHostValve.invoke(StandardHostValve.java:137)
	at org.apache.catalina.valves.ErrorReportValve.invoke(ErrorReportValve.java:81)
	at org.apache.catalina.core.StandardEngineValve.invoke(StandardEngineValve.java:87)
	at org.apache.catalina.connector.CoyoteAdapter.service(CoyoteAdapter.java:343)
	at org.apache.coyote.http11.Http11Processor.service(Http11Processor.java:798)
	at org.apache.coyote.AbstractProcessorLight.process(AbstractProcessorLight.java:66)
	at org.apache.coyote.AbstractProtocol$ConnectionHandler.process(AbstractProtocol.java:806)
	at org.apache.tomcat.util.net.NioEndpoint$SocketProcessor.doRun(NioEndpoint.java:1498)
	at org.apache.tomcat.util.net.SocketProcessorBase.run(SocketProcessorBase.java:49)
	at java.util.concurrent.ThreadPoolExecutor.runWorker(Unknown Source)
	at java.util.concurrent.ThreadPoolExecutor$Worker.run(Unknown Source)
	at org.apache.tomcat.util.threads.TaskThread$WrappingRunnable.run(TaskThread.java:61)
	at java.lang.Thread.run(Unknown Source)
2020-02-08 09:53:57.838 [http-nio-8181-exec-9] [699b6878-177f-493b-8672-2c3c92d6ff25] DEBUG c.t.filter.TransportSecurityFilter - error codeTR1001
2020-02-08 09:53:57.840 [http-nio-8181-exec-9] [699b6878-177f-493b-8672-2c3c92d6ff25] DEBUG c.t.filter.TransportSecurityFilter - error MessageYour request is unsuccessful !
2020-02-08 09:58:17.691 [http-nio-8181-exec-1] [a87dd169-98fa-4149-88da-55b417ac3bb3] INFO  c.t.filter.TransportSecurityFilter - TransportSecurityFilter : Transport transaction initiated with Transaction Id 7f9f25e0-2836-454a-ab30-fe6062b9f943 request method POST
2020-02-08 09:58:17.691 [http-nio-8181-exec-1] [7f9f25e0-2836-454a-ab30-fe6062b9f943] INFO  c.t.filter.TransportSecurityFilter - Transport Security filter : path /trspt/api/v1/vanSizeCalculator resource path http://localhost:8182/trspt/api/v1/vanSizeCalculator
2020-02-08 09:58:27.700 [http-nio-8181-exec-1] [7f9f25e0-2836-454a-ab30-fe6062b9f943] ERROR c.t.filter.TransportSecurityFilter - timeout
java.net.SocketTimeoutException: timeout
	at okio.Okio$4.newTimeoutException(Okio.java:232)
	at okio.AsyncTimeout.exit(AsyncTimeout.java:285)
	at okio.AsyncTimeout$2.read(AsyncTimeout.java:241)
	at okio.RealBufferedSource.indexOf(RealBufferedSource.java:355)
	at okio.RealBufferedSource.readUtf8LineStrict(RealBufferedSource.java:227)
	at okhttp3.internal.http1.Http1Codec.readHeaderLine(Http1Codec.java:215)
	at okhttp3.internal.http1.Http1Codec.readResponseHeaders(Http1Codec.java:189)
	at okhttp3.internal.http.CallServerInterceptor.intercept(CallServerInterceptor.java:88)
	at okhttp3.internal.http.RealInterceptorChain.proceed(RealInterceptorChain.java:147)
	at okhttp3.internal.connection.ConnectInterceptor.intercept(ConnectInterceptor.java:45)
	at okhttp3.internal.http.RealInterceptorChain.proceed(RealInterceptorChain.java:147)
	at okhttp3.internal.http.RealInterceptorChain.proceed(RealInterceptorChain.java:121)
	at okhttp3.internal.cache.CacheInterceptor.intercept(CacheInterceptor.java:93)
	at okhttp3.internal.http.RealInterceptorChain.proceed(RealInterceptorChain.java:147)
	at okhttp3.internal.http.RealInterceptorChain.proceed(RealInterceptorChain.java:121)
	at okhttp3.internal.http.BridgeInterceptor.intercept(BridgeInterceptor.java:93)
	at okhttp3.internal.http.RealInterceptorChain.proceed(RealInterceptorChain.java:147)
	at okhttp3.internal.http.RetryAndFollowUpInterceptor.intercept(RetryAndFollowUpInterceptor.java:126)
	at okhttp3.internal.http.RealInterceptorChain.proceed(RealInterceptorChain.java:147)
	at okhttp3.internal.http.RealInterceptorChain.proceed(RealInterceptorChain.java:121)
	at okhttp3.RealCall.getResponseWithInterceptorChain(RealCall.java:200)
	at okhttp3.RealCall.execute(RealCall.java:77)
	at com.transport.filter.TransportSecurityFilter.post(TransportSecurityFilter.java:254)
	at com.transport.filter.TransportSecurityFilter.doFilter(TransportSecurityFilter.java:126)
	at org.apache.catalina.core.ApplicationFilterChain.internalDoFilter(ApplicationFilterChain.java:193)
	at org.apache.catalina.core.ApplicationFilterChain.doFilter(ApplicationFilterChain.java:166)
	at org.springframework.web.filter.RequestContextFilter.doFilterInternal(RequestContextFilter.java:99)
	at org.springframework.web.filter.OncePerRequestFilter.doFilter(OncePerRequestFilter.java:107)
	at org.apache.catalina.core.ApplicationFilterChain.internalDoFilter(ApplicationFilterChain.java:193)
	at org.apache.catalina.core.ApplicationFilterChain.doFilter(ApplicationFilterChain.java:166)
	at org.springframework.web.filter.HttpPutFormContentFilter.doFilterInternal(HttpPutFormContentFilter.java:109)
	at org.springframework.web.filter.OncePerRequestFilter.doFilter(OncePerRequestFilter.java:107)
	at org.apache.catalina.core.ApplicationFilterChain.internalDoFilter(ApplicationFilterChain.java:193)
	at org.apache.catalina.core.ApplicationFilterChain.doFilter(ApplicationFilterChain.java:166)
	at org.springframework.web.filter.HiddenHttpMethodFilter.doFilterInternal(HiddenHttpMethodFilter.java:93)
	at org.springframework.web.filter.OncePerRequestFilter.doFilter(OncePerRequestFilter.java:107)
	at org.apache.catalina.core.ApplicationFilterChain.internalDoFilter(ApplicationFilterChain.java:193)
	at org.apache.catalina.core.ApplicationFilterChain.doFilter(ApplicationFilterChain.java:166)
	at org.springframework.web.filter.CharacterEncodingFilter.doFilterInternal(CharacterEncodingFilter.java:197)
	at org.springframework.web.filter.OncePerRequestFilter.doFilter(OncePerRequestFilter.java:107)
	at org.apache.catalina.core.ApplicationFilterChain.internalDoFilter(ApplicationFilterChain.java:193)
	at org.apache.catalina.core.ApplicationFilterChain.doFilter(ApplicationFilterChain.java:166)
	at org.apache.catalina.core.StandardWrapperValve.invoke(StandardWrapperValve.java:199)
	at org.apache.catalina.core.StandardContextValve.invoke(StandardContextValve.java:96)
	at org.apache.catalina.authenticator.AuthenticatorBase.invoke(AuthenticatorBase.java:493)
	at org.apache.catalina.core.StandardHostValve.invoke(StandardHostValve.java:137)
	at org.apache.catalina.valves.ErrorReportValve.invoke(ErrorReportValve.java:81)
	at org.apache.catalina.core.StandardEngineValve.invoke(StandardEngineValve.java:87)
	at org.apache.catalina.connector.CoyoteAdapter.service(CoyoteAdapter.java:343)
	at org.apache.coyote.http11.Http11Processor.service(Http11Processor.java:798)
	at org.apache.coyote.AbstractProcessorLight.process(AbstractProcessorLight.java:66)
	at org.apache.coyote.AbstractProtocol$ConnectionHandler.process(AbstractProtocol.java:806)
	at org.apache.tomcat.util.net.NioEndpoint$SocketProcessor.doRun(NioEndpoint.java:1498)
	at org.apache.tomcat.util.net.SocketProcessorBase.run(SocketProcessorBase.java:49)
	at java.util.concurrent.ThreadPoolExecutor.runWorker(Unknown Source)
	at java.util.concurrent.ThreadPoolExecutor$Worker.run(Unknown Source)
	at org.apache.tomcat.util.threads.TaskThread$WrappingRunnable.run(TaskThread.java:61)
	at java.lang.Thread.run(Unknown Source)
Caused by: java.net.SocketTimeoutException: Read timed out
	at java.net.SocketInputStream.socketRead0(Native Method)
	at java.net.SocketInputStream.socketRead(Unknown Source)
	at java.net.SocketInputStream.read(Unknown Source)
	at java.net.SocketInputStream.read(Unknown Source)
	at okio.Okio$2.read(Okio.java:140)
	at okio.AsyncTimeout$2.read(AsyncTimeout.java:237)
	... 55 common frames omitted
2020-02-08 09:58:27.700 [http-nio-8181-exec-1] [7f9f25e0-2836-454a-ab30-fe6062b9f943] DEBUG c.t.filter.TransportSecurityFilter - error codeTR1001
2020-02-08 09:58:27.700 [http-nio-8181-exec-1] [7f9f25e0-2836-454a-ab30-fe6062b9f943] DEBUG c.t.filter.TransportSecurityFilter - error MessageYour request is unsuccessful !
2020-02-08 10:16:04.634 [main] [] INFO  c.t.TransportSecurityApplication - Starting TransportSecurityApplication on DESKTOP-E99KESB with PID 7904 (C:\Users\CST\Desktop\transport\TransportNew\TransportSecurityApp\bin\main started by CST in C:\Users\CST\Desktop\transport\TransportNew\TransportSecurityApp)
2020-02-08 10:16:04.638 [main] [] DEBUG c.t.TransportSecurityApplication - Running with Spring Boot v1.5.20.RELEASE, Spring v4.3.23.RELEASE
2020-02-08 10:16:04.638 [main] [] INFO  c.t.TransportSecurityApplication - The following profiles are active: TEST
2020-02-08 10:16:05.165 [main] [] INFO  o.s.b.c.e.AnnotationConfigEmbeddedWebApplicationContext - Refreshing org.springframework.boot.context.embedded.AnnotationConfigEmbeddedWebApplicationContext@149e0f5d: startup date [Sat Feb 08 10:16:05 IST 2020]; root of context hierarchy
2020-02-08 10:16:05.181 [background-preinit] [] INFO  o.h.validator.internal.util.Version - HV000001: Hibernate Validator 5.3.6.Final
2020-02-08 10:16:07.235 [main] [] INFO  o.s.c.s.PostProcessorRegistrationDelegate$BeanPostProcessorChecker - Bean 'org.springframework.ws.config.annotation.DelegatingWsConfiguration' of type [org.springframework.ws.config.annotation.DelegatingWsConfiguration$$EnhancerBySpringCGLIB$$705feff3] is not eligible for getting processed by all BeanPostProcessors (for example: not eligible for auto-proxying)
2020-02-08 10:16:07.300 [main] [] INFO  o.s.w.s.a.s.AnnotationActionEndpointMapping - Supporting [WS-Addressing August 2004, WS-Addressing 1.0]
2020-02-08 10:16:07.376 [main] [] INFO  o.s.c.s.PostProcessorRegistrationDelegate$BeanPostProcessorChecker - Bean 'org.springframework.transaction.annotation.ProxyTransactionManagementConfiguration' of type [org.springframework.transaction.annotation.ProxyTransactionManagementConfiguration$$EnhancerBySpringCGLIB$$cbc82af4] is not eligible for getting processed by all BeanPostProcessors (for example: not eligible for auto-proxying)
2020-02-08 10:16:08.163 [main] [] INFO  o.s.b.c.e.t.TomcatEmbeddedServletContainer - Tomcat initialized with port(s): 8181 (http)
2020-02-08 10:16:08.195 [main] [] INFO  o.a.coyote.http11.Http11NioProtocol - Initializing ProtocolHandler ["http-nio-8181"]
2020-02-08 10:16:08.227 [main] [] INFO  o.a.catalina.core.StandardService - Starting service [Tomcat]
2020-02-08 10:16:08.227 [main] [] INFO  o.a.catalina.core.StandardEngine - Starting Servlet Engine: Apache Tomcat/8.5.39
2020-02-08 10:16:08.423 [localhost-startStop-1] [] INFO  o.a.c.c.C.[Tomcat].[localhost].[/] - Initializing Spring embedded WebApplicationContext
2020-02-08 10:16:08.423 [localhost-startStop-1] [] INFO  o.s.web.context.ContextLoader - Root WebApplicationContext: initialization completed in 3258 ms
2020-02-08 10:16:09.470 [localhost-startStop-1] [] INFO  o.s.b.w.s.ServletRegistrationBean - Mapping servlet: 'dispatcherServlet' to [/]
2020-02-08 10:16:09.475 [localhost-startStop-1] [] INFO  o.s.b.w.s.ServletRegistrationBean - Mapping servlet: 'messageDispatcherServlet' to [/services/*]
2020-02-08 10:16:09.476 [localhost-startStop-1] [] INFO  o.s.b.w.s.FilterRegistrationBean - Mapping filter: 'characterEncodingFilter' to: [/*]
2020-02-08 10:16:09.480 [localhost-startStop-1] [] INFO  o.s.b.w.s.FilterRegistrationBean - Mapping filter: 'hiddenHttpMethodFilter' to: [/*]
2020-02-08 10:16:09.480 [localhost-startStop-1] [] INFO  o.s.b.w.s.FilterRegistrationBean - Mapping filter: 'httpPutFormContentFilter' to: [/*]
2020-02-08 10:16:09.480 [localhost-startStop-1] [] INFO  o.s.b.w.s.FilterRegistrationBean - Mapping filter: 'requestContextFilter' to: [/*]
2020-02-08 10:16:09.480 [localhost-startStop-1] [] INFO  o.s.b.w.s.FilterRegistrationBean - Mapping filter: 'transportSecurityFilter' to: [/*]
2020-02-08 10:16:09.512 [localhost-startStop-1] [] INFO  c.t.filter.TransportSecurityFilter - TransportSecurityFilter : Initialized.........
2020-02-08 10:16:09.640 [main] [] INFO  com.zaxxer.hikari.HikariDataSource - TransportPool - Started.
2020-02-08 10:16:19.146 [main] [] INFO  o.s.o.j.LocalContainerEntityManagerFactoryBean - Building JPA container EntityManagerFactory for persistence unit 'default'
2020-02-08 10:16:19.175 [main] [] INFO  o.h.jpa.internal.util.LogHelper - HHH000204: Processing PersistenceUnitInfo [
	name: default
	...]
2020-02-08 10:16:19.307 [main] [] INFO  org.hibernate.Version - HHH000412: Hibernate Core {5.0.12.Final}
2020-02-08 10:16:19.307 [main] [] INFO  org.hibernate.cfg.Environment - HHH000206: hibernate.properties not found
2020-02-08 10:16:19.311 [main] [] INFO  org.hibernate.cfg.Environment - HHH000021: Bytecode provider name : javassist
2020-02-08 10:16:19.383 [main] [] INFO  o.h.annotations.common.Version - HCANN000001: Hibernate Commons Annotations {5.0.1.Final}
2020-02-08 10:16:19.774 [main] [] INFO  org.hibernate.dialect.Dialect - HHH000400: Using dialect: org.hibernate.dialect.MySQL5Dialect
2020-02-08 10:16:20.694 [main] [] INFO  o.s.o.j.LocalContainerEntityManagerFactoryBean - Initialized JPA EntityManagerFactory for persistence unit 'default'
2020-02-08 10:16:21.199 [main] [] INFO  o.h.h.i.QueryTranslatorFactoryInitiator - HHH000397: Using ASTQueryTranslatorFactory
2020-02-08 10:16:23.083 [main] [] INFO  o.s.w.s.m.m.a.RequestMappingHandlerAdapter - Looking for @ControllerAdvice: org.springframework.boot.context.embedded.AnnotationConfigEmbeddedWebApplicationContext@149e0f5d: startup date [Sat Feb 08 10:16:05 IST 2020]; root of context hierarchy
2020-02-08 10:16:23.246 [main] [] INFO  o.s.w.s.m.m.a.RequestMappingHandlerMapping - Mapped "{[/trspt/api/v1/uploadDocs],methods=[POST],produces=[application/json]}" onto private com.transport.response.TransportResponse com.transport.controller.KYCDocsController.uploadDocs(com.transport.bean.KYCDetails,javax.servlet.http.HttpServletRequest) throws com.transport.exception.MailExistsException,com.transport.exception.UserNameExistsException,com.transport.exception.TransportException
2020-02-08 10:16:23.250 [main] [] INFO  o.s.w.s.m.m.a.RequestMappingHandlerMapping - Mapped "{[/trspt/api/v1/setPassword],methods=[POST],produces=[application/json]}" onto private com.transport.response.TransportResponse com.transport.controller.TransportSecurityController.setPassword(com.transport.bean.SetPassword) throws com.transport.exception.PasswordMismatchException
2020-02-08 10:16:23.250 [main] [] INFO  o.s.w.s.m.m.a.RequestMappingHandlerMapping - Mapped "{[/trspt/api/v1/validateDriverOTP],methods=[POST],produces=[application/json]}" onto private com.transport.response.OTPResponse com.transport.controller.TransportSecurityController.validateDriverOTP(com.transport.bean.DriverOTPReq) throws com.transport.exception.MailExistsException,com.transport.exception.UserNameExistsException,com.transport.exception.TransportException,com.transport.exception.InvalidMaildId,com.transport.exception.TransportDAOException,com.transport.exception.LoginFailedException,com.transport.exception.OTPExpiredException,com.transport.exception.InvalidOTP
2020-02-08 10:16:23.250 [main] [] INFO  o.s.w.s.m.m.a.RequestMappingHandlerMapping - Mapped "{[/trspt/api/v1/validateCustomerOTP],methods=[POST],produces=[application/json]}" onto private com.transport.response.LoginResult com.transport.controller.TransportSecurityController.validateOTP(com.transport.bean.UserOTPReq) throws com.transport.exception.MailExistsException,com.transport.exception.UserNameExistsException,com.transport.exception.TransportException,com.transport.exception.InvalidMaildId,com.transport.exception.ResendOTPFailed,com.transport.exception.SendOTPFailed,com.transport.exception.OTPExpiredException,com.transport.exception.InvalidOTP,com.transport.exception.TransportDAOException
2020-02-08 10:16:23.250 [main] [] INFO  o.s.w.s.m.m.a.RequestMappingHandlerMapping - Mapped "{[/trspt/api/v1/driver/register],methods=[POST],produces=[application/json]}" onto private com.transport.response.TransportResponse com.transport.controller.TransportSecurityController.registerDriver(com.transport.model.UserRegistration) throws com.transport.exception.MailExistsException,com.transport.exception.UserNameExistsException,com.transport.exception.TransportException
2020-02-08 10:16:23.254 [main] [] INFO  o.s.w.s.m.m.a.RequestMappingHandlerMapping - Mapped "{[/trspt/api/v1/resendOTP],methods=[POST],produces=[application/json]}" onto private com.transport.response.TransportResponse com.transport.controller.TransportSecurityController.resendOTP(com.transport.bean.UserOTPReq) throws com.transport.exception.MailExistsException,com.transport.exception.UserNameExistsException,com.transport.exception.TransportException,com.transport.exception.InvalidMaildId,com.transport.exception.ResendOTPFailed,com.transport.exception.SendOTPFailed
2020-02-08 10:16:23.254 [main] [] INFO  o.s.w.s.m.m.a.RequestMappingHandlerMapping - Mapped "{[/trspt/api/v1/driver/login],methods=[POST],produces=[application/json]}" onto private com.transport.response.DriverLoginResponse com.transport.controller.TransportSecurityController.driverLogin(com.transport.bean.DriverLoginReq) throws com.transport.exception.UserNameExistsException,com.transport.exception.TransportException,com.transport.exception.InvalidMaildId,com.transport.exception.LoginFailedException,com.transport.exception.TransportDAOException,com.transport.exception.InvalidAccount,com.transport.exception.SendOTPFailed
2020-02-08 10:16:23.254 [main] [] INFO  o.s.w.s.m.m.a.RequestMappingHandlerMapping - Mapped "{[/trspt/api/v1/customer/login],methods=[POST],produces=[application/json]}" onto private com.transport.response.TransportResponse com.transport.controller.TransportSecurityController.loginCustomer(com.transport.bean.LoginRequest) throws com.transport.exception.UserNameExistsException,com.transport.exception.TransportException,com.transport.exception.InvalidMaildId,com.transport.exception.LoginFailedException,com.transport.exception.TransportDAOException,com.transport.exception.InvalidAccount,com.transport.exception.SendOTPFailed
2020-02-08 10:16:23.258 [main] [] INFO  o.s.w.s.m.m.a.RequestMappingHandlerMapping - Mapped "{[/error]}" onto public org.springframework.http.ResponseEntity<java.util.Map<java.lang.String, java.lang.Object>> org.springframework.boot.autoconfigure.web.BasicErrorController.error(javax.servlet.http.HttpServletRequest)
2020-02-08 10:16:23.258 [main] [] INFO  o.s.w.s.m.m.a.RequestMappingHandlerMapping - Mapped "{[/error],produces=[text/html]}" onto public org.springframework.web.servlet.ModelAndView org.springframework.boot.autoconfigure.web.BasicErrorController.errorHtml(javax.servlet.http.HttpServletRequest,javax.servlet.http.HttpServletResponse)
2020-02-08 10:16:23.298 [main] [] INFO  o.s.w.s.h.SimpleUrlHandlerMapping - Mapped URL path [/webjars/**] onto handler of type [class org.springframework.web.servlet.resource.ResourceHttpRequestHandler]
2020-02-08 10:16:23.302 [main] [] INFO  o.s.w.s.h.SimpleUrlHandlerMapping - Mapped URL path [/**] onto handler of type [class org.springframework.web.servlet.resource.ResourceHttpRequestHandler]
2020-02-08 10:16:23.326 [main] [] INFO  o.s.w.s.m.m.a.ExceptionHandlerExceptionResolver - Detected @ExceptionHandler methods in transportControllAdvice
2020-02-08 10:16:23.326 [main] [] INFO  o.s.w.s.m.m.a.ExceptionHandlerExceptionResolver - Detected @ExceptionHandler methods in repositoryRestExceptionHandler
2020-02-08 10:16:23.448 [main] [] INFO  o.s.w.s.h.SimpleUrlHandlerMapping - Mapped URL path [/**/favicon.ico] onto handler of type [class org.springframework.web.servlet.resource.ResourceHttpRequestHandler]
2020-02-08 10:16:23.799 [main] [] INFO  o.s.d.r.w.RepositoryRestHandlerAdapter - Looking for @ControllerAdvice: org.springframework.boot.context.embedded.AnnotationConfigEmbeddedWebApplicationContext@149e0f5d: startup date [Sat Feb 08 10:16:05 IST 2020]; root of context hierarchy
2020-02-08 10:16:23.811 [main] [] INFO  o.s.d.r.w.RepositoryRestHandlerMapping - Mapped "{[/{repository}],methods=[OPTIONS],produces=[application/hal+json || application/json]}" onto public org.springframework.http.ResponseEntity<?> org.springframework.data.rest.webmvc.RepositoryEntityController.optionsForCollectionResource(org.springframework.data.rest.webmvc.RootResourceInformation)
2020-02-08 10:16:23.811 [main] [] INFO  o.s.d.r.w.RepositoryRestHandlerMapping - Mapped "{[/{repository}],methods=[POST],produces=[application/hal+json || application/json]}" onto public org.springframework.http.ResponseEntity<org.springframework.hateoas.ResourceSupport> org.springframework.data.rest.webmvc.RepositoryEntityController.postCollectionResource(org.springframework.data.rest.webmvc.RootResourceInformation,org.springframework.data.rest.webmvc.PersistentEntityResource,org.springframework.data.rest.webmvc.PersistentEntityResourceAssembler,java.lang.String) throws org.springframework.web.HttpRequestMethodNotSupportedException
2020-02-08 10:16:23.811 [main] [] INFO  o.s.d.r.w.RepositoryRestHandlerMapping - Mapped "{[/{repository}],methods=[GET],produces=[application/hal+json || application/json]}" onto public org.springframework.hateoas.Resources<?> org.springframework.data.rest.webmvc.RepositoryEntityController.getCollectionResource(org.springframework.data.rest.webmvc.RootResourceInformation,org.springframework.data.rest.webmvc.support.DefaultedPageable,org.springframework.data.domain.Sort,org.springframework.data.rest.webmvc.PersistentEntityResourceAssembler) throws org.springframework.data.rest.webmvc.ResourceNotFoundException,org.springframework.web.HttpRequestMethodNotSupportedException
2020-02-08 10:16:23.811 [main] [] INFO  o.s.d.r.w.RepositoryRestHandlerMapping - Mapped "{[/{repository}/{id}],methods=[OPTIONS],produces=[application/hal+json || application/json]}" onto public org.springframework.http.ResponseEntity<?> org.springframework.data.rest.webmvc.RepositoryEntityController.optionsForItemResource(org.springframework.data.rest.webmvc.RootResourceInformation)
2020-02-08 10:16:23.811 [main] [] INFO  o.s.d.r.w.RepositoryRestHandlerMapping - Mapped "{[/{repository}/{id}],methods=[HEAD],produces=[application/hal+json || application/json]}" onto public org.springframework.http.ResponseEntity<?> org.springframework.data.rest.webmvc.RepositoryEntityController.headForItemResource(org.springframework.data.rest.webmvc.RootResourceInformation,java.io.Serializable,org.springframework.data.rest.webmvc.PersistentEntityResourceAssembler) throws org.springframework.web.HttpRequestMethodNotSupportedException
2020-02-08 10:16:23.811 [main] [] INFO  o.s.d.r.w.RepositoryRestHandlerMapping - Mapped "{[/{repository}],methods=[GET],produces=[application/x-spring-data-compact+json || text/uri-list]}" onto public org.springframework.hateoas.Resources<?> org.springframework.data.rest.webmvc.RepositoryEntityController.getCollectionResourceCompact(org.springframework.data.rest.webmvc.RootResourceInformation,org.springframework.data.rest.webmvc.support.DefaultedPageable,org.springframework.data.domain.Sort,org.springframework.data.rest.webmvc.PersistentEntityResourceAssembler) throws org.springframework.data.rest.webmvc.ResourceNotFoundException,org.springframework.web.HttpRequestMethodNotSupportedException
2020-02-08 10:16:23.811 [main] [] INFO  o.s.d.r.w.RepositoryRestHandlerMapping - Mapped "{[/{repository}],methods=[HEAD],produces=[application/hal+json || application/json]}" onto public org.springframework.http.ResponseEntity<?> org.springframework.data.rest.webmvc.RepositoryEntityController.headCollectionResource(org.springframework.data.rest.webmvc.RootResourceInformation,org.springframework.data.rest.webmvc.support.DefaultedPageable) throws org.springframework.web.HttpRequestMethodNotSupportedException
2020-02-08 10:16:23.815 [main] [] INFO  o.s.d.r.w.RepositoryRestHandlerMapping - Mapped "{[/{repository}/{id}],methods=[DELETE],produces=[application/hal+json || application/json]}" onto public org.springframework.http.ResponseEntity<?> org.springframework.data.rest.webmvc.RepositoryEntityController.deleteItemResource(org.springframework.data.rest.webmvc.RootResourceInformation,java.io.Serializable,org.springframework.data.rest.webmvc.support.ETag) throws org.springframework.data.rest.webmvc.ResourceNotFoundException,org.springframework.web.HttpRequestMethodNotSupportedException
2020-02-08 10:16:23.815 [main] [] INFO  o.s.d.r.w.RepositoryRestHandlerMapping - Mapped "{[/{repository}/{id}],methods=[PATCH],produces=[application/hal+json || application/json]}" onto public org.springframework.http.ResponseEntity<org.springframework.hateoas.ResourceSupport> org.springframework.data.rest.webmvc.RepositoryEntityController.patchItemResource(org.springframework.data.rest.webmvc.RootResourceInformation,org.springframework.data.rest.webmvc.PersistentEntityResource,java.io.Serializable,org.springframework.data.rest.webmvc.PersistentEntityResourceAssembler,org.springframework.data.rest.webmvc.support.ETag,java.lang.String) throws org.springframework.web.HttpRequestMethodNotSupportedException,org.springframework.data.rest.webmvc.ResourceNotFoundException
2020-02-08 10:16:23.815 [main] [] INFO  o.s.d.r.w.RepositoryRestHandlerMapping - Mapped "{[/{repository}/{id}],methods=[GET],produces=[application/hal+json || application/json]}" onto public org.springframework.http.ResponseEntity<org.springframework.hateoas.Resource<?>> org.springframework.data.rest.webmvc.RepositoryEntityController.getItemResource(org.springframework.data.rest.webmvc.RootResourceInformation,java.io.Serializable,org.springframework.data.rest.webmvc.PersistentEntityResourceAssembler,org.springframework.http.HttpHeaders) throws org.springframework.web.HttpRequestMethodNotSupportedException
2020-02-08 10:16:23.815 [main] [] INFO  o.s.d.r.w.RepositoryRestHandlerMapping - Mapped "{[/{repository}/{id}],methods=[PUT],produces=[application/hal+json || application/json]}" onto public org.springframework.http.ResponseEntity<? extends org.springframework.hateoas.ResourceSupport> org.springframework.data.rest.webmvc.RepositoryEntityController.putItemResource(org.springframework.data.rest.webmvc.RootResourceInformation,org.springframework.data.rest.webmvc.PersistentEntityResource,java.io.Serializable,org.springframework.data.rest.webmvc.PersistentEntityResourceAssembler,org.springframework.data.rest.webmvc.support.ETag,java.lang.String) throws org.springframework.web.HttpRequestMethodNotSupportedException
2020-02-08 10:16:23.815 [main] [] INFO  o.s.d.r.w.RepositoryRestHandlerMapping - Mapped "{[/{repository}/{id}/{property}],methods=[DELETE],produces=[application/hal+json || application/json]}" onto public org.springframework.http.ResponseEntity<? extends org.springframework.hateoas.ResourceSupport> org.springframework.data.rest.webmvc.RepositoryPropertyReferenceController.deletePropertyReference(org.springframework.data.rest.webmvc.RootResourceInformation,java.io.Serializable,java.lang.String) throws java.lang.Exception
2020-02-08 10:16:23.819 [main] [] INFO  o.s.d.r.w.RepositoryRestHandlerMapping - Mapped "{[/{repository}/{id}/{property}/{propertyId}],methods=[GET],produces=[application/hal+json || application/json]}" onto public org.springframework.http.ResponseEntity<org.springframework.hateoas.ResourceSupport> org.springframework.data.rest.webmvc.RepositoryPropertyReferenceController.followPropertyReference(org.springframework.data.rest.webmvc.RootResourceInformation,java.io.Serializable,java.lang.String,java.lang.String,org.springframework.data.rest.webmvc.PersistentEntityResourceAssembler) throws java.lang.Exception
2020-02-08 10:16:23.819 [main] [] INFO  o.s.d.r.w.RepositoryRestHandlerMapping - Mapped "{[/{repository}/{id}/{property}],methods=[GET],produces=[application/hal+json || application/json]}" onto public org.springframework.http.ResponseEntity<org.springframework.hateoas.ResourceSupport> org.springframework.data.rest.webmvc.RepositoryPropertyReferenceController.followPropertyReference(org.springframework.data.rest.webmvc.RootResourceInformation,java.io.Serializable,java.lang.String,org.springframework.data.rest.webmvc.PersistentEntityResourceAssembler) throws java.lang.Exception
2020-02-08 10:16:23.819 [main] [] INFO  o.s.d.r.w.RepositoryRestHandlerMapping - Mapped "{[/{repository}/{id}/{property}],methods=[GET],produces=[application/x-spring-data-compact+json || text/uri-list]}" onto public org.springframework.http.ResponseEntity<org.springframework.hateoas.ResourceSupport> org.springframework.data.rest.webmvc.RepositoryPropertyReferenceController.followPropertyReferenceCompact(org.springframework.data.rest.webmvc.RootResourceInformation,java.io.Serializable,java.lang.String,org.springframework.data.rest.webmvc.PersistentEntityResourceAssembler) throws java.lang.Exception
2020-02-08 10:16:23.819 [main] [] INFO  o.s.d.r.w.RepositoryRestHandlerMapping - Mapped "{[/{repository}/{id}/{property}],methods=[PATCH || PUT || POST],consumes=[application/json || application/x-spring-data-compact+json || text/uri-list],produces=[application/hal+json || application/json]}" onto public org.springframework.http.ResponseEntity<? extends org.springframework.hateoas.ResourceSupport> org.springframework.data.rest.webmvc.RepositoryPropertyReferenceController.createPropertyReference(org.springframework.data.rest.webmvc.RootResourceInformation,org.springframework.http.HttpMethod,org.springframework.hateoas.Resources<java.lang.Object>,java.io.Serializable,java.lang.String) throws java.lang.Exception
2020-02-08 10:16:23.819 [main] [] INFO  o.s.d.r.w.RepositoryRestHandlerMapping - Mapped "{[/{repository}/{id}/{property}/{propertyId}],methods=[DELETE],produces=[application/hal+json || application/json]}" onto public org.springframework.http.ResponseEntity<org.springframework.hateoas.ResourceSupport> org.springframework.data.rest.webmvc.RepositoryPropertyReferenceController.deletePropertyReferenceId(org.springframework.data.rest.webmvc.RootResourceInformation,java.io.Serializable,java.lang.String,java.lang.String) throws java.lang.Exception
2020-02-08 10:16:23.823 [main] [] INFO  o.s.d.r.w.RepositoryRestHandlerMapping - Mapped "{[/{repository}/search/{search}],methods=[GET],produces=[application/x-spring-data-compact+json]}" onto public org.springframework.hateoas.ResourceSupport org.springframework.data.rest.webmvc.RepositorySearchController.executeSearchCompact(org.springframework.data.rest.webmvc.RootResourceInformation,org.springframework.http.HttpHeaders,org.springframework.util.MultiValueMap<java.lang.String, java.lang.Object>,java.lang.String,java.lang.String,org.springframework.data.rest.webmvc.support.DefaultedPageable,org.springframework.data.domain.Sort,org.springframework.data.rest.webmvc.PersistentEntityResourceAssembler)
2020-02-08 10:16:23.823 [main] [] INFO  o.s.d.r.w.RepositoryRestHandlerMapping - Mapped "{[/{repository}/search],methods=[OPTIONS],produces=[application/hal+json || application/json]}" onto public org.springframework.http.HttpEntity<?> org.springframework.data.rest.webmvc.RepositorySearchController.optionsForSearches(org.springframework.data.rest.webmvc.RootResourceInformation)
2020-02-08 10:16:23.823 [main] [] INFO  o.s.d.r.w.RepositoryRestHandlerMapping - Mapped "{[/{repository}/search],methods=[HEAD],produces=[application/hal+json || application/json]}" onto public org.springframework.http.HttpEntity<?> org.springframework.data.rest.webmvc.RepositorySearchController.headForSearches(org.springframework.data.rest.webmvc.RootResourceInformation)
2020-02-08 10:16:23.823 [main] [] INFO  o.s.d.r.w.RepositoryRestHandlerMapping - Mapped "{[/{repository}/search/{search}],methods=[GET],produces=[application/hal+json || application/json]}" onto public org.springframework.http.ResponseEntity<?> org.springframework.data.rest.webmvc.RepositorySearchController.executeSearch(org.springframework.data.rest.webmvc.RootResourceInformation,org.springframework.util.MultiValueMap<java.lang.String, java.lang.Object>,java.lang.String,org.springframework.data.rest.webmvc.support.DefaultedPageable,org.springframework.data.domain.Sort,org.springframework.data.rest.webmvc.PersistentEntityResourceAssembler,org.springframework.http.HttpHeaders)
2020-02-08 10:16:23.823 [main] [] INFO  o.s.d.r.w.RepositoryRestHandlerMapping - Mapped "{[/{repository}/search/{search}],methods=[OPTIONS],produces=[application/hal+json || application/json]}" onto public org.springframework.http.ResponseEntity<java.lang.Object> org.springframework.data.rest.webmvc.RepositorySearchController.optionsForSearch(org.springframework.data.rest.webmvc.RootResourceInformation,java.lang.String)
2020-02-08 10:16:23.823 [main] [] INFO  o.s.d.r.w.RepositoryRestHandlerMapping - Mapped "{[/{repository}/search],methods=[GET],produces=[application/hal+json || application/json]}" onto public org.springframework.data.rest.webmvc.RepositorySearchesResource org.springframework.data.rest.webmvc.RepositorySearchController.listSearches(org.springframework.data.rest.webmvc.RootResourceInformation)
2020-02-08 10:16:23.827 [main] [] INFO  o.s.d.r.w.RepositoryRestHandlerMapping - Mapped "{[/{repository}/search/{search}],methods=[HEAD],produces=[application/hal+json || application/json]}" onto public org.springframework.http.ResponseEntity<java.lang.Object> org.springframework.data.rest.webmvc.RepositorySearchController.headForSearch(org.springframework.data.rest.webmvc.RootResourceInformation,java.lang.String)
2020-02-08 10:16:23.827 [main] [] INFO  o.s.d.r.w.RepositoryRestHandlerMapping - Mapped "{[/ || ],methods=[HEAD],produces=[application/hal+json || application/json]}" onto public org.springframework.http.ResponseEntity<?> org.springframework.data.rest.webmvc.RepositoryController.headForRepositories()
2020-02-08 10:16:23.827 [main] [] INFO  o.s.d.r.w.RepositoryRestHandlerMapping - Mapped "{[/ || ],methods=[OPTIONS],produces=[application/hal+json || application/json]}" onto public org.springframework.http.HttpEntity<?> org.springframework.data.rest.webmvc.RepositoryController.optionsForRepositories()
2020-02-08 10:16:23.827 [main] [] INFO  o.s.d.r.w.RepositoryRestHandlerMapping - Mapped "{[/ || ],methods=[GET],produces=[application/hal+json || application/json]}" onto public org.springframework.http.HttpEntity<org.springframework.data.rest.webmvc.RepositoryLinksResource> org.springframework.data.rest.webmvc.RepositoryController.listRepositories()
2020-02-08 10:16:23.831 [main] [] INFO  o.s.d.r.w.BasePathAwareHandlerMapping - Mapped "{[/profile],methods=[GET]}" onto org.springframework.http.HttpEntity<org.springframework.hateoas.ResourceSupport> org.springframework.data.rest.webmvc.ProfileController.listAllFormsOfMetadata()
2020-02-08 10:16:23.831 [main] [] INFO  o.s.d.r.w.BasePathAwareHandlerMapping - Mapped "{[/profile],methods=[OPTIONS]}" onto public org.springframework.http.HttpEntity<?> org.springframework.data.rest.webmvc.ProfileController.profileOptions()
2020-02-08 10:16:23.831 [main] [] INFO  o.s.d.r.w.BasePathAwareHandlerMapping - Mapped "{[/profile/{repository}],methods=[GET],produces=[application/alps+json || */*]}" onto org.springframework.http.HttpEntity<org.springframework.data.rest.webmvc.RootResourceInformation> org.springframework.data.rest.webmvc.alps.AlpsController.descriptor(org.springframework.data.rest.webmvc.RootResourceInformation)
2020-02-08 10:16:23.831 [main] [] INFO  o.s.d.r.w.BasePathAwareHandlerMapping - Mapped "{[/profile/{repository}],methods=[OPTIONS],produces=[application/alps+json]}" onto org.springframework.http.HttpEntity<?> org.springframework.data.rest.webmvc.alps.AlpsController.alpsOptions()
2020-02-08 10:16:23.835 [main] [] INFO  o.s.d.r.w.BasePathAwareHandlerMapping - Mapped "{[/profile/{repository}],methods=[GET],produces=[application/schema+json]}" onto public org.springframework.http.HttpEntity<org.springframework.data.rest.webmvc.json.JsonSchema> org.springframework.data.rest.webmvc.RepositorySchemaController.schema(org.springframework.data.rest.webmvc.RootResourceInformation)
2020-02-08 10:16:24.123 [main] [] INFO  o.s.j.e.a.AnnotationMBeanExporter - Registering beans for JMX exposure on startup
2020-02-08 10:16:24.126 [main] [] INFO  o.s.j.e.a.AnnotationMBeanExporter - Bean with name 'dataSourceContextSource' has been autodetected for JMX exposure
2020-02-08 10:16:24.135 [main] [] INFO  o.s.j.e.a.AnnotationMBeanExporter - Located MBean 'dataSourceContextSource': registering with JMX server as MBean [com.zaxxer.hikari:name=dataSourceContextSource,type=HikariDataSource]
2020-02-08 10:16:24.147 [main] [] INFO  o.a.coyote.http11.Http11NioProtocol - Starting ProtocolHandler ["http-nio-8181"]
2020-02-08 10:16:24.163 [main] [] INFO  o.a.tomcat.util.net.NioSelectorPool - Using a shared selector for servlet write/read
2020-02-08 10:16:24.183 [main] [] INFO  o.s.b.c.e.t.TomcatEmbeddedServletContainer - Tomcat started on port(s): 8181 (http)
2020-02-08 10:16:24.191 [main] [] INFO  c.t.TransportSecurityApplication - Started TransportSecurityApplication in 20.251 seconds (JVM running for 20.931)
2020-02-08 10:18:52.434 [http-nio-8181-exec-1] [] INFO  o.a.c.c.C.[Tomcat].[localhost].[/] - Initializing Spring FrameworkServlet 'dispatcherServlet'
2020-02-08 10:18:52.434 [http-nio-8181-exec-1] [] INFO  o.s.web.servlet.DispatcherServlet - FrameworkServlet 'dispatcherServlet': initialization started
2020-02-08 10:18:52.476 [http-nio-8181-exec-1] [] INFO  o.s.web.servlet.DispatcherServlet - FrameworkServlet 'dispatcherServlet': initialization completed in 42 ms
2020-02-08 10:18:52.496 [http-nio-8181-exec-1] [] INFO  c.t.filter.TransportSecurityFilter - TransportSecurityFilter : Transport transaction initiated with Transaction Id 5b1c15df-66ee-44a8-9cb6-dffc830a0bb4 request method POST
2020-02-08 10:18:52.496 [http-nio-8181-exec-1] [5b1c15df-66ee-44a8-9cb6-dffc830a0bb4] INFO  c.t.filter.TransportSecurityFilter - Transport Security filter : path /trspt/api/v1/vanSizeCalculator resource path http://localhost:8182/trspt/api/v1/vanSizeCalculator
2020-02-08 10:19:17.983 [http-nio-8181-exec-2] [] INFO  c.t.filter.TransportSecurityFilter - TransportSecurityFilter : Transport transaction initiated with Transaction Id 5a93e40f-6834-4192-af3c-539d7b67a39d request method POST
2020-02-08 10:19:17.983 [http-nio-8181-exec-2] [5a93e40f-6834-4192-af3c-539d7b67a39d] INFO  c.t.filter.TransportSecurityFilter - Transport Security filter : path /trspt/api/v1/vanSizeCalculator resource path http://localhost:8182/trspt/api/v1/vanSizeCalculator
2020-02-08 10:30:57.377 [http-nio-8181-exec-4] [] INFO  c.t.filter.TransportSecurityFilter - TransportSecurityFilter : Transport transaction initiated with Transaction Id b023694e-f891-46a8-8748-77a2e466e349 request method POST
2020-02-08 10:30:57.377 [http-nio-8181-exec-4] [b023694e-f891-46a8-8748-77a2e466e349] INFO  c.t.filter.TransportSecurityFilter - Transport Security filter : path /trspt/api/v1/vanSizeCalculator resource path http://localhost:8182/trspt/api/v1/vanSizeCalculator
2020-02-08 10:31:15.115 [http-nio-8181-exec-5] [] INFO  c.t.filter.TransportSecurityFilter - TransportSecurityFilter : Transport transaction initiated with Transaction Id cb5c4cb9-f2cd-48d5-aa54-9cb3870560ae request method POST
2020-02-08 10:31:15.115 [http-nio-8181-exec-5] [cb5c4cb9-f2cd-48d5-aa54-9cb3870560ae] INFO  c.t.filter.TransportSecurityFilter - Transport Security filter : path /trspt/api/v1/vanSizeCalculator resource path http://localhost:8182/trspt/api/v1/vanSizeCalculator
2020-02-08 10:34:52.026 [http-nio-8181-exec-7] [] INFO  c.t.filter.TransportSecurityFilter - TransportSecurityFilter : Transport transaction initiated with Transaction Id 8f35763f-00cc-4838-8cf8-6aee4ab8593c request method POST
2020-02-08 10:34:52.026 [http-nio-8181-exec-7] [8f35763f-00cc-4838-8cf8-6aee4ab8593c] INFO  c.t.filter.TransportSecurityFilter - Transport Security filter : path /trspt/api/v1/vanSizeCalculator resource path http://localhost:8182/trspt/api/v1/vanSizeCalculator
2020-02-08 10:35:19.462 [http-nio-8181-exec-8] [] INFO  c.t.filter.TransportSecurityFilter - TransportSecurityFilter : Transport transaction initiated with Transaction Id cbdf77ed-4931-42ae-b11c-48ce50468259 request method POST
2020-02-08 10:35:19.466 [http-nio-8181-exec-8] [cbdf77ed-4931-42ae-b11c-48ce50468259] INFO  c.t.filter.TransportSecurityFilter - Transport Security filter : path /trspt/api/v1/vanSizeCalculator resource path http://localhost:8182/trspt/api/v1/vanSizeCalculator
2020-02-08 10:35:30.753 [http-nio-8181-exec-9] [] INFO  c.t.filter.TransportSecurityFilter - TransportSecurityFilter : Transport transaction initiated with Transaction Id dd215ec2-7c6f-4b4d-b98e-b6dabf524de0 request method POST
2020-02-08 10:35:30.753 [http-nio-8181-exec-9] [dd215ec2-7c6f-4b4d-b98e-b6dabf524de0] INFO  c.t.filter.TransportSecurityFilter - Transport Security filter : path /trspt/api/v1/vanSizeCalculator resource path http://localhost:8182/trspt/api/v1/vanSizeCalculator
2020-02-08 10:35:42.093 [http-nio-8181-exec-10] [] INFO  c.t.filter.TransportSecurityFilter - TransportSecurityFilter : Transport transaction initiated with Transaction Id 93b3a5df-01c7-4edf-918d-2d351973d80d request method POST
2020-02-08 10:35:42.097 [http-nio-8181-exec-10] [93b3a5df-01c7-4edf-918d-2d351973d80d] INFO  c.t.filter.TransportSecurityFilter - Transport Security filter : path /trspt/api/v1/vanSizeCalculator resource path http://localhost:8182/trspt/api/v1/vanSizeCalculator
2020-02-08 10:35:56.993 [http-nio-8181-exec-1] [5b1c15df-66ee-44a8-9cb6-dffc830a0bb4] INFO  c.t.filter.TransportSecurityFilter - TransportSecurityFilter : Transport transaction initiated with Transaction Id 1c1893d4-e7a9-41cb-afb9-db95994a4a10 request method POST
2020-02-08 10:35:56.997 [http-nio-8181-exec-1] [1c1893d4-e7a9-41cb-afb9-db95994a4a10] INFO  c.t.filter.TransportSecurityFilter - Transport Security filter : path /trspt/api/v1/vanSizeCalculator resource path http://localhost:8182/trspt/api/v1/vanSizeCalculator
2020-02-08 10:37:32.260 [http-nio-8181-exec-3] [] INFO  c.t.filter.TransportSecurityFilter - TransportSecurityFilter : Transport transaction initiated with Transaction Id eb329ece-f7d4-4c15-9365-f4c6bd4b0a39 request method POST
2020-02-08 10:37:32.260 [http-nio-8181-exec-3] [eb329ece-f7d4-4c15-9365-f4c6bd4b0a39] INFO  c.t.filter.TransportSecurityFilter - Transport Security filter : path /trspt/api/v1/vanSizeCalculator resource path http://localhost:8182/trspt/api/v1/vanSizeCalculator
2020-02-08 10:46:04.994 [http-nio-8181-exec-5] [cb5c4cb9-f2cd-48d5-aa54-9cb3870560ae] INFO  c.t.filter.TransportSecurityFilter - TransportSecurityFilter : Transport transaction initiated with Transaction Id 44660062-8b9a-4814-99f1-0dc823de8de7 request method POST
2020-02-08 10:46:04.998 [http-nio-8181-exec-5] [44660062-8b9a-4814-99f1-0dc823de8de7] INFO  c.t.filter.TransportSecurityFilter - Transport Security filter : path /trspt/api/v1/vanSizeCalculator resource path http://localhost:8182/trspt/api/v1/vanSizeCalculator
2020-02-08 10:46:13.960 [http-nio-8181-exec-6] [] INFO  c.t.filter.TransportSecurityFilter - TransportSecurityFilter : Transport transaction initiated with Transaction Id 3445d6a4-8ef3-4ff7-867a-56bd5e63585a request method POST
2020-02-08 10:46:13.960 [http-nio-8181-exec-6] [3445d6a4-8ef3-4ff7-867a-56bd5e63585a] INFO  c.t.filter.TransportSecurityFilter - Transport Security filter : path /trspt/api/v1/vanSizeCalculator resource path http://localhost:8182/trspt/api/v1/vanSizeCalculator
2020-02-08 10:46:26.059 [http-nio-8181-exec-7] [8f35763f-00cc-4838-8cf8-6aee4ab8593c] INFO  c.t.filter.TransportSecurityFilter - TransportSecurityFilter : Transport transaction initiated with Transaction Id 530ec17f-ee7b-45d1-bfdd-e8ff226aff6c request method POST
2020-02-08 10:46:26.063 [http-nio-8181-exec-7] [530ec17f-ee7b-45d1-bfdd-e8ff226aff6c] INFO  c.t.filter.TransportSecurityFilter - Transport Security filter : path /trspt/api/v1/vanSizeCalculator resource path http://localhost:8182/trspt/api/v1/vanSizeCalculator
2020-02-08 10:46:39.009 [http-nio-8181-exec-8] [cbdf77ed-4931-42ae-b11c-48ce50468259] INFO  c.t.filter.TransportSecurityFilter - TransportSecurityFilter : Transport transaction initiated with Transaction Id d9b02cb9-3296-4f5b-8152-17dde40fb2a9 request method POST
2020-02-08 10:46:39.013 [http-nio-8181-exec-8] [d9b02cb9-3296-4f5b-8152-17dde40fb2a9] INFO  c.t.filter.TransportSecurityFilter - Transport Security filter : path /trspt/api/v1/vanSizeCalculator resource path http://localhost:8182/trspt/api/v1/vanSizeCalculator
2020-02-08 11:10:40.144 [TransportPool housekeeper] [] WARN  com.zaxxer.hikari.pool.HikariPool - TransportPool - Thread starvation or clock leap detected (housekeeper delta=1m24s807ms631µs100ns).
2020-02-08 11:48:40.926 [TransportPool housekeeper] [] WARN  com.zaxxer.hikari.pool.HikariPool - TransportPool - Thread starvation or clock leap detected (housekeeper delta=25m711ms550µs900ns).
2020-02-08 13:28:26.937 [http-nio-8181-exec-10] [93b3a5df-01c7-4edf-918d-2d351973d80d] INFO  c.t.filter.TransportSecurityFilter - TransportSecurityFilter : Transport transaction initiated with Transaction Id 82b9aa36-5828-464c-afb1-955c80a48867 request method GET
2020-02-08 13:28:26.947 [http-nio-8181-exec-10] [82b9aa36-5828-464c-afb1-955c80a48867] INFO  c.t.filter.TransportSecurityFilter - Transport Security filter : path /trspt/api/v1/getVanDetails resource path http://localhost:8182/trspt/api/v1/getVanDetails
2020-02-08 16:43:42.616 [TransportPool housekeeper] [] WARN  com.zaxxer.hikari.pool.HikariPool - TransportPool - Thread starvation or clock leap detected (housekeeper delta=3h30s112ms454µs900ns).
