2020-03-10 10:15:16.843 [main] [] INFO  c.t.TransportSecurityApplication - Starting TransportSecurityApplication on DESKTOP-29E3ESU with PID 10884 (D:\QWIQ_MOVE\qwiq_java_website\TransportSecurityApp\bin\main started by CST-LAP-006 in D:\QWIQ_MOVE\qwiq_java_website\TransportSecurityApp)
2020-03-10 10:15:16.930 [main] [] DEBUG c.t.TransportSecurityApplication - Running with Spring Boot v1.5.20.RELEASE, Spring v4.3.23.RELEASE
2020-03-10 10:15:16.930 [main] [] INFO  c.t.TransportSecurityApplication - The following profiles are active: TEST
2020-03-10 10:15:18.111 [background-preinit] [] INFO  o.h.validator.internal.util.Version - HV000001: Hibernate Validator 5.3.6.Final
2020-03-10 10:15:18.129 [main] [] INFO  o.s.b.c.e.AnnotationConfigEmbeddedWebApplicationContext - Refreshing org.springframework.boot.context.embedded.AnnotationConfigEmbeddedWebApplicationContext@45b9a632: startup date [Tue Mar 10 10:15:18 IST 2020]; root of context hierarchy
2020-03-10 10:15:22.200 [main] [] INFO  o.s.c.s.PostProcessorRegistrationDelegate$BeanPostProcessorChecker - Bean 'org.springframework.ws.config.annotation.DelegatingWsConfiguration' of type [org.springframework.ws.config.annotation.DelegatingWsConfiguration$$EnhancerBySpringCGLIB$$8060eef6] is not eligible for getting processed by all BeanPostProcessors (for example: not eligible for auto-proxying)
2020-03-10 10:15:22.395 [main] [] INFO  o.s.w.s.a.s.AnnotationActionEndpointMapping - Supporting [WS-Addressing August 2004, WS-Addressing 1.0]
2020-03-10 10:15:22.449 [main] [] INFO  o.s.c.s.PostProcessorRegistrationDelegate$BeanPostProcessorChecker - Bean 'org.springframework.transaction.annotation.ProxyTransactionManagementConfiguration' of type [org.springframework.transaction.annotation.ProxyTransactionManagementConfiguration$$EnhancerBySpringCGLIB$$dbc929f7] is not eligible for getting processed by all BeanPostProcessors (for example: not eligible for auto-proxying)
2020-03-10 10:15:24.515 [main] [] INFO  o.s.b.c.e.t.TomcatEmbeddedServletContainer - Tomcat initialized with port(s): 8181 (http)
2020-03-10 10:15:24.584 [main] [] INFO  o.a.coyote.http11.Http11NioProtocol - Initializing ProtocolHandler ["http-nio-8181"]
2020-03-10 10:15:24.700 [main] [] INFO  o.a.catalina.core.StandardService - Starting service [Tomcat]
2020-03-10 10:15:24.701 [main] [] INFO  o.a.catalina.core.StandardEngine - Starting Servlet Engine: Apache Tomcat/8.5.39
2020-03-10 10:15:25.254 [localhost-startStop-1] [] INFO  o.a.c.c.C.[Tomcat].[localhost].[/] - Initializing Spring embedded WebApplicationContext
2020-03-10 10:15:25.255 [localhost-startStop-1] [] INFO  o.s.web.context.ContextLoader - Root WebApplicationContext: initialization completed in 7127 ms
2020-03-10 10:15:27.690 [localhost-startStop-1] [] INFO  com.zaxxer.hikari.HikariDataSource - TransportPool - Started.
2020-03-10 10:15:31.658 [localhost-startStop-1] [] INFO  o.s.o.j.LocalContainerEntityManagerFactoryBean - Building JPA container EntityManagerFactory for persistence unit 'default'
2020-03-10 10:15:31.698 [localhost-startStop-1] [] INFO  o.h.jpa.internal.util.LogHelper - HHH000204: Processing PersistenceUnitInfo [
	name: default
	...]
2020-03-10 10:15:31.888 [localhost-startStop-1] [] INFO  org.hibernate.Version - HHH000412: Hibernate Core {5.0.12.Final}
2020-03-10 10:15:31.890 [localhost-startStop-1] [] INFO  org.hibernate.cfg.Environment - HHH000206: hibernate.properties not found
2020-03-10 10:15:31.892 [localhost-startStop-1] [] INFO  org.hibernate.cfg.Environment - HHH000021: Bytecode provider name : javassist
2020-03-10 10:15:32.015 [localhost-startStop-1] [] INFO  o.h.annotations.common.Version - HCANN000001: Hibernate Commons Annotations {5.0.1.Final}
2020-03-10 10:15:32.521 [localhost-startStop-1] [] INFO  org.hibernate.dialect.Dialect - HHH000400: Using dialect: org.hibernate.dialect.MySQL5Dialect
2020-03-10 10:15:34.019 [localhost-startStop-1] [] INFO  o.s.o.j.LocalContainerEntityManagerFactoryBean - Initialized JPA EntityManagerFactory for persistence unit 'default'
2020-03-10 10:15:34.630 [localhost-startStop-1] [] INFO  o.h.h.i.QueryTranslatorFactoryInitiator - HHH000397: Using ASTQueryTranslatorFactory
2020-03-10 10:15:35.022 [localhost-startStop-1] [] INFO  o.s.b.w.s.ServletRegistrationBean - Mapping servlet: 'dispatcherServlet' to [/]
2020-03-10 10:15:35.024 [localhost-startStop-1] [] INFO  o.s.b.w.s.ServletRegistrationBean - Mapping servlet: 'messageDispatcherServlet' to [/services/*]
2020-03-10 10:15:35.050 [localhost-startStop-1] [] INFO  o.s.b.w.s.FilterRegistrationBean - Mapping filter: 'characterEncodingFilter' to: [/*]
2020-03-10 10:15:35.071 [localhost-startStop-1] [] INFO  o.s.b.w.s.FilterRegistrationBean - Mapping filter: 'hiddenHttpMethodFilter' to: [/*]
2020-03-10 10:15:35.072 [localhost-startStop-1] [] INFO  o.s.b.w.s.FilterRegistrationBean - Mapping filter: 'httpPutFormContentFilter' to: [/*]
2020-03-10 10:15:35.072 [localhost-startStop-1] [] INFO  o.s.b.w.s.FilterRegistrationBean - Mapping filter: 'requestContextFilter' to: [/*]
2020-03-10 10:15:35.072 [localhost-startStop-1] [] INFO  o.s.b.w.s.FilterRegistrationBean - Mapping filter: 'transportSecurityFilter' to: [/*]
2020-03-10 10:15:35.143 [localhost-startStop-1] [] INFO  c.t.filter.TransportSecurityFilter - TransportSecurityFilter : Initialized.........
2020-03-10 10:15:37.306 [main] [] INFO  o.s.w.s.m.m.a.RequestMappingHandlerAdapter - Looking for @ControllerAdvice: org.springframework.boot.context.embedded.AnnotationConfigEmbeddedWebApplicationContext@45b9a632: startup date [Tue Mar 10 10:15:18 IST 2020]; root of context hierarchy
2020-03-10 10:15:37.463 [main] [] INFO  o.s.w.s.m.m.a.RequestMappingHandlerMapping - Mapped "{[/trspt/api/v1/uploadDocs],methods=[POST],produces=[application/json]}" onto private com.transport.response.TransportResponse com.transport.controller.KYCDocsController.uploadDocs(com.transport.bean.KYCDetails,javax.servlet.http.HttpServletRequest) throws com.transport.exception.MailExistsException,com.transport.exception.UserNameExistsException,com.transport.exception.TransportException
2020-03-10 10:15:37.467 [main] [] INFO  o.s.w.s.m.m.a.RequestMappingHandlerMapping - Mapped "{[/trspt/api/v1/addVehicle],methods=[POST],produces=[application/json]}" onto private com.transport.response.VehicleRegResp com.transport.controller.KYCDocsController.addVehicle(com.transport.bean.RegisterVehicle,javax.servlet.http.HttpServletRequest) throws com.transport.exception.MailExistsException,com.transport.exception.UserNameExistsException,com.transport.exception.TransportException,com.transport.exception.VehicleRegFailed,com.transport.exception.VehicleUploadFailed
2020-03-10 10:15:37.467 [main] [] INFO  o.s.w.s.m.m.a.RequestMappingHandlerMapping - Mapped "{[/trspt/api/v1/uploadFiles],methods=[POST],produces=[application/json]}" onto public com.transport.response.TransportResponse com.transport.controller.KYCDocsController.uploadFile(org.springframework.web.multipart.MultipartFile,org.springframework.web.multipart.MultipartFile,org.springframework.web.multipart.MultipartFile,org.springframework.web.multipart.MultipartFile,java.lang.String,javax.servlet.http.HttpServletRequest) throws com.transport.exception.FailedUpdateDocs
2020-03-10 10:15:37.473 [main] [] INFO  o.s.w.s.m.m.a.RequestMappingHandlerMapping - Mapped "{[/error]}" onto public org.springframework.http.ResponseEntity<java.util.Map<java.lang.String, java.lang.Object>> org.springframework.boot.autoconfigure.web.BasicErrorController.error(javax.servlet.http.HttpServletRequest)
2020-03-10 10:15:37.473 [main] [] INFO  o.s.w.s.m.m.a.RequestMappingHandlerMapping - Mapped "{[/error],produces=[text/html]}" onto public org.springframework.web.servlet.ModelAndView org.springframework.boot.autoconfigure.web.BasicErrorController.errorHtml(javax.servlet.http.HttpServletRequest,javax.servlet.http.HttpServletResponse)
2020-03-10 10:15:37.535 [main] [] INFO  o.s.w.s.h.SimpleUrlHandlerMapping - Mapped URL path [/webjars/**] onto handler of type [class org.springframework.web.servlet.resource.ResourceHttpRequestHandler]
2020-03-10 10:15:37.535 [main] [] INFO  o.s.w.s.h.SimpleUrlHandlerMapping - Mapped URL path [/**] onto handler of type [class org.springframework.web.servlet.resource.ResourceHttpRequestHandler]
2020-03-10 10:15:37.561 [main] [] INFO  o.s.w.s.m.m.a.ExceptionHandlerExceptionResolver - Detected @ExceptionHandler methods in transportControllAdvice
2020-03-10 10:15:37.562 [main] [] INFO  o.s.w.s.m.m.a.ExceptionHandlerExceptionResolver - Detected @ExceptionHandler methods in repositoryRestExceptionHandler
2020-03-10 10:15:37.681 [main] [] INFO  o.s.w.s.h.SimpleUrlHandlerMapping - Mapped URL path [/**/favicon.ico] onto handler of type [class org.springframework.web.servlet.resource.ResourceHttpRequestHandler]
2020-03-10 10:15:38.152 [main] [] INFO  o.s.d.r.w.RepositoryRestHandlerAdapter - Looking for @ControllerAdvice: org.springframework.boot.context.embedded.AnnotationConfigEmbeddedWebApplicationContext@45b9a632: startup date [Tue Mar 10 10:15:18 IST 2020]; root of context hierarchy
2020-03-10 10:15:38.167 [main] [] INFO  o.s.d.r.w.RepositoryRestHandlerMapping - Mapped "{[/{repository}],methods=[HEAD],produces=[application/hal+json || application/json]}" onto public org.springframework.http.ResponseEntity<?> org.springframework.data.rest.webmvc.RepositoryEntityController.headCollectionResource(org.springframework.data.rest.webmvc.RootResourceInformation,org.springframework.data.rest.webmvc.support.DefaultedPageable) throws org.springframework.web.HttpRequestMethodNotSupportedException
2020-03-10 10:15:38.168 [main] [] INFO  o.s.d.r.w.RepositoryRestHandlerMapping - Mapped "{[/{repository}],methods=[GET],produces=[application/hal+json || application/json]}" onto public org.springframework.hateoas.Resources<?> org.springframework.data.rest.webmvc.RepositoryEntityController.getCollectionResource(org.springframework.data.rest.webmvc.RootResourceInformation,org.springframework.data.rest.webmvc.support.DefaultedPageable,org.springframework.data.domain.Sort,org.springframework.data.rest.webmvc.PersistentEntityResourceAssembler) throws org.springframework.data.rest.webmvc.ResourceNotFoundException,org.springframework.web.HttpRequestMethodNotSupportedException
2020-03-10 10:15:38.169 [main] [] INFO  o.s.d.r.w.RepositoryRestHandlerMapping - Mapped "{[/{repository}],methods=[OPTIONS],produces=[application/hal+json || application/json]}" onto public org.springframework.http.ResponseEntity<?> org.springframework.data.rest.webmvc.RepositoryEntityController.optionsForCollectionResource(org.springframework.data.rest.webmvc.RootResourceInformation)
2020-03-10 10:15:38.169 [main] [] INFO  o.s.d.r.w.RepositoryRestHandlerMapping - Mapped "{[/{repository}],methods=[GET],produces=[application/x-spring-data-compact+json || text/uri-list]}" onto public org.springframework.hateoas.Resources<?> org.springframework.data.rest.webmvc.RepositoryEntityController.getCollectionResourceCompact(org.springframework.data.rest.webmvc.RootResourceInformation,org.springframework.data.rest.webmvc.support.DefaultedPageable,org.springframework.data.domain.Sort,org.springframework.data.rest.webmvc.PersistentEntityResourceAssembler) throws org.springframework.data.rest.webmvc.ResourceNotFoundException,org.springframework.web.HttpRequestMethodNotSupportedException
2020-03-10 10:15:38.170 [main] [] INFO  o.s.d.r.w.RepositoryRestHandlerMapping - Mapped "{[/{repository}],methods=[POST],produces=[application/hal+json || application/json]}" onto public org.springframework.http.ResponseEntity<org.springframework.hateoas.ResourceSupport> org.springframework.data.rest.webmvc.RepositoryEntityController.postCollectionResource(org.springframework.data.rest.webmvc.RootResourceInformation,org.springframework.data.rest.webmvc.PersistentEntityResource,org.springframework.data.rest.webmvc.PersistentEntityResourceAssembler,java.lang.String) throws org.springframework.web.HttpRequestMethodNotSupportedException
2020-03-10 10:15:38.170 [main] [] INFO  o.s.d.r.w.RepositoryRestHandlerMapping - Mapped "{[/{repository}/{id}],methods=[OPTIONS],produces=[application/hal+json || application/json]}" onto public org.springframework.http.ResponseEntity<?> org.springframework.data.rest.webmvc.RepositoryEntityController.optionsForItemResource(org.springframework.data.rest.webmvc.RootResourceInformation)
2020-03-10 10:15:38.170 [main] [] INFO  o.s.d.r.w.RepositoryRestHandlerMapping - Mapped "{[/{repository}/{id}],methods=[HEAD],produces=[application/hal+json || application/json]}" onto public org.springframework.http.ResponseEntity<?> org.springframework.data.rest.webmvc.RepositoryEntityController.headForItemResource(org.springframework.data.rest.webmvc.RootResourceInformation,java.io.Serializable,org.springframework.data.rest.webmvc.PersistentEntityResourceAssembler) throws org.springframework.web.HttpRequestMethodNotSupportedException
2020-03-10 10:15:38.171 [main] [] INFO  o.s.d.r.w.RepositoryRestHandlerMapping - Mapped "{[/{repository}/{id}],methods=[PATCH],produces=[application/hal+json || application/json]}" onto public org.springframework.http.ResponseEntity<org.springframework.hateoas.ResourceSupport> org.springframework.data.rest.webmvc.RepositoryEntityController.patchItemResource(org.springframework.data.rest.webmvc.RootResourceInformation,org.springframework.data.rest.webmvc.PersistentEntityResource,java.io.Serializable,org.springframework.data.rest.webmvc.PersistentEntityResourceAssembler,org.springframework.data.rest.webmvc.support.ETag,java.lang.String) throws org.springframework.web.HttpRequestMethodNotSupportedException,org.springframework.data.rest.webmvc.ResourceNotFoundException
2020-03-10 10:15:38.171 [main] [] INFO  o.s.d.r.w.RepositoryRestHandlerMapping - Mapped "{[/{repository}/{id}],methods=[DELETE],produces=[application/hal+json || application/json]}" onto public org.springframework.http.ResponseEntity<?> org.springframework.data.rest.webmvc.RepositoryEntityController.deleteItemResource(org.springframework.data.rest.webmvc.RootResourceInformation,java.io.Serializable,org.springframework.data.rest.webmvc.support.ETag) throws org.springframework.data.rest.webmvc.ResourceNotFoundException,org.springframework.web.HttpRequestMethodNotSupportedException
2020-03-10 10:15:38.172 [main] [] INFO  o.s.d.r.w.RepositoryRestHandlerMapping - Mapped "{[/{repository}/{id}],methods=[GET],produces=[application/hal+json || application/json]}" onto public org.springframework.http.ResponseEntity<org.springframework.hateoas.Resource<?>> org.springframework.data.rest.webmvc.RepositoryEntityController.getItemResource(org.springframework.data.rest.webmvc.RootResourceInformation,java.io.Serializable,org.springframework.data.rest.webmvc.PersistentEntityResourceAssembler,org.springframework.http.HttpHeaders) throws org.springframework.web.HttpRequestMethodNotSupportedException
2020-03-10 10:15:38.172 [main] [] INFO  o.s.d.r.w.RepositoryRestHandlerMapping - Mapped "{[/{repository}/{id}],methods=[PUT],produces=[application/hal+json || application/json]}" onto public org.springframework.http.ResponseEntity<? extends org.springframework.hateoas.ResourceSupport> org.springframework.data.rest.webmvc.RepositoryEntityController.putItemResource(org.springframework.data.rest.webmvc.RootResourceInformation,org.springframework.data.rest.webmvc.PersistentEntityResource,java.io.Serializable,org.springframework.data.rest.webmvc.PersistentEntityResourceAssembler,org.springframework.data.rest.webmvc.support.ETag,java.lang.String) throws org.springframework.web.HttpRequestMethodNotSupportedException
2020-03-10 10:15:38.174 [main] [] INFO  o.s.d.r.w.RepositoryRestHandlerMapping - Mapped "{[/{repository}/{id}/{property}],methods=[GET],produces=[application/x-spring-data-compact+json || text/uri-list]}" onto public org.springframework.http.ResponseEntity<org.springframework.hateoas.ResourceSupport> org.springframework.data.rest.webmvc.RepositoryPropertyReferenceController.followPropertyReferenceCompact(org.springframework.data.rest.webmvc.RootResourceInformation,java.io.Serializable,java.lang.String,org.springframework.data.rest.webmvc.PersistentEntityResourceAssembler) throws java.lang.Exception
2020-03-10 10:15:38.175 [main] [] INFO  o.s.d.r.w.RepositoryRestHandlerMapping - Mapped "{[/{repository}/{id}/{property}/{propertyId}],methods=[DELETE],produces=[application/hal+json || application/json]}" onto public org.springframework.http.ResponseEntity<org.springframework.hateoas.ResourceSupport> org.springframework.data.rest.webmvc.RepositoryPropertyReferenceController.deletePropertyReferenceId(org.springframework.data.rest.webmvc.RootResourceInformation,java.io.Serializable,java.lang.String,java.lang.String) throws java.lang.Exception
2020-03-10 10:15:38.175 [main] [] INFO  o.s.d.r.w.RepositoryRestHandlerMapping - Mapped "{[/{repository}/{id}/{property}/{propertyId}],methods=[GET],produces=[application/hal+json || application/json]}" onto public org.springframework.http.ResponseEntity<org.springframework.hateoas.ResourceSupport> org.springframework.data.rest.webmvc.RepositoryPropertyReferenceController.followPropertyReference(org.springframework.data.rest.webmvc.RootResourceInformation,java.io.Serializable,java.lang.String,java.lang.String,org.springframework.data.rest.webmvc.PersistentEntityResourceAssembler) throws java.lang.Exception
2020-03-10 10:15:38.176 [main] [] INFO  o.s.d.r.w.RepositoryRestHandlerMapping - Mapped "{[/{repository}/{id}/{property}],methods=[GET],produces=[application/hal+json || application/json]}" onto public org.springframework.http.ResponseEntity<org.springframework.hateoas.ResourceSupport> org.springframework.data.rest.webmvc.RepositoryPropertyReferenceController.followPropertyReference(org.springframework.data.rest.webmvc.RootResourceInformation,java.io.Serializable,java.lang.String,org.springframework.data.rest.webmvc.PersistentEntityResourceAssembler) throws java.lang.Exception
2020-03-10 10:15:38.177 [main] [] INFO  o.s.d.r.w.RepositoryRestHandlerMapping - Mapped "{[/{repository}/{id}/{property}],methods=[PATCH || PUT || POST],consumes=[application/json || application/x-spring-data-compact+json || text/uri-list],produces=[application/hal+json || application/json]}" onto public org.springframework.http.ResponseEntity<? extends org.springframework.hateoas.ResourceSupport> org.springframework.data.rest.webmvc.RepositoryPropertyReferenceController.createPropertyReference(org.springframework.data.rest.webmvc.RootResourceInformation,org.springframework.http.HttpMethod,org.springframework.hateoas.Resources<java.lang.Object>,java.io.Serializable,java.lang.String) throws java.lang.Exception
2020-03-10 10:15:38.177 [main] [] INFO  o.s.d.r.w.RepositoryRestHandlerMapping - Mapped "{[/{repository}/{id}/{property}],methods=[DELETE],produces=[application/hal+json || application/json]}" onto public org.springframework.http.ResponseEntity<? extends org.springframework.hateoas.ResourceSupport> org.springframework.data.rest.webmvc.RepositoryPropertyReferenceController.deletePropertyReference(org.springframework.data.rest.webmvc.RootResourceInformation,java.io.Serializable,java.lang.String) throws java.lang.Exception
2020-03-10 10:15:38.178 [main] [] INFO  o.s.d.r.w.RepositoryRestHandlerMapping - Mapped "{[/{repository}/search],methods=[OPTIONS],produces=[application/hal+json || application/json]}" onto public org.springframework.http.HttpEntity<?> org.springframework.data.rest.webmvc.RepositorySearchController.optionsForSearches(org.springframework.data.rest.webmvc.RootResourceInformation)
2020-03-10 10:15:38.179 [main] [] INFO  o.s.d.r.w.RepositoryRestHandlerMapping - Mapped "{[/{repository}/search/{search}],methods=[GET],produces=[application/x-spring-data-compact+json]}" onto public org.springframework.hateoas.ResourceSupport org.springframework.data.rest.webmvc.RepositorySearchController.executeSearchCompact(org.springframework.data.rest.webmvc.RootResourceInformation,org.springframework.http.HttpHeaders,org.springframework.util.MultiValueMap<java.lang.String, java.lang.Object>,java.lang.String,java.lang.String,org.springframework.data.rest.webmvc.support.DefaultedPageable,org.springframework.data.domain.Sort,org.springframework.data.rest.webmvc.PersistentEntityResourceAssembler)
2020-03-10 10:15:38.180 [main] [] INFO  o.s.d.r.w.RepositoryRestHandlerMapping - Mapped "{[/{repository}/search/{search}],methods=[OPTIONS],produces=[application/hal+json || application/json]}" onto public org.springframework.http.ResponseEntity<java.lang.Object> org.springframework.data.rest.webmvc.RepositorySearchController.optionsForSearch(org.springframework.data.rest.webmvc.RootResourceInformation,java.lang.String)
2020-03-10 10:15:38.181 [main] [] INFO  o.s.d.r.w.RepositoryRestHandlerMapping - Mapped "{[/{repository}/search],methods=[GET],produces=[application/hal+json || application/json]}" onto public org.springframework.data.rest.webmvc.RepositorySearchesResource org.springframework.data.rest.webmvc.RepositorySearchController.listSearches(org.springframework.data.rest.webmvc.RootResourceInformation)
2020-03-10 10:15:38.182 [main] [] INFO  o.s.d.r.w.RepositoryRestHandlerMapping - Mapped "{[/{repository}/search/{search}],methods=[GET],produces=[application/hal+json || application/json]}" onto public org.springframework.http.ResponseEntity<?> org.springframework.data.rest.webmvc.RepositorySearchController.executeSearch(org.springframework.data.rest.webmvc.RootResourceInformation,org.springframework.util.MultiValueMap<java.lang.String, java.lang.Object>,java.lang.String,org.springframework.data.rest.webmvc.support.DefaultedPageable,org.springframework.data.domain.Sort,org.springframework.data.rest.webmvc.PersistentEntityResourceAssembler,org.springframework.http.HttpHeaders)
2020-03-10 10:15:38.182 [main] [] INFO  o.s.d.r.w.RepositoryRestHandlerMapping - Mapped "{[/{repository}/search],methods=[HEAD],produces=[application/hal+json || application/json]}" onto public org.springframework.http.HttpEntity<?> org.springframework.data.rest.webmvc.RepositorySearchController.headForSearches(org.springframework.data.rest.webmvc.RootResourceInformation)
2020-03-10 10:15:38.182 [main] [] INFO  o.s.d.r.w.RepositoryRestHandlerMapping - Mapped "{[/{repository}/search/{search}],methods=[HEAD],produces=[application/hal+json || application/json]}" onto public org.springframework.http.ResponseEntity<java.lang.Object> org.springframework.data.rest.webmvc.RepositorySearchController.headForSearch(org.springframework.data.rest.webmvc.RootResourceInformation,java.lang.String)
2020-03-10 10:15:38.183 [main] [] INFO  o.s.d.r.w.RepositoryRestHandlerMapping - Mapped "{[/ || ],methods=[HEAD],produces=[application/hal+json || application/json]}" onto public org.springframework.http.ResponseEntity<?> org.springframework.data.rest.webmvc.RepositoryController.headForRepositories()
2020-03-10 10:15:38.184 [main] [] INFO  o.s.d.r.w.RepositoryRestHandlerMapping - Mapped "{[/ || ],methods=[OPTIONS],produces=[application/hal+json || application/json]}" onto public org.springframework.http.HttpEntity<?> org.springframework.data.rest.webmvc.RepositoryController.optionsForRepositories()
2020-03-10 10:15:38.184 [main] [] INFO  o.s.d.r.w.RepositoryRestHandlerMapping - Mapped "{[/ || ],methods=[GET],produces=[application/hal+json || application/json]}" onto public org.springframework.http.HttpEntity<org.springframework.data.rest.webmvc.RepositoryLinksResource> org.springframework.data.rest.webmvc.RepositoryController.listRepositories()
2020-03-10 10:15:38.188 [main] [] INFO  o.s.d.r.w.BasePathAwareHandlerMapping - Mapped "{[/profile],methods=[GET]}" onto org.springframework.http.HttpEntity<org.springframework.hateoas.ResourceSupport> org.springframework.data.rest.webmvc.ProfileController.listAllFormsOfMetadata()
2020-03-10 10:15:38.189 [main] [] INFO  o.s.d.r.w.BasePathAwareHandlerMapping - Mapped "{[/profile],methods=[OPTIONS]}" onto public org.springframework.http.HttpEntity<?> org.springframework.data.rest.webmvc.ProfileController.profileOptions()
2020-03-10 10:15:38.189 [main] [] INFO  o.s.d.r.w.BasePathAwareHandlerMapping - Mapped "{[/profile/{repository}],methods=[GET],produces=[application/alps+json || */*]}" onto org.springframework.http.HttpEntity<org.springframework.data.rest.webmvc.RootResourceInformation> org.springframework.data.rest.webmvc.alps.AlpsController.descriptor(org.springframework.data.rest.webmvc.RootResourceInformation)
2020-03-10 10:15:38.189 [main] [] INFO  o.s.d.r.w.BasePathAwareHandlerMapping - Mapped "{[/profile/{repository}],methods=[OPTIONS],produces=[application/alps+json]}" onto org.springframework.http.HttpEntity<?> org.springframework.data.rest.webmvc.alps.AlpsController.alpsOptions()
2020-03-10 10:15:38.190 [main] [] INFO  o.s.d.r.w.BasePathAwareHandlerMapping - Mapped "{[/profile/{repository}],methods=[GET],produces=[application/schema+json]}" onto public org.springframework.http.HttpEntity<org.springframework.data.rest.webmvc.json.JsonSchema> org.springframework.data.rest.webmvc.RepositorySchemaController.schema(org.springframework.data.rest.webmvc.RootResourceInformation)
2020-03-10 10:15:38.568 [main] [] INFO  o.s.j.e.a.AnnotationMBeanExporter - Registering beans for JMX exposure on startup
2020-03-10 10:15:38.570 [main] [] INFO  o.s.j.e.a.AnnotationMBeanExporter - Bean with name 'dataSourceContextSource' has been autodetected for JMX exposure
2020-03-10 10:15:38.578 [main] [] INFO  o.s.j.e.a.AnnotationMBeanExporter - Located MBean 'dataSourceContextSource': registering with JMX server as MBean [com.zaxxer.hikari:name=dataSourceContextSource,type=HikariDataSource]
2020-03-10 10:15:38.609 [main] [] INFO  o.a.coyote.http11.Http11NioProtocol - Starting ProtocolHandler ["http-nio-8181"]
2020-03-10 10:15:38.654 [main] [] INFO  o.a.tomcat.util.net.NioSelectorPool - Using a shared selector for servlet write/read
2020-03-10 10:15:38.726 [main] [] INFO  o.s.b.c.e.t.TomcatEmbeddedServletContainer - Tomcat started on port(s): 8181 (http)
2020-03-10 10:15:38.736 [main] [] INFO  c.t.TransportSecurityApplication - Started TransportSecurityApplication in 23.683 seconds (JVM running for 26.567)
2020-03-10 10:15:43.792 [http-nio-8181-exec-2] [] INFO  o.a.c.c.C.[Tomcat].[localhost].[/] - Initializing Spring FrameworkServlet 'dispatcherServlet'
2020-03-10 10:15:43.792 [http-nio-8181-exec-2] [] INFO  o.s.web.servlet.DispatcherServlet - FrameworkServlet 'dispatcherServlet': initialization started
2020-03-10 10:15:43.822 [http-nio-8181-exec-2] [] INFO  o.s.web.servlet.DispatcherServlet - FrameworkServlet 'dispatcherServlet': initialization completed in 30 ms
2020-03-10 10:15:43.859 [http-nio-8181-exec-2] [] INFO  c.t.filter.TransportSecurityFilter - TransportSecurityFilter : Transport transaction initiated with Transaction Id 22d468c9-08fd-4c14-9c2f-b6357bc4ce38 request method GET
2020-03-10 10:15:43.859 [http-nio-8181-exec-2] [22d468c9-08fd-4c14-9c2f-b6357bc4ce38] DEBUG c.t.filter.TransportSecurityFilter - userId : null
2020-03-10 10:15:43.859 [http-nio-8181-exec-2] [22d468c9-08fd-4c14-9c2f-b6357bc4ce38] DEBUG c.t.filter.TransportSecurityFilter - role : null
2020-03-10 10:15:43.859 [http-nio-8181-exec-2] [22d468c9-08fd-4c14-9c2f-b6357bc4ce38] INFO  c.t.filter.TransportSecurityFilter - Transport Security filter : path /trspt/api/v1/getAllBlogs resource path http://localhost:8182/trspt/api/v1/getAllBlogs
2020-03-10 10:15:43.859 [http-nio-8181-exec-2] [22d468c9-08fd-4c14-9c2f-b6357bc4ce38] DEBUG c.t.filter.TransportSecurityFilter - error codeTR1018
2020-03-10 10:15:43.859 [http-nio-8181-exec-2] [22d468c9-08fd-4c14-9c2f-b6357bc4ce38] DEBUG c.t.filter.TransportSecurityFilter - error MessageUser id or role is required ! please try again
2020-03-10 10:18:13.378 [http-nio-8181-exec-5] [] INFO  c.t.filter.TransportSecurityFilter - TransportSecurityFilter : Transport transaction initiated with Transaction Id e771b692-2a58-4701-a204-e46aaaa5dff8 request method GET
2020-03-10 10:18:13.379 [http-nio-8181-exec-5] [e771b692-2a58-4701-a204-e46aaaa5dff8] DEBUG c.t.filter.TransportSecurityFilter - userId : d55335cb-06e5-4d32-b813-a33becd10813
2020-03-10 10:18:13.379 [http-nio-8181-exec-5] [e771b692-2a58-4701-a204-e46aaaa5dff8] DEBUG c.t.filter.TransportSecurityFilter - role : d55335cb-06e5-4d32-b813-a33becd10813
2020-03-10 10:18:13.379 [http-nio-8181-exec-5] [e771b692-2a58-4701-a204-e46aaaa5dff8] INFO  c.t.filter.TransportSecurityFilter - Transport Security filter : path /trspt/api/v1/getAllBlogs resource path http://localhost:8182/trspt/api/v1/getAllBlogs
2020-03-10 10:18:23.686 [http-nio-8181-exec-5] [e771b692-2a58-4701-a204-e46aaaa5dff8] ERROR c.t.filter.TransportSecurityFilter - Read timed out
java.net.SocketTimeoutException: Read timed out
	at java.net.SocketInputStream.socketRead0(Native Method)
	at java.net.SocketInputStream.socketRead(Unknown Source)
	at java.net.SocketInputStream.read(Unknown Source)
	at java.net.SocketInputStream.read(Unknown Source)
	at okio.Okio$2.read(Okio.java:140)
	at okio.AsyncTimeout$2.read(AsyncTimeout.java:237)
	at okio.RealBufferedSource.indexOf(RealBufferedSource.java:355)
	at okio.RealBufferedSource.readUtf8LineStrict(RealBufferedSource.java:227)
	at okhttp3.internal.http1.Http1Codec.readHeaderLine(Http1Codec.java:215)
	at okhttp3.internal.http1.Http1Codec.readResponseHeaders(Http1Codec.java:189)
	at okhttp3.internal.http.CallServerInterceptor.intercept(CallServerInterceptor.java:88)
	at okhttp3.internal.http.RealInterceptorChain.proceed(RealInterceptorChain.java:147)
	at okhttp3.internal.connection.ConnectInterceptor.intercept(ConnectInterceptor.java:45)
	at okhttp3.internal.http.RealInterceptorChain.proceed(RealInterceptorChain.java:147)
	at okhttp3.internal.http.RealInterceptorChain.proceed(RealInterceptorChain.java:121)
	at okhttp3.internal.cache.CacheInterceptor.intercept(CacheInterceptor.java:93)
	at okhttp3.internal.http.RealInterceptorChain.proceed(RealInterceptorChain.java:147)
	at okhttp3.internal.http.RealInterceptorChain.proceed(RealInterceptorChain.java:121)
	at okhttp3.internal.http.BridgeInterceptor.intercept(BridgeInterceptor.java:93)
	at okhttp3.internal.http.RealInterceptorChain.proceed(RealInterceptorChain.java:147)
	at okhttp3.internal.http.RetryAndFollowUpInterceptor.intercept(RetryAndFollowUpInterceptor.java:126)
	at okhttp3.internal.http.RealInterceptorChain.proceed(RealInterceptorChain.java:147)
	at okhttp3.internal.http.RealInterceptorChain.proceed(RealInterceptorChain.java:121)
	at okhttp3.RealCall.getResponseWithInterceptorChain(RealCall.java:200)
	at okhttp3.RealCall.execute(RealCall.java:77)
	at com.transport.filter.TransportSecurityFilter.get(TransportSecurityFilter.java:282)
	at com.transport.filter.TransportSecurityFilter.doFilter(TransportSecurityFilter.java:156)
	at org.apache.catalina.core.ApplicationFilterChain.internalDoFilter(ApplicationFilterChain.java:193)
	at org.apache.catalina.core.ApplicationFilterChain.doFilter(ApplicationFilterChain.java:166)
	at org.springframework.web.filter.RequestContextFilter.doFilterInternal(RequestContextFilter.java:99)
	at org.springframework.web.filter.OncePerRequestFilter.doFilter(OncePerRequestFilter.java:107)
	at org.apache.catalina.core.ApplicationFilterChain.internalDoFilter(ApplicationFilterChain.java:193)
	at org.apache.catalina.core.ApplicationFilterChain.doFilter(ApplicationFilterChain.java:166)
	at org.springframework.web.filter.HttpPutFormContentFilter.doFilterInternal(HttpPutFormContentFilter.java:109)
	at org.springframework.web.filter.OncePerRequestFilter.doFilter(OncePerRequestFilter.java:107)
	at org.apache.catalina.core.ApplicationFilterChain.internalDoFilter(ApplicationFilterChain.java:193)
	at org.apache.catalina.core.ApplicationFilterChain.doFilter(ApplicationFilterChain.java:166)
	at org.springframework.web.filter.HiddenHttpMethodFilter.doFilterInternal(HiddenHttpMethodFilter.java:93)
	at org.springframework.web.filter.OncePerRequestFilter.doFilter(OncePerRequestFilter.java:107)
	at org.apache.catalina.core.ApplicationFilterChain.internalDoFilter(ApplicationFilterChain.java:193)
	at org.apache.catalina.core.ApplicationFilterChain.doFilter(ApplicationFilterChain.java:166)
	at org.springframework.web.filter.CharacterEncodingFilter.doFilterInternal(CharacterEncodingFilter.java:197)
	at org.springframework.web.filter.OncePerRequestFilter.doFilter(OncePerRequestFilter.java:107)
	at org.apache.catalina.core.ApplicationFilterChain.internalDoFilter(ApplicationFilterChain.java:193)
	at org.apache.catalina.core.ApplicationFilterChain.doFilter(ApplicationFilterChain.java:166)
	at org.apache.catalina.core.StandardWrapperValve.invoke(StandardWrapperValve.java:199)
	at org.apache.catalina.core.StandardContextValve.invoke(StandardContextValve.java:96)
	at org.apache.catalina.authenticator.AuthenticatorBase.invoke(AuthenticatorBase.java:493)
	at org.apache.catalina.core.StandardHostValve.invoke(StandardHostValve.java:137)
	at org.apache.catalina.valves.ErrorReportValve.invoke(ErrorReportValve.java:81)
	at org.apache.catalina.core.StandardEngineValve.invoke(StandardEngineValve.java:87)
	at org.apache.catalina.connector.CoyoteAdapter.service(CoyoteAdapter.java:343)
	at org.apache.coyote.http11.Http11Processor.service(Http11Processor.java:798)
	at org.apache.coyote.AbstractProcessorLight.process(AbstractProcessorLight.java:66)
	at org.apache.coyote.AbstractProtocol$ConnectionHandler.process(AbstractProtocol.java:806)
	at org.apache.tomcat.util.net.NioEndpoint$SocketProcessor.doRun(NioEndpoint.java:1498)
	at org.apache.tomcat.util.net.SocketProcessorBase.run(SocketProcessorBase.java:49)
	at java.util.concurrent.ThreadPoolExecutor.runWorker(Unknown Source)
	at java.util.concurrent.ThreadPoolExecutor$Worker.run(Unknown Source)
	at org.apache.tomcat.util.threads.TaskThread$WrappingRunnable.run(TaskThread.java:61)
	at java.lang.Thread.run(Unknown Source)
2020-03-10 10:18:23.687 [http-nio-8181-exec-5] [e771b692-2a58-4701-a204-e46aaaa5dff8] DEBUG c.t.filter.TransportSecurityFilter - error codeTR1001
2020-03-10 10:18:23.687 [http-nio-8181-exec-5] [e771b692-2a58-4701-a204-e46aaaa5dff8] DEBUG c.t.filter.TransportSecurityFilter - error MessageYour request is unsuccessful !
2020-03-10 10:18:51.795 [http-nio-8181-exec-6] [] INFO  c.t.filter.TransportSecurityFilter - TransportSecurityFilter : Transport transaction initiated with Transaction Id a50ca05a-0c7a-46d6-a563-80b44ccbed58 request method GET
2020-03-10 10:18:51.795 [http-nio-8181-exec-6] [a50ca05a-0c7a-46d6-a563-80b44ccbed58] DEBUG c.t.filter.TransportSecurityFilter - userId : d55335cb-06e5-4d32-b813-a33becd10813
2020-03-10 10:18:51.796 [http-nio-8181-exec-6] [a50ca05a-0c7a-46d6-a563-80b44ccbed58] DEBUG c.t.filter.TransportSecurityFilter - role : d55335cb-06e5-4d32-b813-a33becd10813
2020-03-10 10:18:51.796 [http-nio-8181-exec-6] [a50ca05a-0c7a-46d6-a563-80b44ccbed58] INFO  c.t.filter.TransportSecurityFilter - Transport Security filter : path /trspt/api/v1/getAllBlogs resource path http://localhost:8182/trspt/api/v1/getAllBlogs
